POS/login.c:47:13: error: Resource leak: fp [resourceLeak]
            return 0;
            ^
POS/login.c:15:24: style:inconclusive: Function 'process_login' argument 1 names different: declaration 'data' definition 'date'. [funcArgNamesDifferent]
int process_login(char date[]) {
                       ^
POS/login.h:4:24: note: Function 'process_login' argument 1 names different: declaration 'data' definition 'date'.
int process_login(char data[]);
                       ^
POS/login.c:15:24: note: Function 'process_login' argument 1 names different: declaration 'data' definition 'date'.
int process_login(char date[]) {
                       ^
POS/payment_prompts.c:195:9: warning: %lld in format string (no. 2) requires 'long long' but the argument type is 'signed long'. [invalidPrintfArgType_sint]
        printf("%s\t%lld\t%lld\n", table->products[i].name, table->products[i].price, table->products[i].amount);
        ^
POS/payment_prompts.c:195:9: warning: %lld in format string (no. 3) requires 'long long' but the argument type is 'signed long'. [invalidPrintfArgType_sint]
        printf("%s\t%lld\t%lld\n", table->products[i].name, table->products[i].price, table->products[i].amount);
        ^
POS/payment_prompts.c:311:20: warning: sscanf() without field width limits can crash with huge input data. [invalidscanf]
        if ((ret = sscanf(input, "%[a-zA-Z ]", tmp)) != 1) break; // 상품명 읽기
                   ^
POS/payment_prompts.c:322:20: warning: sscanf() without field width limits can crash with huge input data. [invalidscanf]
        if ((ret = sscanf(input, "%[0-9.]", tmp)) != 1) break; // 상품 갯수 읽기
                   ^
POS/payment_prompts.c:103:13: style: The scope of the variable 'flag' can be reduced. [variableScope]
        int flag = 0;
            ^
POS/payment_prompts.c:42:25: style:inconclusive: Function 'get_total_price' argument 1 names different: declaration 'table' definition 'table_num'. [funcArgNamesDifferent]
int get_total_price(int table_num) {
                        ^
POS/payment_prompts.h:13:25: note: Function 'get_total_price' argument 1 names different: declaration 'table' definition 'table_num'.
int get_total_price(int table);
                        ^
POS/payment_prompts.c:42:25: note: Function 'get_total_price' argument 1 names different: declaration 'table' definition 'table_num'.
int get_total_price(int table_num) {
                        ^
POS/payment_prompts.c:55:26: style:inconclusive: Function 'pay_all_at_once' argument 1 names different: declaration 'table' definition 'table_num'. [funcArgNamesDifferent]
void pay_all_at_once(int table_num) {
                         ^
POS/payment_prompts.h:6:26: note: Function 'pay_all_at_once' argument 1 names different: declaration 'table' definition 'table_num'.
void pay_all_at_once(int table);
                         ^
POS/payment_prompts.c:55:26: note: Function 'pay_all_at_once' argument 1 names different: declaration 'table' definition 'table_num'.
void pay_all_at_once(int table_num) {
                         ^
POS/payment_prompts.c:78:25: style:inconclusive: Function 'pay_with_ratio' argument 1 names different: declaration 'table' definition 'table_num'. [funcArgNamesDifferent]
void pay_with_ratio(int table_num) {
                        ^
POS/payment_prompts.h:8:25: note: Function 'pay_with_ratio' argument 1 names different: declaration 'table' definition 'table_num'.
void pay_with_ratio(int table);
                        ^
POS/payment_prompts.c:78:25: note: Function 'pay_with_ratio' argument 1 names different: declaration 'table' definition 'table_num'.
void pay_with_ratio(int table_num) {
                        ^
POS/payment_prompts.c:175:24: style:inconclusive: Function 'pay_partially' argument 1 names different: declaration 'table' definition 'table_num'. [funcArgNamesDifferent]
void pay_partially(int table_num) {
                       ^
POS/payment_prompts.h:10:24: note: Function 'pay_partially' argument 1 names different: declaration 'table' definition 'table_num'.
void pay_partially(int table);
                       ^
POS/payment_prompts.c:175:24: note: Function 'pay_partially' argument 1 names different: declaration 'table' definition 'table_num'.
void pay_partially(int table_num) {
                       ^
POS/payment_prompts.c:250:23: style:inconclusive: Function 'end_purchase' argument 1 names different: declaration 'table' definition 'tablenum'. [funcArgNamesDifferent]
void end_purchase(int tablenum) {
                      ^
POS/payment_prompts.h:20:23: note: Function 'end_purchase' argument 1 names different: declaration 'table' definition 'tablenum'.
void end_purchase(int table);
                      ^
POS/payment_prompts.c:250:23: note: Function 'end_purchase' argument 1 names different: declaration 'table' definition 'tablenum'.
void end_purchase(int tablenum) {
                      ^
POS/payment_prompts.c:284:21: style:inconclusive: Function 'partial_pay' argument 1 names different: declaration 'table' definition 'table_num'. [funcArgNamesDifferent]
int partial_pay(int table_num, char* input) {
                    ^
POS/payment_prompts.h:24:21: note: Function 'partial_pay' argument 1 names different: declaration 'table' definition 'table_num'.
int partial_pay(int table, char *string);
                    ^
POS/payment_prompts.c:284:21: note: Function 'partial_pay' argument 1 names different: declaration 'table' definition 'table_num'.
int partial_pay(int table_num, char* input) {
                    ^
POS/payment_prompts.c:284:38: style:inconclusive: Function 'partial_pay' argument 2 names different: declaration 'string' definition 'input'. [funcArgNamesDifferent]
int partial_pay(int table_num, char* input) {
                                     ^
POS/payment_prompts.h:24:34: note: Function 'partial_pay' argument 2 names different: declaration 'string' definition 'input'.
int partial_pay(int table, char *string);
                                 ^
POS/payment_prompts.c:284:38: note: Function 'partial_pay' argument 2 names different: declaration 'string' definition 'input'.
int partial_pay(int table_num, char* input) {
                                     ^
POS/payment_prompts.c:379:18: style: Local variable 'tmp' shadows outer variable [shadowVariable]
            char tmp[16];
                 ^
POS/payment_prompts.c:287:11: note: Shadowed declaration
    char* tmp = malloc(sizeof(char) * (strlen(input) + 1)); // 원본 문자열과 동일한 크기의 임시 배열
          ^
POS/payment_prompts.c:379:18: note: Shadow variable
            char tmp[16];
                 ^
POS/payment_prompts.c:430:26: style: Local variable 'i' shadows outer variable [shadowVariable]
            for (int64_t i = index; i < updateLength; i++) { //앞으로 한칸씩 땡김
                         ^
POS/payment_prompts.c:412:14: note: Shadowed declaration
    for (int i = 0; i < arr_size; i++) {
             ^
POS/payment_prompts.c:430:26: note: Shadow variable
            for (int64_t i = index; i < updateLength; i++) { //앞으로 한칸씩 땡김
                         ^
POS/payment_prompts.c:82:11: style: Unused variable: confirm_str [unusedVariable]
    char* confirm_str;
          ^
POS/pos_main.c:56:17: style: Local variable 'date' shadows outer variable [shadowVariable]
            int date = latest_login_date % 100;
                ^
POS/pos_main.c:16:5: note: Shadowed declaration
int date; // 로그인된 날짜
    ^
POS/pos_main.c:56:17: note: Shadow variable
            int date = latest_login_date % 100;
                ^
POS/product.c:351:9: warning: %lld in format string (no. 2) requires 'long long' but the argument type is 'signed long'. [invalidPrintfArgType_sint]
        fprintf(fp, "%-15s\t\t%lld\n", all_products.products[i].name, all_products.products[i].price);
        ^
POS/product.c:35:9: style: The scope of the variable 'c' can be reduced. [variableScope]
    int c;
        ^
POS/product.c:208:8: warning: Storing getc() return value in char variable and then comparing with EOF. [checkCastIntToCharAndBack]
    if(c == EOF)//파일 끝
       ^
POS/product.c:238:29: warning: Storing getc() return value in char variable and then comparing with EOF. [checkCastIntToCharAndBack]
            if(c == '\n' || c == EOF)//탭보다 먼저 나오면 에러
                            ^
POS/product.c:262:46: warning: Storing getc() return value in char variable and then comparing with EOF. [checkCastIntToCharAndBack]
    if(c != ' ' && c != '\t' && c != '\n' && c != EOF)
                                             ^
POS/product.c:270:21: warning: Storing getc() return value in char variable and then comparing with EOF. [checkCastIntToCharAndBack]
    if(c != '\n' && c != EOF)//이 두 개가 아닌 다른게 나오면
                    ^
POS/sell_prompts.c:123:9: warning: %lld in format string (no. 3) requires 'long long' but the argument type is 'signed long'. [invalidPrintfArgType_sint]
        printf("\t%d.%s\t%lld\t%lld\n", i+1, table->products[i].name, table->products[i].price, table->products[i].amount);
        ^
POS/sell_prompts.c:123:9: warning: %lld in format string (no. 4) requires 'long long' but the argument type is 'signed long'. [invalidPrintfArgType_sint]
        printf("\t%d.%s\t%lld\t%lld\n", i+1, table->products[i].name, table->products[i].price, table->products[i].amount);
        ^
POS/sell_prompts.c:153:9: warning: %lld in format string (no. 3) requires 'long long' but the argument type is 'signed long'. [invalidPrintfArgType_sint]
        printf("%d. %s\t%lld\n", i + 1, all_products.products[i].name, all_products.products[i].price);
        ^
POS/sell_prompts.c:22:9: style: The scope of the variable 'table_num' can be reduced. [variableScope]
    int table_num;
        ^
POS/settlement.c:39:13: warning: %lld in format string (no. 2) requires 'long long' but the argument type is 'signed long'. [invalidPrintfArgType_sint]
            fprintf(fp, "%s\t%lld\t%lld\t%lld\n", all_products.products[i].name, all_products.products[i].price, all_products.products[i].amount, all_products.products[i].price * all_products.products[i].amount);
            ^
POS/settlement.c:39:13: warning: %lld in format string (no. 3) requires 'long long' but the argument type is 'signed long'. [invalidPrintfArgType_sint]
            fprintf(fp, "%s\t%lld\t%lld\t%lld\n", all_products.products[i].name, all_products.products[i].price, all_products.products[i].amount, all_products.products[i].price * all_products.products[i].amount);
            ^
POS/settlement.c:39:13: warning: %lld in format string (no. 4) requires 'long long' but the argument type is 'signed long'. [invalidPrintfArgType_sint]
            fprintf(fp, "%s\t%lld\t%lld\t%lld\n", all_products.products[i].name, all_products.products[i].price, all_products.products[i].amount, all_products.products[i].price * all_products.products[i].amount);
            ^
POS/settlement.c:74:17: error: Resource leak: fp [resourceLeak]
                return;
                ^
POS/settlement.c:83:9: error: Resource leak: fp [resourceLeak]
        return;
        ^
POS/settlement.c:23:9: style: The scope of the variable 'sum' can be reduced. [variableScope]
    int sum = 0;
        ^
POS/settlement.c:49:10: style: The scope of the variable 'c' can be reduced. [variableScope]
    char c;
         ^
POS/settlement.c:208:24: style: Local variable 'date' shadows outer variable [shadowVariable]
    char checkdate[9], date[9];
                       ^
POS/settlement.c:19:12: note: Shadowed declaration
extern int date;
           ^
POS/settlement.c:208:24: note: Shadow variable
    char checkdate[9], date[9];
                       ^
POS/settlement.c:214:8: warning: Storing getc() return value in char variable and then comparing with EOF. [checkCastIntToCharAndBack]
    if(c == EOF)
       ^
POS/settlement.c:256:22: warning: Storing getc() return value in char variable and then comparing with EOF. [checkCastIntToCharAndBack]
    if (c == '\n' || c == EOF) {
                     ^
POS/settlement.c:273:9: warning: Storing getc() return value in char variable and then comparing with EOF. [checkCastIntToCharAndBack]
    if (c == EOF)//파일 끝
        ^
POS/settlement.c:342:22: warning: Storing getc() return value in char variable and then comparing with EOF. [checkCastIntToCharAndBack]
    if (c == '\n' || c == EOF) {
                     ^
POS/utils.c:252:9: error: Memory leak: p2 [memleak]
        return p2 ? p2 : p;
        ^
POS/utils.c:129:36: style: The comparison 'flag == -1' is always true. [knownConditionTrueFalse]
    for (int i = 0; i < 12 && flag == -1; i++) {
                                   ^
POS/utils.c:128:17: note: 'flag' is assigned value '-1' here.
    int flag = -1;
                ^
POS/utils.c:129:36: note: The comparison 'flag == -1' is always true.
    for (int i = 0; i < 12 && flag == -1; i++) {
                                   ^
POS/utils.c:173:9: style: The scope of the variable 'day' can be reduced. [variableScope]
    int day, year, month, date;
        ^
POS/utils.c:205:13: style: Local variable 'day' shadows outer variable [shadowVariable]
        int day = atoi(date_input);
            ^
POS/utils.c:173:9: note: Shadowed declaration
    int day, year, month, date;
        ^
POS/utils.c:205:13: note: Shadow variable
        int day = atoi(date_input);
            ^
POS/utils.c:243:27: error: Undefined behavior: Variable 'at' is used as parameter and destination in sprintf(). [sprintfOverlappingData]
    sprintf(at, "%s%s%c", at, "posdata", divider);
                          ^
external/dirent/examples/dir.c:172:18: style:inconclusive: Function 'fail' argument 1 names different: declaration 'dirname' definition 'msg'. [funcArgNamesDifferent]
fail(const char* msg)
                 ^
external/dirent/examples/dir.c:44:30: note: Function 'fail' argument 1 names different: declaration 'dirname' definition 'msg'.
static void fail(const char* dirname);
                             ^
external/dirent/examples/dir.c:172:18: note: Function 'fail' argument 1 names different: declaration 'dirname' definition 'msg'.
fail(const char* msg)
                 ^
external/dirent/examples/locate.c:180:10: style: The scope of the variable 'c' can be reduced. [variableScope]
 wchar_t c;
         ^
external/dirent/tests/t-cplusplus.cpp:61:0: information: Skipping configuration '_D_ALLOC_NAMLEN' since the value of '_D_ALLOC_NAMLEN' is unknown. Use -D if you want to check it. You can use -U to skip it explicitly. [ConfigurationNotChecked]
   assert(_D_ALLOC_NAMLEN(ent) > 1);
^
external/dirent/tests/t-cplusplus.cpp:76:0: information: Skipping configuration '_D_ALLOC_NAMLEN' since the value of '_D_ALLOC_NAMLEN' is unknown. Use -D if you want to check it. You can use -U to skip it explicitly. [ConfigurationNotChecked]
   assert(_D_ALLOC_NAMLEN(ent) > 2);
^
external/dirent/tests/t-cplusplus.cpp:91:0: information: Skipping configuration '_D_ALLOC_NAMLEN' since the value of '_D_ALLOC_NAMLEN' is unknown. Use -D if you want to check it. You can use -U to skip it explicitly. [ConfigurationNotChecked]
   assert(_D_ALLOC_NAMLEN(ent) > 4);
^
external/dirent/tests/t-cplusplus.cpp:106:0: information: Skipping configuration '_D_ALLOC_NAMLEN' since the value of '_D_ALLOC_NAMLEN' is unknown. Use -D if you want to check it. You can use -U to skip it explicitly. [ConfigurationNotChecked]
   assert(_D_ALLOC_NAMLEN(ent) > 3);
^
external/dirent/tests/t-cplusplus.cpp:58:0: information: Skipping configuration '_D_EXACT_NAMLEN' since the value of '_D_EXACT_NAMLEN' is unknown. Use -D if you want to check it. You can use -U to skip it explicitly. [ConfigurationNotChecked]
   assert(_D_EXACT_NAMLEN(ent) == 1);
^
external/dirent/tests/t-cplusplus.cpp:73:0: information: Skipping configuration '_D_EXACT_NAMLEN' since the value of '_D_EXACT_NAMLEN' is unknown. Use -D if you want to check it. You can use -U to skip it explicitly. [ConfigurationNotChecked]
   assert(_D_EXACT_NAMLEN(ent) == 2);
^
external/dirent/tests/t-cplusplus.cpp:88:0: information: Skipping configuration '_D_EXACT_NAMLEN' since the value of '_D_EXACT_NAMLEN' is unknown. Use -D if you want to check it. You can use -U to skip it explicitly. [ConfigurationNotChecked]
   assert(_D_EXACT_NAMLEN(ent) == 4);
^
external/dirent/tests/t-cplusplus.cpp:103:0: information: Skipping configuration '_D_EXACT_NAMLEN' since the value of '_D_EXACT_NAMLEN' is unknown. Use -D if you want to check it. You can use -U to skip it explicitly. [ConfigurationNotChecked]
   assert(_D_EXACT_NAMLEN(ent) == 3);
^
external/dirent/tests/t-dirent.c:105:0: information: Skipping configuration 'WIN32;_D_ALLOC_NAMLEN' since the value of '_D_ALLOC_NAMLEN' is unknown. Use -D if you want to check it. You can use -U to skip it explicitly. [ConfigurationNotChecked]
   assert(_D_ALLOC_NAMLEN(ent) > 1);
^
external/dirent/tests/t-dirent.c:120:0: information: Skipping configuration 'WIN32;_D_ALLOC_NAMLEN' since the value of '_D_ALLOC_NAMLEN' is unknown. Use -D if you want to check it. You can use -U to skip it explicitly. [ConfigurationNotChecked]
   assert(_D_ALLOC_NAMLEN(ent) > 2);
^
external/dirent/tests/t-dirent.c:135:0: information: Skipping configuration 'WIN32;_D_ALLOC_NAMLEN' since the value of '_D_ALLOC_NAMLEN' is unknown. Use -D if you want to check it. You can use -U to skip it explicitly. [ConfigurationNotChecked]
   assert(_D_ALLOC_NAMLEN(ent) > 4);
^
external/dirent/tests/t-dirent.c:150:0: information: Skipping configuration 'WIN32;_D_ALLOC_NAMLEN' since the value of '_D_ALLOC_NAMLEN' is unknown. Use -D if you want to check it. You can use -U to skip it explicitly. [ConfigurationNotChecked]
   assert(_D_ALLOC_NAMLEN(ent) > 3);
^
external/dirent/tests/t-dirent.c:370:0: information: Skipping configuration 'WIN32;_D_ALLOC_NAMLEN' since the value of '_D_ALLOC_NAMLEN' is unknown. Use -D if you want to check it. You can use -U to skip it explicitly. [ConfigurationNotChecked]
   assert(_D_ALLOC_NAMLEN(ent) > 8);
^
external/dirent/tests/t-dirent.c:385:0: information: Skipping configuration 'WIN32;_D_ALLOC_NAMLEN' since the value of '_D_ALLOC_NAMLEN' is unknown. Use -D if you want to check it. You can use -U to skip it explicitly. [ConfigurationNotChecked]
   assert(_D_ALLOC_NAMLEN(ent) > 18);
^
external/dirent/tests/t-dirent.c:443:0: information: Skipping configuration 'WIN32;_D_ALLOC_NAMLEN' since the value of '_D_ALLOC_NAMLEN' is unknown. Use -D if you want to check it. You can use -U to skip it explicitly. [ConfigurationNotChecked]
   assert(_D_ALLOC_NAMLEN(entry) > 1);
^
external/dirent/tests/t-dirent.c:458:0: information: Skipping configuration 'WIN32;_D_ALLOC_NAMLEN' since the value of '_D_ALLOC_NAMLEN' is unknown. Use -D if you want to check it. You can use -U to skip it explicitly. [ConfigurationNotChecked]
   assert(_D_ALLOC_NAMLEN(entry) > 2);
^
external/dirent/tests/t-dirent.c:473:0: information: Skipping configuration 'WIN32;_D_ALLOC_NAMLEN' since the value of '_D_ALLOC_NAMLEN' is unknown. Use -D if you want to check it. You can use -U to skip it explicitly. [ConfigurationNotChecked]
   assert(_D_ALLOC_NAMLEN(entry) > 4);
^
external/dirent/tests/t-dirent.c:488:0: information: Skipping configuration 'WIN32;_D_ALLOC_NAMLEN' since the value of '_D_ALLOC_NAMLEN' is unknown. Use -D if you want to check it. You can use -U to skip it explicitly. [ConfigurationNotChecked]
   assert(_D_ALLOC_NAMLEN(entry) > 3);
^
external/dirent/tests/t-dirent.c:548:0: information: Skipping configuration 'WIN32;_D_ALLOC_NAMLEN' since the value of '_D_ALLOC_NAMLEN' is unknown. Use -D if you want to check it. You can use -U to skip it explicitly. [ConfigurationNotChecked]
   assert(_D_ALLOC_NAMLEN(entry) > 1);
^
external/dirent/tests/t-dirent.c:563:0: information: Skipping configuration 'WIN32;_D_ALLOC_NAMLEN' since the value of '_D_ALLOC_NAMLEN' is unknown. Use -D if you want to check it. You can use -U to skip it explicitly. [ConfigurationNotChecked]
   assert(_D_ALLOC_NAMLEN(entry) > 2);
^
external/dirent/tests/t-dirent.c:578:0: information: Skipping configuration 'WIN32;_D_ALLOC_NAMLEN' since the value of '_D_ALLOC_NAMLEN' is unknown. Use -D if you want to check it. You can use -U to skip it explicitly. [ConfigurationNotChecked]
   assert(_D_ALLOC_NAMLEN(entry) > 4);
^
external/dirent/tests/t-dirent.c:593:0: information: Skipping configuration 'WIN32;_D_ALLOC_NAMLEN' since the value of '_D_ALLOC_NAMLEN' is unknown. Use -D if you want to check it. You can use -U to skip it explicitly. [ConfigurationNotChecked]
   assert(_D_ALLOC_NAMLEN(entry) > 3);
^
external/dirent/tests/t-dirent.c:102:0: information: Skipping configuration 'WIN32;_D_EXACT_NAMLEN' since the value of '_D_EXACT_NAMLEN' is unknown. Use -D if you want to check it. You can use -U to skip it explicitly. [ConfigurationNotChecked]
   assert(_D_EXACT_NAMLEN(ent) == 1);
^
external/dirent/tests/t-dirent.c:117:0: information: Skipping configuration 'WIN32;_D_EXACT_NAMLEN' since the value of '_D_EXACT_NAMLEN' is unknown. Use -D if you want to check it. You can use -U to skip it explicitly. [ConfigurationNotChecked]
   assert(_D_EXACT_NAMLEN(ent) == 2);
^
external/dirent/tests/t-dirent.c:132:0: information: Skipping configuration 'WIN32;_D_EXACT_NAMLEN' since the value of '_D_EXACT_NAMLEN' is unknown. Use -D if you want to check it. You can use -U to skip it explicitly. [ConfigurationNotChecked]
   assert(_D_EXACT_NAMLEN(ent) == 4);
^
external/dirent/tests/t-dirent.c:147:0: information: Skipping configuration 'WIN32;_D_EXACT_NAMLEN' since the value of '_D_EXACT_NAMLEN' is unknown. Use -D if you want to check it. You can use -U to skip it explicitly. [ConfigurationNotChecked]
   assert(_D_EXACT_NAMLEN(ent) == 3);
^
external/dirent/tests/t-dirent.c:367:0: information: Skipping configuration 'WIN32;_D_EXACT_NAMLEN' since the value of '_D_EXACT_NAMLEN' is unknown. Use -D if you want to check it. You can use -U to skip it explicitly. [ConfigurationNotChecked]
   assert(_D_EXACT_NAMLEN(ent) == 8);
^
external/dirent/tests/t-dirent.c:382:0: information: Skipping configuration 'WIN32;_D_EXACT_NAMLEN' since the value of '_D_EXACT_NAMLEN' is unknown. Use -D if you want to check it. You can use -U to skip it explicitly. [ConfigurationNotChecked]
   assert(_D_EXACT_NAMLEN(ent) == 18);
^
external/dirent/tests/t-dirent.c:440:0: information: Skipping configuration 'WIN32;_D_EXACT_NAMLEN' since the value of '_D_EXACT_NAMLEN' is unknown. Use -D if you want to check it. You can use -U to skip it explicitly. [ConfigurationNotChecked]
   assert(_D_EXACT_NAMLEN(entry) == 1);
^
external/dirent/tests/t-dirent.c:455:0: information: Skipping configuration 'WIN32;_D_EXACT_NAMLEN' since the value of '_D_EXACT_NAMLEN' is unknown. Use -D if you want to check it. You can use -U to skip it explicitly. [ConfigurationNotChecked]
   assert(_D_EXACT_NAMLEN(entry) == 2);
^
external/dirent/tests/t-dirent.c:470:0: information: Skipping configuration 'WIN32;_D_EXACT_NAMLEN' since the value of '_D_EXACT_NAMLEN' is unknown. Use -D if you want to check it. You can use -U to skip it explicitly. [ConfigurationNotChecked]
   assert(_D_EXACT_NAMLEN(entry) == 4);
^
external/dirent/tests/t-dirent.c:485:0: information: Skipping configuration 'WIN32;_D_EXACT_NAMLEN' since the value of '_D_EXACT_NAMLEN' is unknown. Use -D if you want to check it. You can use -U to skip it explicitly. [ConfigurationNotChecked]
   assert(_D_EXACT_NAMLEN(entry) == 3);
^
external/dirent/tests/t-dirent.c:545:0: information: Skipping configuration 'WIN32;_D_EXACT_NAMLEN' since the value of '_D_EXACT_NAMLEN' is unknown. Use -D if you want to check it. You can use -U to skip it explicitly. [ConfigurationNotChecked]
   assert(_D_EXACT_NAMLEN(entry) == 1);
^
external/dirent/tests/t-dirent.c:560:0: information: Skipping configuration 'WIN32;_D_EXACT_NAMLEN' since the value of '_D_EXACT_NAMLEN' is unknown. Use -D if you want to check it. You can use -U to skip it explicitly. [ConfigurationNotChecked]
   assert(_D_EXACT_NAMLEN(entry) == 2);
^
external/dirent/tests/t-dirent.c:575:0: information: Skipping configuration 'WIN32;_D_EXACT_NAMLEN' since the value of '_D_EXACT_NAMLEN' is unknown. Use -D if you want to check it. You can use -U to skip it explicitly. [ConfigurationNotChecked]
   assert(_D_EXACT_NAMLEN(entry) == 4);
^
external/dirent/tests/t-dirent.c:590:0: information: Skipping configuration 'WIN32;_D_EXACT_NAMLEN' since the value of '_D_EXACT_NAMLEN' is unknown. Use -D if you want to check it. You can use -U to skip it explicitly. [ConfigurationNotChecked]
   assert(_D_EXACT_NAMLEN(entry) == 3);
^
external/dirent/tests/t-dirent.c:105:0: information: Skipping configuration '_D_ALLOC_NAMLEN' since the value of '_D_ALLOC_NAMLEN' is unknown. Use -D if you want to check it. You can use -U to skip it explicitly. [ConfigurationNotChecked]
   assert(_D_ALLOC_NAMLEN(ent) > 1);
^
external/dirent/tests/t-dirent.c:120:0: information: Skipping configuration '_D_ALLOC_NAMLEN' since the value of '_D_ALLOC_NAMLEN' is unknown. Use -D if you want to check it. You can use -U to skip it explicitly. [ConfigurationNotChecked]
   assert(_D_ALLOC_NAMLEN(ent) > 2);
^
external/dirent/tests/t-dirent.c:135:0: information: Skipping configuration '_D_ALLOC_NAMLEN' since the value of '_D_ALLOC_NAMLEN' is unknown. Use -D if you want to check it. You can use -U to skip it explicitly. [ConfigurationNotChecked]
   assert(_D_ALLOC_NAMLEN(ent) > 4);
^
external/dirent/tests/t-dirent.c:150:0: information: Skipping configuration '_D_ALLOC_NAMLEN' since the value of '_D_ALLOC_NAMLEN' is unknown. Use -D if you want to check it. You can use -U to skip it explicitly. [ConfigurationNotChecked]
   assert(_D_ALLOC_NAMLEN(ent) > 3);
^
external/dirent/tests/t-dirent.c:370:0: information: Skipping configuration '_D_ALLOC_NAMLEN' since the value of '_D_ALLOC_NAMLEN' is unknown. Use -D if you want to check it. You can use -U to skip it explicitly. [ConfigurationNotChecked]
   assert(_D_ALLOC_NAMLEN(ent) > 8);
^
external/dirent/tests/t-dirent.c:385:0: information: Skipping configuration '_D_ALLOC_NAMLEN' since the value of '_D_ALLOC_NAMLEN' is unknown. Use -D if you want to check it. You can use -U to skip it explicitly. [ConfigurationNotChecked]
   assert(_D_ALLOC_NAMLEN(ent) > 18);
^
external/dirent/tests/t-dirent.c:443:0: information: Skipping configuration '_D_ALLOC_NAMLEN' since the value of '_D_ALLOC_NAMLEN' is unknown. Use -D if you want to check it. You can use -U to skip it explicitly. [ConfigurationNotChecked]
   assert(_D_ALLOC_NAMLEN(entry) > 1);
^
external/dirent/tests/t-dirent.c:458:0: information: Skipping configuration '_D_ALLOC_NAMLEN' since the value of '_D_ALLOC_NAMLEN' is unknown. Use -D if you want to check it. You can use -U to skip it explicitly. [ConfigurationNotChecked]
   assert(_D_ALLOC_NAMLEN(entry) > 2);
^
external/dirent/tests/t-dirent.c:473:0: information: Skipping configuration '_D_ALLOC_NAMLEN' since the value of '_D_ALLOC_NAMLEN' is unknown. Use -D if you want to check it. You can use -U to skip it explicitly. [ConfigurationNotChecked]
   assert(_D_ALLOC_NAMLEN(entry) > 4);
^
external/dirent/tests/t-dirent.c:488:0: information: Skipping configuration '_D_ALLOC_NAMLEN' since the value of '_D_ALLOC_NAMLEN' is unknown. Use -D if you want to check it. You can use -U to skip it explicitly. [ConfigurationNotChecked]
   assert(_D_ALLOC_NAMLEN(entry) > 3);
^
external/dirent/tests/t-dirent.c:102:0: information: Skipping configuration '_D_EXACT_NAMLEN' since the value of '_D_EXACT_NAMLEN' is unknown. Use -D if you want to check it. You can use -U to skip it explicitly. [ConfigurationNotChecked]
   assert(_D_EXACT_NAMLEN(ent) == 1);
^
external/dirent/tests/t-dirent.c:117:0: information: Skipping configuration '_D_EXACT_NAMLEN' since the value of '_D_EXACT_NAMLEN' is unknown. Use -D if you want to check it. You can use -U to skip it explicitly. [ConfigurationNotChecked]
   assert(_D_EXACT_NAMLEN(ent) == 2);
^
external/dirent/tests/t-dirent.c:132:0: information: Skipping configuration '_D_EXACT_NAMLEN' since the value of '_D_EXACT_NAMLEN' is unknown. Use -D if you want to check it. You can use -U to skip it explicitly. [ConfigurationNotChecked]
   assert(_D_EXACT_NAMLEN(ent) == 4);
^
external/dirent/tests/t-dirent.c:147:0: information: Skipping configuration '_D_EXACT_NAMLEN' since the value of '_D_EXACT_NAMLEN' is unknown. Use -D if you want to check it. You can use -U to skip it explicitly. [ConfigurationNotChecked]
   assert(_D_EXACT_NAMLEN(ent) == 3);
^
external/dirent/tests/t-dirent.c:367:0: information: Skipping configuration '_D_EXACT_NAMLEN' since the value of '_D_EXACT_NAMLEN' is unknown. Use -D if you want to check it. You can use -U to skip it explicitly. [ConfigurationNotChecked]
   assert(_D_EXACT_NAMLEN(ent) == 8);
^
external/dirent/tests/t-dirent.c:382:0: information: Skipping configuration '_D_EXACT_NAMLEN' since the value of '_D_EXACT_NAMLEN' is unknown. Use -D if you want to check it. You can use -U to skip it explicitly. [ConfigurationNotChecked]
   assert(_D_EXACT_NAMLEN(ent) == 18);
^
external/dirent/tests/t-dirent.c:440:0: information: Skipping configuration '_D_EXACT_NAMLEN' since the value of '_D_EXACT_NAMLEN' is unknown. Use -D if you want to check it. You can use -U to skip it explicitly. [ConfigurationNotChecked]
   assert(_D_EXACT_NAMLEN(entry) == 1);
^
external/dirent/tests/t-dirent.c:455:0: information: Skipping configuration '_D_EXACT_NAMLEN' since the value of '_D_EXACT_NAMLEN' is unknown. Use -D if you want to check it. You can use -U to skip it explicitly. [ConfigurationNotChecked]
   assert(_D_EXACT_NAMLEN(entry) == 2);
^
external/dirent/tests/t-dirent.c:470:0: information: Skipping configuration '_D_EXACT_NAMLEN' since the value of '_D_EXACT_NAMLEN' is unknown. Use -D if you want to check it. You can use -U to skip it explicitly. [ConfigurationNotChecked]
   assert(_D_EXACT_NAMLEN(entry) == 4);
^
external/dirent/tests/t-dirent.c:485:0: information: Skipping configuration '_D_EXACT_NAMLEN' since the value of '_D_EXACT_NAMLEN' is unknown. Use -D if you want to check it. You can use -U to skip it explicitly. [ConfigurationNotChecked]
   assert(_D_EXACT_NAMLEN(entry) == 3);
^
external/dirent/tests/t-scandir.c:166:7: style: Local variable 'i' shadows outer variable [shadowVariable]
  int i;
      ^
external/dirent/tests/t-scandir.c:37:6: note: Shadowed declaration
 int i;
     ^
external/dirent/tests/t-scandir.c:166:7: note: Shadow variable
  int i;
      ^
external/dirent/tests/t-strverscmp.c:28:9: warning: Unnecessary comparison of static strings. [staticStringCompare]
 assert(strverscmp("", "") == 0);
        ^
external/dirent/tests/t-strverscmp.c:29:9: warning: Unnecessary comparison of static strings. [staticStringCompare]
 assert(strverscmp("abc", "abc") == 0);
        ^
external/dirent/tests/t-strverscmp.c:30:9: warning: Unnecessary comparison of static strings. [staticStringCompare]
 assert(strverscmp("a", "b") < 0);
        ^
external/dirent/tests/t-strverscmp.c:31:9: warning: Unnecessary comparison of static strings. [staticStringCompare]
 assert(strverscmp("b", "a") > 0);
        ^
external/dirent/tests/t-strverscmp.c:34:9: warning: Unnecessary comparison of static strings. [staticStringCompare]
 assert(strverscmp("a", "aa") < 0);
        ^
external/dirent/tests/t-strverscmp.c:35:9: warning: Unnecessary comparison of static strings. [staticStringCompare]
 assert(strverscmp("aa", "a") > 0);
        ^
external/dirent/tests/t-strverscmp.c:36:9: warning: Unnecessary comparison of static strings. [staticStringCompare]
 assert(strverscmp("abcdef", "abcdefg") < 0);
        ^
external/dirent/tests/t-strverscmp.c:37:9: warning: Unnecessary comparison of static strings. [staticStringCompare]
 assert(strverscmp("abcdefg", "abcdef") > 0);
        ^
external/dirent/tests/t-strverscmp.c:40:9: warning: Unnecessary comparison of static strings. [staticStringCompare]
 assert(strverscmp("0", "0") == 0);
        ^
external/dirent/tests/t-strverscmp.c:41:9: warning: Unnecessary comparison of static strings. [staticStringCompare]
 assert(strverscmp("000", "000") == 0);
        ^
external/dirent/tests/t-strverscmp.c:42:9: warning: Unnecessary comparison of static strings. [staticStringCompare]
 assert(strverscmp("1", "2") < 0);
        ^
external/dirent/tests/t-strverscmp.c:43:9: warning: Unnecessary comparison of static strings. [staticStringCompare]
 assert(strverscmp("2", "1") > 0);
        ^
external/dirent/tests/t-strverscmp.c:44:9: warning: Unnecessary comparison of static strings. [staticStringCompare]
 assert(strverscmp("001", "100") < 0);
        ^
external/dirent/tests/t-strverscmp.c:45:9: warning: Unnecessary comparison of static strings. [staticStringCompare]
 assert(strverscmp("100", "001") > 0);
        ^
external/dirent/tests/t-strverscmp.c:46:9: warning: Unnecessary comparison of static strings. [staticStringCompare]
 assert(strverscmp("2020-07-01", "2020-07-02") < 0);
        ^
external/dirent/tests/t-strverscmp.c:47:9: warning: Unnecessary comparison of static strings. [staticStringCompare]
 assert(strverscmp("2020-07-02", "2020-07-01") > 0);
        ^
external/dirent/tests/t-strverscmp.c:48:9: warning: Unnecessary comparison of static strings. [staticStringCompare]
 assert(strverscmp("jan999", "jan999") == 0);
        ^
external/dirent/tests/t-strverscmp.c:51:9: warning: Unnecessary comparison of static strings. [staticStringCompare]
 assert(strverscmp("jan9", "jan10") < 0);
        ^
external/dirent/tests/t-strverscmp.c:52:9: warning: Unnecessary comparison of static strings. [staticStringCompare]
 assert(strverscmp("jan10", "jan9") > 0);
        ^
external/dirent/tests/t-strverscmp.c:53:9: warning: Unnecessary comparison of static strings. [staticStringCompare]
 assert(strverscmp("999", "1000") < 0);
        ^
external/dirent/tests/t-strverscmp.c:54:9: warning: Unnecessary comparison of static strings. [staticStringCompare]
 assert(strverscmp("1000", "999") > 0);
        ^
external/dirent/tests/t-strverscmp.c:55:9: warning: Unnecessary comparison of static strings. [staticStringCompare]
 assert(strverscmp("t12-1000", "t12-9999") < 0);
        ^
external/dirent/tests/t-strverscmp.c:56:9: warning: Unnecessary comparison of static strings. [staticStringCompare]
 assert(strverscmp("t12-9999", "t12-1000") > 0);
        ^
external/dirent/tests/t-strverscmp.c:57:9: warning: Unnecessary comparison of static strings. [staticStringCompare]
 assert(strverscmp("1000", "10001") < 0);
        ^
external/dirent/tests/t-strverscmp.c:58:9: warning: Unnecessary comparison of static strings. [staticStringCompare]
 assert(strverscmp("10001", "1000") > 0);
        ^
external/dirent/tests/t-strverscmp.c:59:9: warning: Unnecessary comparison of static strings. [staticStringCompare]
 assert(strverscmp("1000!", "10001") < 0);
        ^
external/dirent/tests/t-strverscmp.c:60:9: warning: Unnecessary comparison of static strings. [staticStringCompare]
 assert(strverscmp("10001", "1000!") > 0);
        ^
external/dirent/tests/t-strverscmp.c:61:9: warning: Unnecessary comparison of static strings. [staticStringCompare]
 assert(strverscmp("1000Z", "10001") < 0);
        ^
external/dirent/tests/t-strverscmp.c:62:9: warning: Unnecessary comparison of static strings. [staticStringCompare]
 assert(strverscmp("10001", "1000Z") > 0);
        ^
external/dirent/tests/t-strverscmp.c:65:9: warning: Unnecessary comparison of static strings. [staticStringCompare]
 assert(strverscmp("00", "0") < 0);
        ^
external/dirent/tests/t-strverscmp.c:66:9: warning: Unnecessary comparison of static strings. [staticStringCompare]
 assert(strverscmp("0", "00") > 0);
        ^
external/dirent/tests/t-strverscmp.c:67:9: warning: Unnecessary comparison of static strings. [staticStringCompare]
 assert(strverscmp("a000", "a00") < 0);
        ^
external/dirent/tests/t-strverscmp.c:68:9: warning: Unnecessary comparison of static strings. [staticStringCompare]
 assert(strverscmp("a00", "a000") > 0);
        ^
external/dirent/tests/t-strverscmp.c:69:9: warning: Unnecessary comparison of static strings. [staticStringCompare]
 assert(strverscmp("0000", "000") < 0);
        ^
external/dirent/tests/t-strverscmp.c:70:9: warning: Unnecessary comparison of static strings. [staticStringCompare]
 assert(strverscmp("000", "0000") > 0);
        ^
external/dirent/tests/t-strverscmp.c:71:9: warning: Unnecessary comparison of static strings. [staticStringCompare]
 assert(strverscmp("0000", "000!") < 0);
        ^
external/dirent/tests/t-strverscmp.c:72:9: warning: Unnecessary comparison of static strings. [staticStringCompare]
 assert(strverscmp("000!", "0000") > 0);
        ^
external/dirent/tests/t-strverscmp.c:73:9: warning: Unnecessary comparison of static strings. [staticStringCompare]
 assert(strverscmp("0000", "000Z") < 0);
        ^
external/dirent/tests/t-strverscmp.c:74:9: warning: Unnecessary comparison of static strings. [staticStringCompare]
 assert(strverscmp("000Z", "0000") > 0);
        ^
external/dirent/tests/t-strverscmp.c:75:9: warning: Unnecessary comparison of static strings. [staticStringCompare]
 assert(strverscmp("0000", "000Z") < 0);
        ^
external/dirent/tests/t-strverscmp.c:76:9: warning: Unnecessary comparison of static strings. [staticStringCompare]
 assert(strverscmp("000Z", "0000") > 0);
        ^
external/dirent/tests/t-strverscmp.c:77:9: warning: Unnecessary comparison of static strings. [staticStringCompare]
 assert(strverscmp("1.01", "1.0") < 0);
        ^
external/dirent/tests/t-strverscmp.c:78:9: warning: Unnecessary comparison of static strings. [staticStringCompare]
 assert(strverscmp("1.0", "1.01") > 0);
        ^
external/dirent/tests/t-strverscmp.c:79:9: warning: Unnecessary comparison of static strings. [staticStringCompare]
 assert(strverscmp("1.01", "1.0!") < 0);
        ^
external/dirent/tests/t-strverscmp.c:80:9: warning: Unnecessary comparison of static strings. [staticStringCompare]
 assert(strverscmp("1.0!", "1.01") > 0);
        ^
external/dirent/tests/t-strverscmp.c:81:9: warning: Unnecessary comparison of static strings. [staticStringCompare]
 assert(strverscmp("1.01", "1.0~") < 0);
        ^
external/dirent/tests/t-strverscmp.c:82:9: warning: Unnecessary comparison of static strings. [staticStringCompare]
 assert(strverscmp("1.0~", "1.01") > 0);
        ^
external/dirent/tests/t-strverscmp.c:85:9: warning: Unnecessary comparison of static strings. [staticStringCompare]
 assert(strverscmp("item-0001", "item-001") < 0);
        ^
external/dirent/tests/t-strverscmp.c:86:9: warning: Unnecessary comparison of static strings. [staticStringCompare]
 assert(strverscmp("item-001", "item-0001") > 0);
        ^
external/dirent/tests/t-strverscmp.c:87:9: warning: Unnecessary comparison of static strings. [staticStringCompare]
 assert(strverscmp("item-001", "item-01") < 0);
        ^
external/dirent/tests/t-strverscmp.c:88:9: warning: Unnecessary comparison of static strings. [staticStringCompare]
 assert(strverscmp("item-01", "item-001") > 0);
        ^
external/dirent/tests/t-strverscmp.c:89:9: warning: Unnecessary comparison of static strings. [staticStringCompare]
 assert(strverscmp(".0001000", ".001") < 0);
        ^
external/dirent/tests/t-strverscmp.c:90:9: warning: Unnecessary comparison of static strings. [staticStringCompare]
 assert(strverscmp(".001", ".0001000") > 0);
        ^
external/dirent/tests/t-strverscmp.c:91:9: warning: Unnecessary comparison of static strings. [staticStringCompare]
 assert(strverscmp(".0001000", ".01") < 0);
        ^
external/dirent/tests/t-strverscmp.c:92:9: warning: Unnecessary comparison of static strings. [staticStringCompare]
 assert(strverscmp(".01", ".0001000") > 0);
        ^
external/dirent/tests/t-strverscmp.c:93:9: warning: Unnecessary comparison of static strings. [staticStringCompare]
 assert(strverscmp(".0001000", ".1") < 0);
        ^
external/dirent/tests/t-strverscmp.c:94:9: warning: Unnecessary comparison of static strings. [staticStringCompare]
 assert(strverscmp(".1", ".0001000") > 0);
        ^
external/dirent/tests/t-strverscmp.c:95:9: warning: Unnecessary comparison of static strings. [staticStringCompare]
 assert(strverscmp("1.0002", "1.0010000") < 0);
        ^
external/dirent/tests/t-strverscmp.c:96:9: warning: Unnecessary comparison of static strings. [staticStringCompare]
 assert(strverscmp("1.0010000", "1.0002") > 0);
        ^
external/dirent/tests/t-strverscmp.c:99:9: warning: Unnecessary comparison of static strings. [staticStringCompare]
 assert(strverscmp("item-009", "item-1") < 0);
        ^
external/dirent/tests/t-strverscmp.c:100:9: warning: Unnecessary comparison of static strings. [staticStringCompare]
 assert(strverscmp("item-1", "item-009") > 0);
        ^
external/dirent/tests/t-strverscmp.c:101:9: warning: Unnecessary comparison of static strings. [staticStringCompare]
 assert(strverscmp("item-099", "item-2") < 0);
        ^
external/dirent/tests/t-strverscmp.c:102:9: warning: Unnecessary comparison of static strings. [staticStringCompare]
 assert(strverscmp("item-2", "item-099") > 0);
        ^
external/dirent/tests/t-strverscmp.c:105:9: warning: Unnecessary comparison of static strings. [staticStringCompare]
 assert(strverscmp("1.001", "1.00!") < 0);
        ^
external/dirent/tests/t-strverscmp.c:106:9: warning: Unnecessary comparison of static strings. [staticStringCompare]
 assert(strverscmp("1.00!", "1.001") > 0);
        ^
external/dirent/tests/t-strverscmp.c:107:9: warning: Unnecessary comparison of static strings. [staticStringCompare]
 assert(strverscmp("1.001", "1.00x") < 0);
        ^
external/dirent/tests/t-strverscmp.c:108:9: warning: Unnecessary comparison of static strings. [staticStringCompare]
 assert(strverscmp("1.00x", "1.001") > 0);
        ^
external/dirent/tests/t-strverscmp.c:109:9: warning: Unnecessary comparison of static strings. [staticStringCompare]
 assert(strverscmp("1", "x") < 0);
        ^
external/dirent/tests/t-strverscmp.c:110:9: warning: Unnecessary comparison of static strings. [staticStringCompare]
 assert(strverscmp("x", "1") > 0);
        ^
external/dirent/tests/t-strverscmp.c:111:9: warning: Unnecessary comparison of static strings. [staticStringCompare]
 assert(strverscmp("1", "!") > 0);
        ^
external/dirent/tests/t-strverscmp.c:112:9: warning: Unnecessary comparison of static strings. [staticStringCompare]
 assert(strverscmp("!", "1") < 0);
        ^
external/dirent/tests/t-strverscmp.c:115:9: warning: Unnecessary comparison of static strings. [staticStringCompare]
 assert(strverscmp("01", "011") < 0);
        ^
external/dirent/tests/t-strverscmp.c:116:9: warning: Unnecessary comparison of static strings. [staticStringCompare]
 assert(strverscmp("011", "01") > 0);
        ^
external/dirent/tests/t-strverscmp.c:117:9: warning: Unnecessary comparison of static strings. [staticStringCompare]
 assert(strverscmp("0100", "01000") < 0);
        ^
external/dirent/tests/t-strverscmp.c:118:9: warning: Unnecessary comparison of static strings. [staticStringCompare]
 assert(strverscmp("01000", "0100") > 0);
        ^
external/dirent/tests/t-strverscmp.c:119:9: warning: Unnecessary comparison of static strings. [staticStringCompare]
 assert(strverscmp("1", "1!") < 0);
        ^
external/dirent/tests/t-strverscmp.c:120:9: warning: Unnecessary comparison of static strings. [staticStringCompare]
 assert(strverscmp("1!", "1") > 0);
        ^
external/dirent/tests/t-strverscmp.c:121:9: warning: Unnecessary comparison of static strings. [staticStringCompare]
 assert(strverscmp("1", "1z") < 0);
        ^
external/dirent/tests/t-strverscmp.c:122:9: warning: Unnecessary comparison of static strings. [staticStringCompare]
 assert(strverscmp("1z", "1") > 0);
        ^
external/dirent/tests/t-strverscmp.c:125:9: warning: Unnecessary comparison of static strings. [staticStringCompare]
 assert(strverscmp("000", "00") < 0);
        ^
external/dirent/tests/t-strverscmp.c:126:9: warning: Unnecessary comparison of static strings. [staticStringCompare]
 assert(strverscmp("000", "01") < 0);
        ^
external/dirent/tests/t-strverscmp.c:127:9: warning: Unnecessary comparison of static strings. [staticStringCompare]
 assert(strverscmp("000", "010") < 0);
        ^
external/dirent/tests/t-strverscmp.c:128:9: warning: Unnecessary comparison of static strings. [staticStringCompare]
 assert(strverscmp("000", "09") < 0);
        ^
external/dirent/tests/t-strverscmp.c:129:9: warning: Unnecessary comparison of static strings. [staticStringCompare]
 assert(strverscmp("000", "0") < 0);
        ^
external/dirent/tests/t-strverscmp.c:130:9: warning: Unnecessary comparison of static strings. [staticStringCompare]
 assert(strverscmp("000", "1") < 0);
        ^
external/dirent/tests/t-strverscmp.c:131:9: warning: Unnecessary comparison of static strings. [staticStringCompare]
 assert(strverscmp("000", "9") < 0);
        ^
external/dirent/tests/t-strverscmp.c:132:9: warning: Unnecessary comparison of static strings. [staticStringCompare]
 assert(strverscmp("000", "10") < 0);
        ^
external/dirent/tests/t-strverscmp.c:134:9: warning: Unnecessary comparison of static strings. [staticStringCompare]
 assert(strverscmp("00", "01") < 0);
        ^
external/dirent/tests/t-strverscmp.c:135:9: warning: Unnecessary comparison of static strings. [staticStringCompare]
 assert(strverscmp("00", "010") < 0);
        ^
external/dirent/tests/t-strverscmp.c:136:9: warning: Unnecessary comparison of static strings. [staticStringCompare]
 assert(strverscmp("00", "09") < 0);
        ^
external/dirent/tests/t-strverscmp.c:137:9: warning: Unnecessary comparison of static strings. [staticStringCompare]
 assert(strverscmp("00", "0") < 0);
        ^
external/dirent/tests/t-strverscmp.c:138:9: warning: Unnecessary comparison of static strings. [staticStringCompare]
 assert(strverscmp("00", "1") < 0);
        ^
external/dirent/tests/t-strverscmp.c:139:9: warning: Unnecessary comparison of static strings. [staticStringCompare]
 assert(strverscmp("00", "9") < 0);
        ^
external/dirent/tests/t-strverscmp.c:140:9: warning: Unnecessary comparison of static strings. [staticStringCompare]
 assert(strverscmp("00", "10") < 0);
        ^
external/dirent/tests/t-strverscmp.c:142:9: warning: Unnecessary comparison of static strings. [staticStringCompare]
 assert(strverscmp("01", "010") < 0);
        ^
external/dirent/tests/t-strverscmp.c:143:9: warning: Unnecessary comparison of static strings. [staticStringCompare]
 assert(strverscmp("01", "09") < 0);
        ^
external/dirent/tests/t-strverscmp.c:144:9: warning: Unnecessary comparison of static strings. [staticStringCompare]
 assert(strverscmp("01", "0") < 0);
        ^
external/dirent/tests/t-strverscmp.c:145:9: warning: Unnecessary comparison of static strings. [staticStringCompare]
 assert(strverscmp("01", "1") < 0);
        ^
external/dirent/tests/t-strverscmp.c:146:9: warning: Unnecessary comparison of static strings. [staticStringCompare]
 assert(strverscmp("01", "9") < 0);
        ^
external/dirent/tests/t-strverscmp.c:147:9: warning: Unnecessary comparison of static strings. [staticStringCompare]
 assert(strverscmp("01", "10") < 0);
        ^
external/dirent/tests/t-strverscmp.c:149:9: warning: Unnecessary comparison of static strings. [staticStringCompare]
 assert(strverscmp("010", "09") < 0);
        ^
external/dirent/tests/t-strverscmp.c:150:9: warning: Unnecessary comparison of static strings. [staticStringCompare]
 assert(strverscmp("010", "0") < 0);
        ^
external/dirent/tests/t-strverscmp.c:151:9: warning: Unnecessary comparison of static strings. [staticStringCompare]
 assert(strverscmp("010", "1") < 0);
        ^
external/dirent/tests/t-strverscmp.c:152:9: warning: Unnecessary comparison of static strings. [staticStringCompare]
 assert(strverscmp("010", "9") < 0);
        ^
external/dirent/tests/t-strverscmp.c:153:9: warning: Unnecessary comparison of static strings. [staticStringCompare]
 assert(strverscmp("010", "10") < 0);
        ^
external/dirent/tests/t-strverscmp.c:155:9: warning: Unnecessary comparison of static strings. [staticStringCompare]
 assert(strverscmp("09", "0") < 0);
        ^
external/dirent/tests/t-strverscmp.c:156:9: warning: Unnecessary comparison of static strings. [staticStringCompare]
 assert(strverscmp("09", "1") < 0);
        ^
external/dirent/tests/t-strverscmp.c:157:9: warning: Unnecessary comparison of static strings. [staticStringCompare]
 assert(strverscmp("09", "9") < 0);
        ^
external/dirent/tests/t-strverscmp.c:158:9: warning: Unnecessary comparison of static strings. [staticStringCompare]
 assert(strverscmp("09", "10") < 0);
        ^
external/dirent/tests/t-strverscmp.c:160:9: warning: Unnecessary comparison of static strings. [staticStringCompare]
 assert(strverscmp("0", "1") < 0);
        ^
external/dirent/tests/t-strverscmp.c:161:9: warning: Unnecessary comparison of static strings. [staticStringCompare]
 assert(strverscmp("0", "9") < 0);
        ^
external/dirent/tests/t-strverscmp.c:162:9: warning: Unnecessary comparison of static strings. [staticStringCompare]
 assert(strverscmp("0", "10") < 0);
        ^
external/dirent/tests/t-strverscmp.c:164:9: warning: Unnecessary comparison of static strings. [staticStringCompare]
 assert(strverscmp("1", "9") < 0);
        ^
external/dirent/tests/t-strverscmp.c:165:9: warning: Unnecessary comparison of static strings. [staticStringCompare]
 assert(strverscmp("1", "10") < 0);
        ^
external/dirent/tests/t-strverscmp.c:167:9: warning: Unnecessary comparison of static strings. [staticStringCompare]
 assert(strverscmp("9", "10") < 0);
        ^
external/unity/extras/fixture/src/unity_fixture.c:221:0: information: Skipping configuration 'UNITY_CUSTOM_HELP_MSG' since the value of 'UNITY_CUSTOM_HELP_MSG' is unknown. Use -D if you want to check it. You can use -U to skip it explicitly. [ConfigurationNotChecked]
            UnityPrint(UNITY_CUSTOM_HELP_MSG);
^
external/unity/extras/memory/src/unity_memory.c:104:5: error: Memory leak: guard [memleak]
    return (void*)mem;
    ^
external/unity/extras/memory/src/unity_memory.h:38:0: information: Skipping configuration 'UNITY_FREE;UNITY_MALLOC' since the value of 'UNITY_FREE' is unknown. Use -D if you want to check it. You can use -U to skip it explicitly. [ConfigurationNotChecked]
    extern void UNITY_FREE(void* ptr);
^
external/unity/extras/memory/src/unity_memory.c:134:0: information: Skipping configuration 'UNITY_FREE;UNITY_MALLOC' since the value of 'UNITY_FREE' is unknown. Use -D if you want to check it. You can use -U to skip it explicitly. [ConfigurationNotChecked]
    UNITY_FREE(guard);
^
external/unity/extras/memory/src/unity_memory.h:37:0: information: Skipping configuration 'UNITY_FREE;UNITY_MALLOC' since the value of 'UNITY_MALLOC' is unknown. Use -D if you want to check it. You can use -U to skip it explicitly. [ConfigurationNotChecked]
    extern void* UNITY_MALLOC(size_t size);
^
external/unity/extras/memory/src/unity_memory.c:95:0: information: Skipping configuration 'UNITY_FREE;UNITY_MALLOC' since the value of 'UNITY_MALLOC' is unknown. Use -D if you want to check it. You can use -U to skip it explicitly. [ConfigurationNotChecked]
    guard = (Guard*)UNITY_MALLOC(total_size);
^
external/unity/src/unity.c:0:0: information: Too many #ifdef configurations - cppcheck only checks 12 of 47 configurations. Use --force to check all configurations. [toomanyconfigs]

^
external/unity/src/unity.c:274:9: style: The scope of the variable 'nibble' can be reduced. [variableScope]
    int nibble;
        ^
external/unity/src/unity.c:1593:18: style: The scope of the variable 'i' can be reduced. [variableScope]
    UNITY_UINT32 i;
                 ^
external/unity/src/unity.c:1633:18: style: The scope of the variable 'i' can be reduced. [variableScope]
    UNITY_UINT32 i;
                 ^
external/unity/src/unity.c:1056:58: style:inconclusive: Function 'UnityAssertGreaterOrLessFloat' argument 5 names different: declaration 'linenumber' definition 'lineNumber'. [funcArgNamesDifferent]
                                   const UNITY_LINE_TYPE lineNumber)
                                                         ^
external/unity/src/unity_internals.h:683:58: note: Function 'UnityAssertGreaterOrLessFloat' argument 5 names different: declaration 'linenumber' definition 'lineNumber'.
                                   const UNITY_LINE_TYPE linenumber);
                                                         ^
external/unity/src/unity.c:1056:58: note: Function 'UnityAssertGreaterOrLessFloat' argument 5 names different: declaration 'linenumber' definition 'lineNumber'.
                                   const UNITY_LINE_TYPE lineNumber)
                                                         ^
external/unity/src/unity.c:2114:28: style:inconclusive: Function 'UnityFail' argument 1 names different: declaration 'message' definition 'msg'. [funcArgNamesDifferent]
void UnityFail(const char* msg, const UNITY_LINE_TYPE line)
                           ^
external/unity/src/unity_internals.h:657:43: note: Function 'UnityFail' argument 1 names different: declaration 'message' definition 'msg'.
UNITY_NORETURN void UnityFail(const char* message, const UNITY_LINE_TYPE line);
                                          ^
external/unity/src/unity.c:2114:28: note: Function 'UnityFail' argument 1 names different: declaration 'message' definition 'msg'.
void UnityFail(const char* msg, const UNITY_LINE_TYPE line)
                           ^
external/unity/src/unity.c:2151:30: style:inconclusive: Function 'UnityIgnore' argument 1 names different: declaration 'message' definition 'msg'. [funcArgNamesDifferent]
void UnityIgnore(const char* msg, const UNITY_LINE_TYPE line)
                             ^
external/unity/src/unity_internals.h:658:45: note: Function 'UnityIgnore' argument 1 names different: declaration 'message' definition 'msg'.
UNITY_NORETURN void UnityIgnore(const char* message, const UNITY_LINE_TYPE line);
                                            ^
external/unity/src/unity.c:2151:30: note: Function 'UnityIgnore' argument 1 names different: declaration 'message' definition 'msg'.
void UnityIgnore(const char* msg, const UNITY_LINE_TYPE line)
                             ^
external/unity/src/unity.c:2167:31: style:inconclusive: Function 'UnityMessage' argument 1 names different: declaration 'message' definition 'msg'. [funcArgNamesDifferent]
void UnityMessage(const char* msg, const UNITY_LINE_TYPE line)
                              ^
external/unity/src/unity_internals.h:664:31: note: Function 'UnityMessage' argument 1 names different: declaration 'message' definition 'msg'.
void UnityMessage(const char* message, const UNITY_LINE_TYPE line);
                              ^
external/unity/src/unity.c:2167:31: note: Function 'UnityMessage' argument 1 names different: declaration 'message' definition 'msg'.
void UnityMessage(const char* msg, const UNITY_LINE_TYPE line)
                              ^
external/unity/src/unity.c:944:39: style: Variable 'current_element_delta' is assigned a value that is never used. [unreadVariable]
    UNITY_FLOAT current_element_delta = delta;
                                      ^
external/unity/src/unity.c:1674:20: style: Variable 'i' is assigned a value that is never used. [unreadVariable]
    UNITY_UINT32 i = 0;
                   ^
external/unity/src/unity.c:2189:0: information: Skipping configuration 'UNITY_CLOCK_MS;UNITY_EXEC_TIME_START;UNITY_EXEC_TIME_STOP;UNITY_PRINT_EXEC_TIME;UNITY_TIME_TYPE;UNITY_INCLUDE_EXEC_TIME' since the value of 'UNITY_EXEC_TIME_START' is unknown. Use -D if you want to check it. You can use -U to skip it explicitly. [ConfigurationNotChecked]
    UNITY_EXEC_TIME_START();
^
external/unity/src/unity.c:2199:0: information: Skipping configuration 'UNITY_CLOCK_MS;UNITY_EXEC_TIME_START;UNITY_EXEC_TIME_STOP;UNITY_PRINT_EXEC_TIME;UNITY_TIME_TYPE;UNITY_INCLUDE_EXEC_TIME' since the value of 'UNITY_EXEC_TIME_STOP' is unknown. Use -D if you want to check it. You can use -U to skip it explicitly. [ConfigurationNotChecked]
    UNITY_EXEC_TIME_STOP();
^
external/unity/src/unity.c:563:0: information: Skipping configuration 'UNITY_CLOCK_MS;UNITY_EXEC_TIME_START;UNITY_EXEC_TIME_STOP;UNITY_PRINT_EXEC_TIME;UNITY_TIME_TYPE;UNITY_INCLUDE_EXEC_TIME' since the value of 'UNITY_PRINT_EXEC_TIME' is unknown. Use -D if you want to check it. You can use -U to skip it explicitly. [ConfigurationNotChecked]
    UNITY_PRINT_EXEC_TIME();
^
external/unity/src/unity_internals.h:507:0: information: Skipping configuration 'UNITY_CLOCK_MS;UNITY_EXEC_TIME_START;UNITY_EXEC_TIME_STOP;UNITY_PRINT_EXEC_TIME;UNITY_TIME_TYPE;UNITY_INCLUDE_EXEC_TIME' since the value of 'UNITY_TIME_TYPE' is unknown. Use -D if you want to check it. You can use -U to skip it explicitly. [ConfigurationNotChecked]
    UNITY_TIME_TYPE CurrentTestStartTime;
^
external/unity/src/unity_internals.h:508:0: information: Skipping configuration 'UNITY_CLOCK_MS;UNITY_EXEC_TIME_START;UNITY_EXEC_TIME_STOP;UNITY_PRINT_EXEC_TIME;UNITY_TIME_TYPE;UNITY_INCLUDE_EXEC_TIME' since the value of 'UNITY_TIME_TYPE' is unknown. Use -D if you want to check it. You can use -U to skip it explicitly. [ConfigurationNotChecked]
    UNITY_TIME_TYPE CurrentTestStopTime;
^
external/unity/test/testdata/testRunnerGenerator.c:142:1: error: There is an unknown macro here somewhere. Configuration is required. If TEST_CASE is a macro then please configure it. [unknownMacro]
TEST_CASE(25)
^
external/unity/test/testdata/testRunnerGeneratorWithMocks.c:140:1: error: There is an unknown macro here somewhere. Configuration is required. If TEST_CASE is a macro then please configure it. [unknownMacro]
TEST_CASE(25)
^
external/unity/test/tests/test_unity_core.c:66:21: style: struct member 'Anonymous0::TestFile' is never used. [unusedStructMember]
        const char* TestFile;
                    ^
external/unity/test/tests/test_unity_core.c:68:21: style: struct member 'Anonymous0::CurrentDetails1' is never used. [unusedStructMember]
        const char* CurrentDetails1;
                    ^
external/unity/test/tests/test_unity_core.c:69:21: style: struct member 'Anonymous0::CurrentDetails2' is never used. [unusedStructMember]
        const char* CurrentDetails2;
                    ^
external/unity/test/tests/test_unity_core.c:81:17: style: struct member 'Anonymous0::AbortFrame' is never used. [unusedStructMember]
        jmp_buf AbortFrame;
                ^
external/unity/test/tests/test_unity_core.c:48:21: style: struct member 'Anonymous0::TestFile' is never used. [unusedStructMember]
        const char* TestFile;
                    ^
external/unity/test/tests/test_unity_core.c:61:17: style: struct member 'Anonymous0::AbortFrame' is never used. [unusedStructMember]
        jmp_buf AbortFrame;
                ^
external/unity/test/tests/test_unity_doubles.c:126:46: style: Same expression on both sides of '/'. [duplicateExpression]
    TEST_ASSERT_NOT_EQUAL_DOUBLE(85.963, 0.0 / d_zero);
                                             ^
external/unity/test/tests/self_assessment_utils.h:14:37: note: 'd_zero' is assigned value '0.0' here.
static const UNITY_DOUBLE d_zero = 0.0;
                                    ^
external/unity/test/tests/test_unity_doubles.c:126:46: note: Same expression on both sides of '/'.
    TEST_ASSERT_NOT_EQUAL_DOUBLE(85.963, 0.0 / d_zero);
                                             ^
external/unity/test/tests/test_unity_doubles.c:129:42: style: Same expression on both sides of '/'. [duplicateExpression]
    TEST_ASSERT_EQUAL_DOUBLE(85.963, 0.0 / d_zero);
                                         ^
external/unity/test/tests/self_assessment_utils.h:14:37: note: 'd_zero' is assigned value '0.0' here.
static const UNITY_DOUBLE d_zero = 0.0;
                                    ^
external/unity/test/tests/test_unity_doubles.c:129:42: note: Same expression on both sides of '/'.
    TEST_ASSERT_EQUAL_DOUBLE(85.963, 0.0 / d_zero);
                                         ^
external/unity/test/tests/test_unity_doubles.c:139:38: style: Same expression on both sides of '/'. [duplicateExpression]
    TEST_ASSERT_NOT_EQUAL_DOUBLE(0.0 / d_zero, 85.963);
                                     ^
external/unity/test/tests/self_assessment_utils.h:14:37: note: 'd_zero' is assigned value '0.0' here.
static const UNITY_DOUBLE d_zero = 0.0;
                                    ^
external/unity/test/tests/test_unity_doubles.c:139:38: note: Same expression on both sides of '/'.
    TEST_ASSERT_NOT_EQUAL_DOUBLE(0.0 / d_zero, 85.963);
                                     ^
external/unity/test/tests/test_unity_doubles.c:142:34: style: Same expression on both sides of '/'. [duplicateExpression]
    TEST_ASSERT_EQUAL_DOUBLE(0.0 / d_zero, 85.963);
                                 ^
external/unity/test/tests/self_assessment_utils.h:14:37: note: 'd_zero' is assigned value '0.0' here.
static const UNITY_DOUBLE d_zero = 0.0;
                                    ^
external/unity/test/tests/test_unity_doubles.c:142:34: note: Same expression on both sides of '/'.
    TEST_ASSERT_EQUAL_DOUBLE(0.0 / d_zero, 85.963);
                                 ^
external/unity/test/tests/test_unity_doubles.c:152:34: style: Same expression on both sides of '/'. [duplicateExpression]
    TEST_ASSERT_EQUAL_DOUBLE(0.0 / d_zero, 0.0 / d_zero);
                                 ^
external/unity/test/tests/self_assessment_utils.h:14:37: note: 'd_zero' is assigned value '0.0' here.
static const UNITY_DOUBLE d_zero = 0.0;
                                    ^
external/unity/test/tests/test_unity_doubles.c:152:34: note: Same expression on both sides of '/'.
    TEST_ASSERT_EQUAL_DOUBLE(0.0 / d_zero, 0.0 / d_zero);
                                 ^
external/unity/test/tests/test_unity_doubles.c:155:38: style: Same expression on both sides of '/'. [duplicateExpression]
    TEST_ASSERT_NOT_EQUAL_DOUBLE(0.0 / d_zero, 0.0 / d_zero);
                                     ^
external/unity/test/tests/self_assessment_utils.h:14:37: note: 'd_zero' is assigned value '0.0' here.
static const UNITY_DOUBLE d_zero = 0.0;
                                    ^
external/unity/test/tests/test_unity_doubles.c:155:38: note: Same expression on both sides of '/'.
    TEST_ASSERT_NOT_EQUAL_DOUBLE(0.0 / d_zero, 0.0 / d_zero);
                                     ^
external/unity/test/tests/test_unity_doubles.c:165:52: style: Same expression on both sides of '/'. [duplicateExpression]
    TEST_ASSERT_NOT_EQUAL_DOUBLE(1.0 / d_zero, 0.0 / d_zero);
                                                   ^
external/unity/test/tests/self_assessment_utils.h:14:37: note: 'd_zero' is assigned value '0.0' here.
static const UNITY_DOUBLE d_zero = 0.0;
                                    ^
external/unity/test/tests/test_unity_doubles.c:165:52: note: Same expression on both sides of '/'.
    TEST_ASSERT_NOT_EQUAL_DOUBLE(1.0 / d_zero, 0.0 / d_zero);
                                                   ^
external/unity/test/tests/test_unity_doubles.c:168:48: style: Same expression on both sides of '/'. [duplicateExpression]
    TEST_ASSERT_EQUAL_DOUBLE(1.0 / d_zero, 0.0 / d_zero);
                                               ^
external/unity/test/tests/self_assessment_utils.h:14:37: note: 'd_zero' is assigned value '0.0' here.
static const UNITY_DOUBLE d_zero = 0.0;
                                    ^
external/unity/test/tests/test_unity_doubles.c:168:48: note: Same expression on both sides of '/'.
    TEST_ASSERT_EQUAL_DOUBLE(1.0 / d_zero, 0.0 / d_zero);
                                               ^
external/unity/test/tests/test_unity_doubles.c:178:38: style: Same expression on both sides of '/'. [duplicateExpression]
    TEST_ASSERT_NOT_EQUAL_DOUBLE(0.0 / d_zero, 1.0 / d_zero);
                                     ^
external/unity/test/tests/self_assessment_utils.h:14:37: note: 'd_zero' is assigned value '0.0' here.
static const UNITY_DOUBLE d_zero = 0.0;
                                    ^
external/unity/test/tests/test_unity_doubles.c:178:38: note: Same expression on both sides of '/'.
    TEST_ASSERT_NOT_EQUAL_DOUBLE(0.0 / d_zero, 1.0 / d_zero);
                                     ^
external/unity/test/tests/test_unity_doubles.c:181:34: style: Same expression on both sides of '/'. [duplicateExpression]
    TEST_ASSERT_EQUAL_DOUBLE(0.0 / d_zero, 1.0 / d_zero);
                                 ^
external/unity/test/tests/self_assessment_utils.h:14:37: note: 'd_zero' is assigned value '0.0' here.
static const UNITY_DOUBLE d_zero = 0.0;
                                    ^
external/unity/test/tests/test_unity_doubles.c:181:34: note: Same expression on both sides of '/'.
    TEST_ASSERT_EQUAL_DOUBLE(0.0 / d_zero, 1.0 / d_zero);
                                 ^
external/unity/test/tests/test_unity_doubles.c:277:46: style: Same expression on both sides of '/'. [duplicateExpression]
    TEST_ASSERT_GREATER_THAN_DOUBLE(1.0, 0.0 / d_zero);
                                             ^
external/unity/test/tests/self_assessment_utils.h:14:37: note: 'd_zero' is assigned value '0.0' here.
static const UNITY_DOUBLE d_zero = 0.0;
                                    ^
external/unity/test/tests/test_unity_doubles.c:277:46: note: Same expression on both sides of '/'.
    TEST_ASSERT_GREATER_THAN_DOUBLE(1.0, 0.0 / d_zero);
                                             ^
external/unity/test/tests/test_unity_doubles.c:288:41: style: Same expression on both sides of '/'. [duplicateExpression]
    TEST_ASSERT_GREATER_THAN_DOUBLE(0.0 / d_zero, 1.0);
                                        ^
external/unity/test/tests/self_assessment_utils.h:14:37: note: 'd_zero' is assigned value '0.0' here.
static const UNITY_DOUBLE d_zero = 0.0;
                                    ^
external/unity/test/tests/test_unity_doubles.c:288:41: note: Same expression on both sides of '/'.
    TEST_ASSERT_GREATER_THAN_DOUBLE(0.0 / d_zero, 1.0);
                                        ^
external/unity/test/tests/test_unity_doubles.c:299:41: style: Same expression on both sides of '/'. [duplicateExpression]
    TEST_ASSERT_GREATER_THAN_DOUBLE(0.0 / d_zero, 0.0 / d_zero);
                                        ^
external/unity/test/tests/self_assessment_utils.h:14:37: note: 'd_zero' is assigned value '0.0' here.
static const UNITY_DOUBLE d_zero = 0.0;
                                    ^
external/unity/test/tests/test_unity_doubles.c:299:41: note: Same expression on both sides of '/'.
    TEST_ASSERT_GREATER_THAN_DOUBLE(0.0 / d_zero, 0.0 / d_zero);
                                        ^
external/unity/test/tests/test_unity_doubles.c:389:50: style: Same expression on both sides of '/'. [duplicateExpression]
    TEST_ASSERT_GREATER_OR_EQUAL_DOUBLE(1.0, 0.0 / d_zero);
                                                 ^
external/unity/test/tests/self_assessment_utils.h:14:37: note: 'd_zero' is assigned value '0.0' here.
static const UNITY_DOUBLE d_zero = 0.0;
                                    ^
external/unity/test/tests/test_unity_doubles.c:389:50: note: Same expression on both sides of '/'.
    TEST_ASSERT_GREATER_OR_EQUAL_DOUBLE(1.0, 0.0 / d_zero);
                                                 ^
external/unity/test/tests/test_unity_doubles.c:400:45: style: Same expression on both sides of '/'. [duplicateExpression]
    TEST_ASSERT_GREATER_OR_EQUAL_DOUBLE(0.0 / d_zero, 1.0);
                                            ^
external/unity/test/tests/self_assessment_utils.h:14:37: note: 'd_zero' is assigned value '0.0' here.
static const UNITY_DOUBLE d_zero = 0.0;
                                    ^
external/unity/test/tests/test_unity_doubles.c:400:45: note: Same expression on both sides of '/'.
    TEST_ASSERT_GREATER_OR_EQUAL_DOUBLE(0.0 / d_zero, 1.0);
                                            ^
external/unity/test/tests/test_unity_doubles.c:410:45: style: Same expression on both sides of '/'. [duplicateExpression]
    TEST_ASSERT_GREATER_OR_EQUAL_DOUBLE(0.0 / d_zero, 0.0 / d_zero);
                                            ^
external/unity/test/tests/self_assessment_utils.h:14:37: note: 'd_zero' is assigned value '0.0' here.
static const UNITY_DOUBLE d_zero = 0.0;
                                    ^
external/unity/test/tests/test_unity_doubles.c:410:45: note: Same expression on both sides of '/'.
    TEST_ASSERT_GREATER_OR_EQUAL_DOUBLE(0.0 / d_zero, 0.0 / d_zero);
                                            ^
external/unity/test/tests/test_unity_doubles.c:493:43: style: Same expression on both sides of '/'. [duplicateExpression]
    TEST_ASSERT_LESS_THAN_DOUBLE(1.0, 0.0 / d_zero);
                                          ^
external/unity/test/tests/self_assessment_utils.h:14:37: note: 'd_zero' is assigned value '0.0' here.
static const UNITY_DOUBLE d_zero = 0.0;
                                    ^
external/unity/test/tests/test_unity_doubles.c:493:43: note: Same expression on both sides of '/'.
    TEST_ASSERT_LESS_THAN_DOUBLE(1.0, 0.0 / d_zero);
                                          ^
external/unity/test/tests/test_unity_doubles.c:504:38: style: Same expression on both sides of '/'. [duplicateExpression]
    TEST_ASSERT_LESS_THAN_DOUBLE(0.0 / d_zero, 1.0);
                                     ^
external/unity/test/tests/self_assessment_utils.h:14:37: note: 'd_zero' is assigned value '0.0' here.
static const UNITY_DOUBLE d_zero = 0.0;
                                    ^
external/unity/test/tests/test_unity_doubles.c:504:38: note: Same expression on both sides of '/'.
    TEST_ASSERT_LESS_THAN_DOUBLE(0.0 / d_zero, 1.0);
                                     ^
external/unity/test/tests/test_unity_doubles.c:515:38: style: Same expression on both sides of '/'. [duplicateExpression]
    TEST_ASSERT_LESS_THAN_DOUBLE(0.0 / d_zero, 0.0 / d_zero);
                                     ^
external/unity/test/tests/self_assessment_utils.h:14:37: note: 'd_zero' is assigned value '0.0' here.
static const UNITY_DOUBLE d_zero = 0.0;
                                    ^
external/unity/test/tests/test_unity_doubles.c:515:38: note: Same expression on both sides of '/'.
    TEST_ASSERT_LESS_THAN_DOUBLE(0.0 / d_zero, 0.0 / d_zero);
                                     ^
external/unity/test/tests/test_unity_doubles.c:605:47: style: Same expression on both sides of '/'. [duplicateExpression]
    TEST_ASSERT_LESS_OR_EQUAL_DOUBLE(1.0, 0.0 / d_zero);
                                              ^
external/unity/test/tests/self_assessment_utils.h:14:37: note: 'd_zero' is assigned value '0.0' here.
static const UNITY_DOUBLE d_zero = 0.0;
                                    ^
external/unity/test/tests/test_unity_doubles.c:605:47: note: Same expression on both sides of '/'.
    TEST_ASSERT_LESS_OR_EQUAL_DOUBLE(1.0, 0.0 / d_zero);
                                              ^
external/unity/test/tests/test_unity_doubles.c:616:42: style: Same expression on both sides of '/'. [duplicateExpression]
    TEST_ASSERT_LESS_OR_EQUAL_DOUBLE(0.0 / d_zero, 1.0);
                                         ^
external/unity/test/tests/self_assessment_utils.h:14:37: note: 'd_zero' is assigned value '0.0' here.
static const UNITY_DOUBLE d_zero = 0.0;
                                    ^
external/unity/test/tests/test_unity_doubles.c:616:42: note: Same expression on both sides of '/'.
    TEST_ASSERT_LESS_OR_EQUAL_DOUBLE(0.0 / d_zero, 1.0);
                                         ^
external/unity/test/tests/test_unity_doubles.c:626:42: style: Same expression on both sides of '/'. [duplicateExpression]
    TEST_ASSERT_LESS_OR_EQUAL_DOUBLE(0.0 / d_zero, 0.0 / d_zero);
                                         ^
external/unity/test/tests/self_assessment_utils.h:14:37: note: 'd_zero' is assigned value '0.0' here.
static const UNITY_DOUBLE d_zero = 0.0;
                                    ^
external/unity/test/tests/test_unity_doubles.c:626:42: note: Same expression on both sides of '/'.
    TEST_ASSERT_LESS_OR_EQUAL_DOUBLE(0.0 / d_zero, 0.0 / d_zero);
                                         ^
external/unity/test/tests/test_unity_doubles.c:746:35: style: Same expression on both sides of '/'. [duplicateExpression]
    TEST_ASSERT_DOUBLE_IS_NAN(0.0 / d_zero);
                                  ^
external/unity/test/tests/self_assessment_utils.h:14:37: note: 'd_zero' is assigned value '0.0' here.
static const UNITY_DOUBLE d_zero = 0.0;
                                    ^
external/unity/test/tests/test_unity_doubles.c:746:35: note: Same expression on both sides of '/'.
    TEST_ASSERT_DOUBLE_IS_NAN(0.0 / d_zero);
                                  ^
external/unity/test/tests/test_unity_doubles.c:756:39: style: Same expression on both sides of '/'. [duplicateExpression]
    TEST_ASSERT_DOUBLE_IS_NOT_NAN(0.0 / d_zero);
                                      ^
external/unity/test/tests/self_assessment_utils.h:14:37: note: 'd_zero' is assigned value '0.0' here.
static const UNITY_DOUBLE d_zero = 0.0;
                                    ^
external/unity/test/tests/test_unity_doubles.c:756:39: note: Same expression on both sides of '/'.
    TEST_ASSERT_DOUBLE_IS_NOT_NAN(0.0 / d_zero);
                                      ^
external/unity/test/tests/test_unity_doubles.c:798:35: style: Same expression on both sides of '/'. [duplicateExpression]
    TEST_ASSERT_DOUBLE_IS_INF(0.0 / d_zero);
                                  ^
external/unity/test/tests/self_assessment_utils.h:14:37: note: 'd_zero' is assigned value '0.0' here.
static const UNITY_DOUBLE d_zero = 0.0;
                                    ^
external/unity/test/tests/test_unity_doubles.c:798:35: note: Same expression on both sides of '/'.
    TEST_ASSERT_DOUBLE_IS_INF(0.0 / d_zero);
                                  ^
external/unity/test/tests/test_unity_doubles.c:832:47: style: Same expression on both sides of '/'. [duplicateExpression]
    TEST_ASSERT_DOUBLE_IS_NOT_DETERMINATE(0.0 / d_zero);
                                              ^
external/unity/test/tests/self_assessment_utils.h:14:37: note: 'd_zero' is assigned value '0.0' here.
static const UNITY_DOUBLE d_zero = 0.0;
                                    ^
external/unity/test/tests/test_unity_doubles.c:832:47: note: Same expression on both sides of '/'.
    TEST_ASSERT_DOUBLE_IS_NOT_DETERMINATE(0.0 / d_zero);
                                              ^
external/unity/test/tests/test_unity_doubles.c:994:29: style: Same expression on both sides of '/'. [duplicateExpression]
    double p0[] = {1.0, 0.0 / d_zero, 25.4, 0.253};
                            ^
external/unity/test/tests/self_assessment_utils.h:14:37: note: 'd_zero' is assigned value '0.0' here.
static const UNITY_DOUBLE d_zero = 0.0;
                                    ^
external/unity/test/tests/test_unity_doubles.c:994:29: note: Same expression on both sides of '/'.
    double p0[] = {1.0, 0.0 / d_zero, 25.4, 0.253};
                            ^
external/unity/test/tests/test_unity_doubles.c:995:29: style: Same expression on both sides of '/'. [duplicateExpression]
    double p1[] = {1.0, 0.0 / d_zero, 25.4, 0.253};
                            ^
external/unity/test/tests/self_assessment_utils.h:14:37: note: 'd_zero' is assigned value '0.0' here.
static const UNITY_DOUBLE d_zero = 0.0;
                                    ^
external/unity/test/tests/test_unity_doubles.c:995:29: note: Same expression on both sides of '/'.
    double p1[] = {1.0, 0.0 / d_zero, 25.4, 0.253};
                            ^
external/unity/test/tests/test_unity_doubles.c:1182:24: style: Same expression on both sides of '/'. [duplicateExpression]
    double p0[] = {0.0 / d_zero, 0.0 / d_zero, 0.0 / d_zero, 0.0 / d_zero};
                       ^
external/unity/test/tests/self_assessment_utils.h:14:37: note: 'd_zero' is assigned value '0.0' here.
static const UNITY_DOUBLE d_zero = 0.0;
                                    ^
external/unity/test/tests/test_unity_doubles.c:1182:24: note: Same expression on both sides of '/'.
    double p0[] = {0.0 / d_zero, 0.0 / d_zero, 0.0 / d_zero, 0.0 / d_zero};
                       ^
external/unity/test/tests/test_unity_doubles.c:1184:39: style: Same expression on both sides of '/'. [duplicateExpression]
    TEST_ASSERT_EACH_EQUAL_DOUBLE(0.0 / d_zero, p0, 4);
                                      ^
external/unity/test/tests/self_assessment_utils.h:14:37: note: 'd_zero' is assigned value '0.0' here.
static const UNITY_DOUBLE d_zero = 0.0;
                                    ^
external/unity/test/tests/test_unity_doubles.c:1184:39: note: Same expression on both sides of '/'.
    TEST_ASSERT_EACH_EQUAL_DOUBLE(0.0 / d_zero, p0, 4);
                                      ^
external/unity/test/tests/test_unity_floats.c:125:47: style: Same expression on both sides of '/'. [duplicateExpression]
    TEST_ASSERT_NOT_EQUAL_FLOAT(85.963f, 0.0f / f_zero);
                                              ^
external/unity/test/tests/self_assessment_utils.h:10:36: note: 'f_zero' is assigned value '0.0f' here.
static const UNITY_FLOAT f_zero = 0.0f;
                                   ^
external/unity/test/tests/test_unity_floats.c:125:47: note: Same expression on both sides of '/'.
    TEST_ASSERT_NOT_EQUAL_FLOAT(85.963f, 0.0f / f_zero);
                                              ^
external/unity/test/tests/test_unity_floats.c:128:43: style: Same expression on both sides of '/'. [duplicateExpression]
    TEST_ASSERT_EQUAL_FLOAT(85.963f, 0.0f / f_zero);
                                          ^
external/unity/test/tests/self_assessment_utils.h:10:36: note: 'f_zero' is assigned value '0.0f' here.
static const UNITY_FLOAT f_zero = 0.0f;
                                   ^
external/unity/test/tests/test_unity_floats.c:128:43: note: Same expression on both sides of '/'.
    TEST_ASSERT_EQUAL_FLOAT(85.963f, 0.0f / f_zero);
                                          ^
external/unity/test/tests/test_unity_floats.c:138:38: style: Same expression on both sides of '/'. [duplicateExpression]
    TEST_ASSERT_NOT_EQUAL_FLOAT(0.0f / f_zero, 85.963f);
                                     ^
external/unity/test/tests/self_assessment_utils.h:10:36: note: 'f_zero' is assigned value '0.0f' here.
static const UNITY_FLOAT f_zero = 0.0f;
                                   ^
external/unity/test/tests/test_unity_floats.c:138:38: note: Same expression on both sides of '/'.
    TEST_ASSERT_NOT_EQUAL_FLOAT(0.0f / f_zero, 85.963f);
                                     ^
external/unity/test/tests/test_unity_floats.c:141:34: style: Same expression on both sides of '/'. [duplicateExpression]
    TEST_ASSERT_EQUAL_FLOAT(0.0f / f_zero, 85.963f);
                                 ^
external/unity/test/tests/self_assessment_utils.h:10:36: note: 'f_zero' is assigned value '0.0f' here.
static const UNITY_FLOAT f_zero = 0.0f;
                                   ^
external/unity/test/tests/test_unity_floats.c:141:34: note: Same expression on both sides of '/'.
    TEST_ASSERT_EQUAL_FLOAT(0.0f / f_zero, 85.963f);
                                 ^
external/unity/test/tests/test_unity_floats.c:151:34: style: Same expression on both sides of '/'. [duplicateExpression]
    TEST_ASSERT_EQUAL_FLOAT(0.0f / f_zero, 0.0f / f_zero);
                                 ^
external/unity/test/tests/self_assessment_utils.h:10:36: note: 'f_zero' is assigned value '0.0f' here.
static const UNITY_FLOAT f_zero = 0.0f;
                                   ^
external/unity/test/tests/test_unity_floats.c:151:34: note: Same expression on both sides of '/'.
    TEST_ASSERT_EQUAL_FLOAT(0.0f / f_zero, 0.0f / f_zero);
                                 ^
external/unity/test/tests/test_unity_floats.c:154:38: style: Same expression on both sides of '/'. [duplicateExpression]
    TEST_ASSERT_NOT_EQUAL_FLOAT(0.0f / f_zero, 0.0f / f_zero);
                                     ^
external/unity/test/tests/self_assessment_utils.h:10:36: note: 'f_zero' is assigned value '0.0f' here.
static const UNITY_FLOAT f_zero = 0.0f;
                                   ^
external/unity/test/tests/test_unity_floats.c:154:38: note: Same expression on both sides of '/'.
    TEST_ASSERT_NOT_EQUAL_FLOAT(0.0f / f_zero, 0.0f / f_zero);
                                     ^
external/unity/test/tests/test_unity_floats.c:164:53: style: Same expression on both sides of '/'. [duplicateExpression]
    TEST_ASSERT_NOT_EQUAL_FLOAT(1.0f / f_zero, 0.0f / f_zero);
                                                    ^
external/unity/test/tests/self_assessment_utils.h:10:36: note: 'f_zero' is assigned value '0.0f' here.
static const UNITY_FLOAT f_zero = 0.0f;
                                   ^
external/unity/test/tests/test_unity_floats.c:164:53: note: Same expression on both sides of '/'.
    TEST_ASSERT_NOT_EQUAL_FLOAT(1.0f / f_zero, 0.0f / f_zero);
                                                    ^
external/unity/test/tests/test_unity_floats.c:167:49: style: Same expression on both sides of '/'. [duplicateExpression]
    TEST_ASSERT_EQUAL_FLOAT(1.0f / f_zero, 0.0f / f_zero);
                                                ^
external/unity/test/tests/self_assessment_utils.h:10:36: note: 'f_zero' is assigned value '0.0f' here.
static const UNITY_FLOAT f_zero = 0.0f;
                                   ^
external/unity/test/tests/test_unity_floats.c:167:49: note: Same expression on both sides of '/'.
    TEST_ASSERT_EQUAL_FLOAT(1.0f / f_zero, 0.0f / f_zero);
                                                ^
external/unity/test/tests/test_unity_floats.c:177:38: style: Same expression on both sides of '/'. [duplicateExpression]
    TEST_ASSERT_NOT_EQUAL_FLOAT(0.0f / f_zero, 1.0f / f_zero);
                                     ^
external/unity/test/tests/self_assessment_utils.h:10:36: note: 'f_zero' is assigned value '0.0f' here.
static const UNITY_FLOAT f_zero = 0.0f;
                                   ^
external/unity/test/tests/test_unity_floats.c:177:38: note: Same expression on both sides of '/'.
    TEST_ASSERT_NOT_EQUAL_FLOAT(0.0f / f_zero, 1.0f / f_zero);
                                     ^
external/unity/test/tests/test_unity_floats.c:180:34: style: Same expression on both sides of '/'. [duplicateExpression]
    TEST_ASSERT_EQUAL_FLOAT(0.0f / f_zero, 1.0f / f_zero);
                                 ^
external/unity/test/tests/self_assessment_utils.h:10:36: note: 'f_zero' is assigned value '0.0f' here.
static const UNITY_FLOAT f_zero = 0.0f;
                                   ^
external/unity/test/tests/test_unity_floats.c:180:34: note: Same expression on both sides of '/'.
    TEST_ASSERT_EQUAL_FLOAT(0.0f / f_zero, 1.0f / f_zero);
                                 ^
external/unity/test/tests/test_unity_floats.c:276:47: style: Same expression on both sides of '/'. [duplicateExpression]
    TEST_ASSERT_GREATER_THAN_FLOAT(1.0f, 0.0f / f_zero);
                                              ^
external/unity/test/tests/self_assessment_utils.h:10:36: note: 'f_zero' is assigned value '0.0f' here.
static const UNITY_FLOAT f_zero = 0.0f;
                                   ^
external/unity/test/tests/test_unity_floats.c:276:47: note: Same expression on both sides of '/'.
    TEST_ASSERT_GREATER_THAN_FLOAT(1.0f, 0.0f / f_zero);
                                              ^
external/unity/test/tests/test_unity_floats.c:287:41: style: Same expression on both sides of '/'. [duplicateExpression]
    TEST_ASSERT_GREATER_THAN_FLOAT(0.0f / f_zero, 1.0f);
                                        ^
external/unity/test/tests/self_assessment_utils.h:10:36: note: 'f_zero' is assigned value '0.0f' here.
static const UNITY_FLOAT f_zero = 0.0f;
                                   ^
external/unity/test/tests/test_unity_floats.c:287:41: note: Same expression on both sides of '/'.
    TEST_ASSERT_GREATER_THAN_FLOAT(0.0f / f_zero, 1.0f);
                                        ^
external/unity/test/tests/test_unity_floats.c:298:41: style: Same expression on both sides of '/'. [duplicateExpression]
    TEST_ASSERT_GREATER_THAN_FLOAT(0.0f / f_zero, 0.0f / f_zero);
                                        ^
external/unity/test/tests/self_assessment_utils.h:10:36: note: 'f_zero' is assigned value '0.0f' here.
static const UNITY_FLOAT f_zero = 0.0f;
                                   ^
external/unity/test/tests/test_unity_floats.c:298:41: note: Same expression on both sides of '/'.
    TEST_ASSERT_GREATER_THAN_FLOAT(0.0f / f_zero, 0.0f / f_zero);
                                        ^
external/unity/test/tests/test_unity_floats.c:388:51: style: Same expression on both sides of '/'. [duplicateExpression]
    TEST_ASSERT_GREATER_OR_EQUAL_FLOAT(1.0f, 0.0f / f_zero);
                                                  ^
external/unity/test/tests/self_assessment_utils.h:10:36: note: 'f_zero' is assigned value '0.0f' here.
static const UNITY_FLOAT f_zero = 0.0f;
                                   ^
external/unity/test/tests/test_unity_floats.c:388:51: note: Same expression on both sides of '/'.
    TEST_ASSERT_GREATER_OR_EQUAL_FLOAT(1.0f, 0.0f / f_zero);
                                                  ^
external/unity/test/tests/test_unity_floats.c:399:45: style: Same expression on both sides of '/'. [duplicateExpression]
    TEST_ASSERT_GREATER_OR_EQUAL_FLOAT(0.0f / f_zero, 1.0f);
                                            ^
external/unity/test/tests/self_assessment_utils.h:10:36: note: 'f_zero' is assigned value '0.0f' here.
static const UNITY_FLOAT f_zero = 0.0f;
                                   ^
external/unity/test/tests/test_unity_floats.c:399:45: note: Same expression on both sides of '/'.
    TEST_ASSERT_GREATER_OR_EQUAL_FLOAT(0.0f / f_zero, 1.0f);
                                            ^
external/unity/test/tests/test_unity_floats.c:409:45: style: Same expression on both sides of '/'. [duplicateExpression]
    TEST_ASSERT_GREATER_OR_EQUAL_FLOAT(0.0f / f_zero, 0.0f / f_zero);
                                            ^
external/unity/test/tests/self_assessment_utils.h:10:36: note: 'f_zero' is assigned value '0.0f' here.
static const UNITY_FLOAT f_zero = 0.0f;
                                   ^
external/unity/test/tests/test_unity_floats.c:409:45: note: Same expression on both sides of '/'.
    TEST_ASSERT_GREATER_OR_EQUAL_FLOAT(0.0f / f_zero, 0.0f / f_zero);
                                            ^
external/unity/test/tests/test_unity_floats.c:492:44: style: Same expression on both sides of '/'. [duplicateExpression]
    TEST_ASSERT_LESS_THAN_FLOAT(1.0f, 0.0f / f_zero);
                                           ^
external/unity/test/tests/self_assessment_utils.h:10:36: note: 'f_zero' is assigned value '0.0f' here.
static const UNITY_FLOAT f_zero = 0.0f;
                                   ^
external/unity/test/tests/test_unity_floats.c:492:44: note: Same expression on both sides of '/'.
    TEST_ASSERT_LESS_THAN_FLOAT(1.0f, 0.0f / f_zero);
                                           ^
external/unity/test/tests/test_unity_floats.c:503:38: style: Same expression on both sides of '/'. [duplicateExpression]
    TEST_ASSERT_LESS_THAN_FLOAT(0.0f / f_zero, 1.0f);
                                     ^
external/unity/test/tests/self_assessment_utils.h:10:36: note: 'f_zero' is assigned value '0.0f' here.
static const UNITY_FLOAT f_zero = 0.0f;
                                   ^
external/unity/test/tests/test_unity_floats.c:503:38: note: Same expression on both sides of '/'.
    TEST_ASSERT_LESS_THAN_FLOAT(0.0f / f_zero, 1.0f);
                                     ^
external/unity/test/tests/test_unity_floats.c:514:38: style: Same expression on both sides of '/'. [duplicateExpression]
    TEST_ASSERT_LESS_THAN_FLOAT(0.0f / f_zero, 0.0f / f_zero);
                                     ^
external/unity/test/tests/self_assessment_utils.h:10:36: note: 'f_zero' is assigned value '0.0f' here.
static const UNITY_FLOAT f_zero = 0.0f;
                                   ^
external/unity/test/tests/test_unity_floats.c:514:38: note: Same expression on both sides of '/'.
    TEST_ASSERT_LESS_THAN_FLOAT(0.0f / f_zero, 0.0f / f_zero);
                                     ^
external/unity/test/tests/test_unity_floats.c:603:48: style: Same expression on both sides of '/'. [duplicateExpression]
    TEST_ASSERT_LESS_OR_EQUAL_FLOAT(1.0f, 0.0f / f_zero);
                                               ^
external/unity/test/tests/self_assessment_utils.h:10:36: note: 'f_zero' is assigned value '0.0f' here.
static const UNITY_FLOAT f_zero = 0.0f;
                                   ^
external/unity/test/tests/test_unity_floats.c:603:48: note: Same expression on both sides of '/'.
    TEST_ASSERT_LESS_OR_EQUAL_FLOAT(1.0f, 0.0f / f_zero);
                                               ^
external/unity/test/tests/test_unity_floats.c:614:42: style: Same expression on both sides of '/'. [duplicateExpression]
    TEST_ASSERT_LESS_OR_EQUAL_FLOAT(0.0f / f_zero, 1.0f);
                                         ^
external/unity/test/tests/self_assessment_utils.h:10:36: note: 'f_zero' is assigned value '0.0f' here.
static const UNITY_FLOAT f_zero = 0.0f;
                                   ^
external/unity/test/tests/test_unity_floats.c:614:42: note: Same expression on both sides of '/'.
    TEST_ASSERT_LESS_OR_EQUAL_FLOAT(0.0f / f_zero, 1.0f);
                                         ^
external/unity/test/tests/test_unity_floats.c:624:42: style: Same expression on both sides of '/'. [duplicateExpression]
    TEST_ASSERT_LESS_OR_EQUAL_FLOAT(0.0f / f_zero, 0.0f / f_zero);
                                         ^
external/unity/test/tests/self_assessment_utils.h:10:36: note: 'f_zero' is assigned value '0.0f' here.
static const UNITY_FLOAT f_zero = 0.0f;
                                   ^
external/unity/test/tests/test_unity_floats.c:624:42: note: Same expression on both sides of '/'.
    TEST_ASSERT_LESS_OR_EQUAL_FLOAT(0.0f / f_zero, 0.0f / f_zero);
                                         ^
external/unity/test/tests/test_unity_floats.c:744:35: style: Same expression on both sides of '/'. [duplicateExpression]
    TEST_ASSERT_FLOAT_IS_NAN(0.0f / f_zero);
                                  ^
external/unity/test/tests/self_assessment_utils.h:10:36: note: 'f_zero' is assigned value '0.0f' here.
static const UNITY_FLOAT f_zero = 0.0f;
                                   ^
external/unity/test/tests/test_unity_floats.c:744:35: note: Same expression on both sides of '/'.
    TEST_ASSERT_FLOAT_IS_NAN(0.0f / f_zero);
                                  ^
external/unity/test/tests/test_unity_floats.c:754:39: style: Same expression on both sides of '/'. [duplicateExpression]
    TEST_ASSERT_FLOAT_IS_NOT_NAN(0.0f / f_zero);
                                      ^
external/unity/test/tests/self_assessment_utils.h:10:36: note: 'f_zero' is assigned value '0.0f' here.
static const UNITY_FLOAT f_zero = 0.0f;
                                   ^
external/unity/test/tests/test_unity_floats.c:754:39: note: Same expression on both sides of '/'.
    TEST_ASSERT_FLOAT_IS_NOT_NAN(0.0f / f_zero);
                                      ^
external/unity/test/tests/test_unity_floats.c:796:35: style: Same expression on both sides of '/'. [duplicateExpression]
    TEST_ASSERT_FLOAT_IS_INF(0.0f / f_zero);
                                  ^
external/unity/test/tests/self_assessment_utils.h:10:36: note: 'f_zero' is assigned value '0.0f' here.
static const UNITY_FLOAT f_zero = 0.0f;
                                   ^
external/unity/test/tests/test_unity_floats.c:796:35: note: Same expression on both sides of '/'.
    TEST_ASSERT_FLOAT_IS_INF(0.0f / f_zero);
                                  ^
external/unity/test/tests/test_unity_floats.c:830:47: style: Same expression on both sides of '/'. [duplicateExpression]
    TEST_ASSERT_FLOAT_IS_NOT_DETERMINATE(0.0f / f_zero);
                                              ^
external/unity/test/tests/self_assessment_utils.h:10:36: note: 'f_zero' is assigned value '0.0f' here.
static const UNITY_FLOAT f_zero = 0.0f;
                                   ^
external/unity/test/tests/test_unity_floats.c:830:47: note: Same expression on both sides of '/'.
    TEST_ASSERT_FLOAT_IS_NOT_DETERMINATE(0.0f / f_zero);
                                              ^
external/unity/test/tests/test_unity_floats.c:992:30: style: Same expression on both sides of '/'. [duplicateExpression]
    float p0[] = {1.0f, 0.0f / f_zero, 25.4f, 0.253f};
                             ^
external/unity/test/tests/self_assessment_utils.h:10:36: note: 'f_zero' is assigned value '0.0f' here.
static const UNITY_FLOAT f_zero = 0.0f;
                                   ^
external/unity/test/tests/test_unity_floats.c:992:30: note: Same expression on both sides of '/'.
    float p0[] = {1.0f, 0.0f / f_zero, 25.4f, 0.253f};
                             ^
external/unity/test/tests/test_unity_floats.c:993:30: style: Same expression on both sides of '/'. [duplicateExpression]
    float p1[] = {1.0f, 0.0f / f_zero, 25.4f, 0.253f};
                             ^
external/unity/test/tests/self_assessment_utils.h:10:36: note: 'f_zero' is assigned value '0.0f' here.
static const UNITY_FLOAT f_zero = 0.0f;
                                   ^
external/unity/test/tests/test_unity_floats.c:993:30: note: Same expression on both sides of '/'.
    float p1[] = {1.0f, 0.0f / f_zero, 25.4f, 0.253f};
                             ^
external/unity/test/tests/test_unity_floats.c:1180:24: style: Same expression on both sides of '/'. [duplicateExpression]
    float p0[] = {0.0f / f_zero, 0.0f / f_zero, 0.0f / f_zero, 0.0f / f_zero};
                       ^
external/unity/test/tests/self_assessment_utils.h:10:36: note: 'f_zero' is assigned value '0.0f' here.
static const UNITY_FLOAT f_zero = 0.0f;
                                   ^
external/unity/test/tests/test_unity_floats.c:1180:24: note: Same expression on both sides of '/'.
    float p0[] = {0.0f / f_zero, 0.0f / f_zero, 0.0f / f_zero, 0.0f / f_zero};
                       ^
external/unity/test/tests/test_unity_floats.c:1182:39: style: Same expression on both sides of '/'. [duplicateExpression]
    TEST_ASSERT_EACH_EQUAL_FLOAT(0.0f / f_zero, p0, 4);
                                      ^
external/unity/test/tests/self_assessment_utils.h:10:36: note: 'f_zero' is assigned value '0.0f' here.
static const UNITY_FLOAT f_zero = 0.0f;
                                   ^
external/unity/test/tests/test_unity_floats.c:1182:39: note: Same expression on both sides of '/'.
    TEST_ASSERT_EACH_EQUAL_FLOAT(0.0f / f_zero, p0, 4);
                                      ^
external/unity/test/tests/test_unity_floats.c:1380:17: style: Variable 'u.int_value' is reassigned a value before the old one has been used. [redundantAssignment]
    u.int_value = 0x7fffffff; printFloatValue(u.f_value);
                ^
external/unity/test/tests/test_unity_floats.c:1379:17: note: u.int_value is assigned
    u.int_value = 0x80000000; printFloatValue(u.f_value);
                ^
external/unity/test/tests/test_unity_floats.c:1380:17: note: u.int_value is overwritten
    u.int_value = 0x7fffffff; printFloatValue(u.f_value);
                ^
external/unity/test/tests/test_unity_floats.c:1381:17: style: Variable 'u.int_value' is reassigned a value before the old one has been used. [redundantAssignment]
    u.int_value = 0xffffffff; printFloatValue(u.f_value);
                ^
external/unity/test/tests/test_unity_floats.c:1380:17: note: u.int_value is assigned
    u.int_value = 0x7fffffff; printFloatValue(u.f_value);
                ^
external/unity/test/tests/test_unity_floats.c:1381:17: note: u.int_value is overwritten
    u.int_value = 0xffffffff; printFloatValue(u.f_value);
                ^
external/unity/test/tests/test_unity_floats.c:1391:21: style: Variable 'u.int_value' is reassigned a value before the old one has been used. [redundantAssignment]
        u.int_value = a | 0x80000000; printFloatValue(u.f_value);
                    ^
external/unity/test/tests/test_unity_floats.c:1390:21: note: u.int_value is assigned
        u.int_value = a;              printFloatValue(u.f_value);
                    ^
external/unity/test/tests/test_unity_floats.c:1391:21: note: u.int_value is overwritten
        u.int_value = a | 0x80000000; printFloatValue(u.f_value);
                    ^
external/unity/test/tests/test_unity_floats.c:1286:5: style: Same expression on both sides of '/'. [duplicateExpression]
    TEST_ASSERT_EQUAL_PRINT_FLOATING("nan",   0.0f / f_zero);
    ^
external/unity/test/tests/self_assessment_utils.h:10:36: note: 'f_zero' is assigned value '0.0f' here.
static const UNITY_FLOAT f_zero = 0.0f;
                                   ^
external/unity/test/tests/test_unity_floats.c:1286:5: note: Same expression on both sides of '/'.
    TEST_ASSERT_EQUAL_PRINT_FLOATING("nan",   0.0f / f_zero);
    ^
external/unity/test/tests/test_unity_parameterized.c:74:1: error: There is an unknown macro here somewhere. Configuration is required. If TEST_CASE is a macro then please configure it. [unknownMacro]
TEST_CASE(0)
^
external/unity/examples/example_3/helper/UnityHelper.c:6:0: style: The function 'AssertEqualExampleStruct' is never used. [unusedFunction]

^
external/unity/examples/example_1/src/ProductionCode2.c:4:0: style: The function 'ThisFunctionHasNotBeenTested' is never used. [unusedFunction]

^
external/unity/src/unity.c:690:0: style: The function 'UnityAssertBits' is never used. [unusedFunction]

^
external/unity/src/unity.c:780:0: style: The function 'UnityAssertEqualIntArray' is never used. [unusedFunction]

^
external/unity/src/unity.c:1750:0: style: The function 'UnityAssertEqualMemory' is never used. [unusedFunction]

^
external/unity/src/unity.c:1588:0: style: The function 'UnityAssertEqualString' is never used. [unusedFunction]

^
external/unity/src/unity.c:1667:0: style: The function 'UnityAssertEqualStringArray' is never used. [unusedFunction]

^
external/unity/src/unity.c:1627:0: style: The function 'UnityAssertEqualStringLen' is never used. [unusedFunction]

^
external/unity/src/unity.c:1031:0: style: The function 'UnityAssertFloatsNotWithin' is never used. [unusedFunction]

^
external/unity/src/unity.c:1012:0: style: The function 'UnityAssertFloatsWithin' is never used. [unusedFunction]

^
external/unity/src/unity.c:1052:0: style: The function 'UnityAssertGreaterOrLessFloat' is never used. [unusedFunction]

^
external/unity/src/unity.c:732:0: style: The function 'UnityAssertGreaterOrLessOrEqualNumber' is never used. [unusedFunction]

^
external/unity/src/unity.c:1424:0: style: The function 'UnityAssertNumbersArrayWithin' is never used. [unusedFunction]

^
external/unity/src/unity.c:1377:0: style: The function 'UnityAssertNumbersWithin' is never used. [unusedFunction]

^
external/unity/src/unity.c:932:0: style: The function 'UnityAssertWithinFloatArray' is never used. [unusedFunction]

^
external/unity/src/unity.c:2183:0: style: The function 'UnityDefaultTestRun' is never used. [unusedFunction]

^
external/unity/src/unity.c:2114:0: style: The function 'UnityFail' is never used. [unusedFunction]

^
external/unity/src/unity.c:1865:0: style: The function 'UnityFloatToPtr' is never used. [unusedFunction]

^
external/unity/src/unity.c:2151:0: style: The function 'UnityIgnore' is never used. [unusedFunction]

^
external/unity/src/unity.c:2167:0: style: The function 'UnityMessage' is never used. [unusedFunction]

^
external/unity/src/unity.c:1839:0: style: The function 'UnityNumToPtr' is never used. [unusedFunction]

^
external/unity/extras/memory/test/unity_output_Spy.c:53:0: style: The function 'UnityOutputCharSpy_Enable' is never used. [unusedFunction]

^
external/unity/extras/memory/test/unity_output_Spy.c:48:0: style: The function 'UnityOutputCharSpy_Get' is never used. [unusedFunction]

^
external/unity/extras/memory/test/unity_output_Spy.c:35:0: style: The function 'UnityOutputCharSpy_OutputChar' is never used. [unusedFunction]

^
external/unity/extras/fixture/src/unity_fixture.c:156:0: style: The function 'UnityPointer_Set' is never used. [unusedFunction]

^
external/unity/src/unity.c:2205:0: style: The function 'UnitySetTestFile' is never used. [unusedFunction]

^
external/unity/extras/fixture/src/unity_fixture.c:66:0: style: The function 'UnityTestRunner' is never used. [unusedFunction]

^
external/unity/test/testdata/testRunnerGeneratorSmall.c:33:0: style: The function 'custom_setup' is never used. [unusedFunction]

^
external/unity/test/testdata/testRunnerGeneratorSmall.c:38:0: style: The function 'custom_teardown' is never used. [unusedFunction]

^
external/unity/test/testdata/testRunnerGeneratorSmall.c:16:0: style: The function 'flushSpy' is never used. [unusedFunction]

^
external/unity/test/testdata/testRunnerGeneratorSmall.c:15:0: style: The function 'putcharSpy' is never used. [unusedFunction]

^
POS/utils.c:85:0: style: The function 'remove_all_spaces' is never used. [unusedFunction]

^
external/unity/examples/example_1/test/test_runners/TestProductionCode2_Runner.c:37:0: style: The function 'resetTest' is never used. [unusedFunction]

^
external/unity/test/testdata/testRunnerGeneratorSmall.c:58:0: style: The function 'spec_ThisTestPassesWhenNormalSetupRan' is never used. [unusedFunction]

^
external/unity/test/testdata/testRunnerGeneratorSmall.c:63:0: style: The function 'spec_ThisTestPassesWhenNormalTeardownRan' is never used. [unusedFunction]

^
external/unity/test/tests/test_unity_arrays.c:64:0: style: The function 'tesUInt64ArrayNotWithinDelta' is never used. [unusedFunction]

^
external/unity/test/tests/test_unity_arrays.c:544:0: style: The function 'testCHARArrayNotWithinDelta' is never used. [unusedFunction]

^
external/unity/test/tests/test_unity_arrays.c:554:0: style: The function 'testCHARArrayNotWithinDeltaAndMessage' is never used. [unusedFunction]

^
external/unity/test/tests/test_unity_arrays.c:524:0: style: The function 'testCHARArrayWithinDelta' is never used. [unusedFunction]

^
external/unity/test/tests/test_unity_arrays.c:602:0: style: The function 'testCHARArrayWithinDeltaActualNull' is never used. [unusedFunction]

^
external/unity/test/tests/test_unity_arrays.c:611:0: style: The function 'testCHARArrayWithinDeltaActualNullAndMessage' is never used. [unusedFunction]

^
external/unity/test/tests/test_unity_arrays.c:534:0: style: The function 'testCHARArrayWithinDeltaAndMessage' is never used. [unusedFunction]

^
external/unity/test/tests/test_unity_arrays.c:584:0: style: The function 'testCHARArrayWithinDeltaExpectedNull' is never used. [unusedFunction]

^
external/unity/test/tests/test_unity_arrays.c:593:0: style: The function 'testCHARArrayWithinDeltaExpectedNullAndMessage' is never used. [unusedFunction]

^
external/unity/test/tests/test_unity_arrays.c:564:0: style: The function 'testCHARArrayWithinDeltaPointless' is never used. [unusedFunction]

^
external/unity/test/tests/test_unity_arrays.c:574:0: style: The function 'testCHARArrayWithinDeltaPointlessAndMessage' is never used. [unusedFunction]

^
external/unity/test/tests/test_unity_arrays.c:620:0: style: The function 'testCHARArrayWithinDeltaSamePointer' is never used. [unusedFunction]

^
external/unity/test/tests/test_unity_arrays.c:627:0: style: The function 'testCHARArrayWithinDeltaSamePointerAndMessage' is never used. [unusedFunction]

^
external/unity/test/tests/test_unity_integers.c:1175:0: style: The function 'testCHARsNotWithinDelta' is never used. [unusedFunction]

^
external/unity/test/tests/test_unity_integers.c:1182:0: style: The function 'testCHARsNotWithinDeltaAndCustomMessage' is never used. [unusedFunction]

^
external/unity/test/tests/test_unity_integers.c:1153:0: style: The function 'testCHARsWithinDelta' is never used. [unusedFunction]

^
external/unity/test/tests/test_unity_integers.c:1160:0: style: The function 'testCHARsWithinDeltaAndCustomMessage' is never used. [unusedFunction]

^
external/unity/test/tests/test_unity_integers.c:1165:0: style: The function 'testCHARsWithinDeltaWhenThereAreDifferenceOutsideOf8Bits' is never used. [unusedFunction]

^
external/unity/test/tests/test_unity_integers.c:1170:0: style: The function 'testCHARsWithinDeltaWhenThereAreDifferenceOutsideOf8BitsAndCustomMessage' is never used. [unusedFunction]

^
external/unity/test/tests/test_unity_strings.c:319:0: style: The function 'testCstringsEscapeSequence' is never used. [unusedFunction]

^
external/unity/test/tests/test_unity_doubles.c:1027:0: style: The function 'testDoubleArraysWithin' is never used. [unusedFunction]

^
external/unity/test/tests/test_unity_doubles.c:1052:0: style: The function 'testDoubleArraysWithinUnusualDelta' is never used. [unusedFunction]

^
external/unity/test/tests/test_unity_doubles.c:781:0: style: The function 'testDoubleInfIsNotNan' is never used. [unusedFunction]

^
external/unity/test/tests/test_unity_doubles.c:803:0: style: The function 'testDoubleIsDeterminate1' is never used. [unusedFunction]

^
external/unity/test/tests/test_unity_doubles.c:814:0: style: The function 'testDoubleIsDeterminate2' is never used. [unusedFunction]

^
external/unity/test/tests/test_unity_doubles.c:741:0: style: The function 'testDoubleIsNan1' is never used. [unusedFunction]

^
external/unity/test/tests/test_unity_doubles.c:750:0: style: The function 'testDoubleIsNan2' is never used. [unusedFunction]

^
external/unity/test/tests/test_unity_doubles.c:690:0: style: The function 'testDoubleIsNegInf1' is never used. [unusedFunction]

^
external/unity/test/tests/test_unity_doubles.c:699:0: style: The function 'testDoubleIsNegInf2' is never used. [unusedFunction]

^
external/unity/test/tests/test_unity_doubles.c:825:0: style: The function 'testDoubleIsNotDeterminate1' is never used. [unusedFunction]

^
external/unity/test/tests/test_unity_doubles.c:836:0: style: The function 'testDoubleIsNotDeterminate2' is never used. [unusedFunction]

^
external/unity/test/tests/test_unity_doubles.c:761:0: style: The function 'testDoubleIsNotNan1' is never used. [unusedFunction]

^
external/unity/test/tests/test_unity_doubles.c:772:0: style: The function 'testDoubleIsNotNan2' is never used. [unusedFunction]

^
external/unity/test/tests/test_unity_doubles.c:730:0: style: The function 'testDoubleIsNotNegInf' is never used. [unusedFunction]

^
external/unity/test/tests/test_unity_doubles.c:710:0: style: The function 'testDoubleIsNotPosInf1' is never used. [unusedFunction]

^
external/unity/test/tests/test_unity_doubles.c:721:0: style: The function 'testDoubleIsNotPosInf2' is never used. [unusedFunction]

^
external/unity/test/tests/test_unity_doubles.c:670:0: style: The function 'testDoubleIsPosInf1' is never used. [unusedFunction]

^
external/unity/test/tests/test_unity_doubles.c:679:0: style: The function 'testDoubleIsPosInf2' is never used. [unusedFunction]

^
external/unity/test/tests/test_unity_doubles.c:792:0: style: The function 'testDoubleNanIsNotInf' is never used. [unusedFunction]

^
external/unity/test/tests/test_unity_doubles.c:1212:0: style: The function 'testDoublePrinting' is never used. [unusedFunction]

^
external/unity/test/tests/test_unity_doubles.c:1274:0: style: The function 'testDoublePrintingInfinityAndNaN' is never used. [unusedFunction]

^
external/unity/test/tests/test_unity_doubles.c:1259:0: style: The function 'testDoublePrintingRoundTiesToEven' is never used. [unusedFunction]

^
external/unity/test/tests/test_unity_doubles.c:847:0: style: The function 'testDoubleTraitFailsOnInvalidTrait' is never used. [unusedFunction]

^
external/unity/test/tests/test_unity_doubles.c:66:0: style: The function 'testDoublesEqual' is never used. [unusedFunction]

^
external/unity/test/tests/test_unity_doubles.c:212:0: style: The function 'testDoublesEqualBothInf' is never used. [unusedFunction]

^
external/unity/test/tests/test_unity_doubles.c:147:0: style: The function 'testDoublesEqualBothNaN' is never used. [unusedFunction]

^
external/unity/test/tests/test_unity_doubles.c:348:0: style: The function 'testDoublesGreaterOrEqual' is never used. [unusedFunction]

^
external/unity/test/tests/test_unity_doubles.c:436:0: style: The function 'testDoublesGreaterOrEqualBothInf' is never used. [unusedFunction]

^
external/unity/test/tests/test_unity_doubles.c:445:0: style: The function 'testDoublesGreaterOrEqualBothNegInf' is never used. [unusedFunction]

^
external/unity/test/tests/test_unity_doubles.c:361:0: style: The function 'testDoublesGreaterOrEqualInf' is never used. [unusedFunction]

^
external/unity/test/tests/test_unity_doubles.c:405:0: style: The function 'testDoublesGreaterOrEqualNanBoth' is never used. [unusedFunction]

^
external/unity/test/tests/test_unity_doubles.c:238:0: style: The function 'testDoublesGreaterThan' is never used. [unusedFunction]

^
external/unity/test/tests/test_unity_doubles.c:249:0: style: The function 'testDoublesGreaterThanInf' is never used. [unusedFunction]

^
external/unity/test/tests/test_unity_doubles.c:564:0: style: The function 'testDoublesLessOrEqual' is never used. [unusedFunction]

^
external/unity/test/tests/test_unity_doubles.c:652:0: style: The function 'testDoublesLessOrEqualBothInf' is never used. [unusedFunction]

^
external/unity/test/tests/test_unity_doubles.c:661:0: style: The function 'testDoublesLessOrEqualBothNegInf' is never used. [unusedFunction]

^
external/unity/test/tests/test_unity_doubles.c:577:0: style: The function 'testDoublesLessOrEqualInf' is never used. [unusedFunction]

^
external/unity/test/tests/test_unity_doubles.c:621:0: style: The function 'testDoublesLessOrEqualNanBoth' is never used. [unusedFunction]

^
external/unity/test/tests/test_unity_doubles.c:454:0: style: The function 'testDoublesLessThan' is never used. [unusedFunction]

^
external/unity/test/tests/test_unity_doubles.c:465:0: style: The function 'testDoublesLessThanInf' is never used. [unusedFunction]

^
external/unity/test/tests/test_unity_doubles.c:82:0: style: The function 'testDoublesNotEqual' is never used. [unusedFunction]

^
external/unity/test/tests/test_unity_doubles.c:186:0: style: The function 'testDoublesNotEqualActualInf' is never used. [unusedFunction]

^
external/unity/test/tests/test_unity_doubles.c:121:0: style: The function 'testDoublesNotEqualActualNaN' is never used. [unusedFunction]

^
external/unity/test/tests/test_unity_doubles.c:199:0: style: The function 'testDoublesNotEqualExpectedInf' is never used. [unusedFunction]

^
external/unity/test/tests/test_unity_doubles.c:134:0: style: The function 'testDoublesNotEqualExpectedNaN' is never used. [unusedFunction]

^
external/unity/test/tests/test_unity_doubles.c:160:0: style: The function 'testDoublesNotEqualInfNaN' is never used. [unusedFunction]

^
external/unity/test/tests/test_unity_doubles.c:173:0: style: The function 'testDoublesNotEqualNaNInf' is never used. [unusedFunction]

^
external/unity/test/tests/test_unity_doubles.c:95:0: style: The function 'testDoublesNotEqualNegative1' is never used. [unusedFunction]

^
external/unity/test/tests/test_unity_doubles.c:108:0: style: The function 'testDoublesNotEqualNegative2' is never used. [unusedFunction]

^
external/unity/test/tests/test_unity_doubles.c:225:0: style: The function 'testDoublesNotEqualPlusMinusInf' is never used. [unusedFunction]

^
external/unity/test/tests/test_unity_doubles.c:372:0: style: The function 'testDoublesNotGreaterOrEqual' is never used. [unusedFunction]

^
external/unity/test/tests/test_unity_doubles.c:414:0: style: The function 'testDoublesNotGreaterOrEqualInfActual' is never used. [unusedFunction]

^
external/unity/test/tests/test_unity_doubles.c:383:0: style: The function 'testDoublesNotGreaterOrEqualNanActual' is never used. [unusedFunction]

^
external/unity/test/tests/test_unity_doubles.c:394:0: style: The function 'testDoublesNotGreaterOrEqualNanThreshold' is never used. [unusedFunction]

^
external/unity/test/tests/test_unity_doubles.c:425:0: style: The function 'testDoublesNotGreaterOrEqualNegInf' is never used. [unusedFunction]

^
external/unity/test/tests/test_unity_doubles.c:260:0: style: The function 'testDoublesNotGreaterThan' is never used. [unusedFunction]

^
external/unity/test/tests/test_unity_doubles.c:326:0: style: The function 'testDoublesNotGreaterThanBothInf' is never used. [unusedFunction]

^
external/unity/test/tests/test_unity_doubles.c:337:0: style: The function 'testDoublesNotGreaterThanBothNegInf' is never used. [unusedFunction]

^
external/unity/test/tests/test_unity_doubles.c:304:0: style: The function 'testDoublesNotGreaterThanInfActual' is never used. [unusedFunction]

^
external/unity/test/tests/test_unity_doubles.c:271:0: style: The function 'testDoublesNotGreaterThanNanActual' is never used. [unusedFunction]

^
external/unity/test/tests/test_unity_doubles.c:293:0: style: The function 'testDoublesNotGreaterThanNanBoth' is never used. [unusedFunction]

^
external/unity/test/tests/test_unity_doubles.c:282:0: style: The function 'testDoublesNotGreaterThanNanThreshold' is never used. [unusedFunction]

^
external/unity/test/tests/test_unity_doubles.c:315:0: style: The function 'testDoublesNotGreaterThanNegInf' is never used. [unusedFunction]

^
external/unity/test/tests/test_unity_doubles.c:588:0: style: The function 'testDoublesNotLessOrEqual' is never used. [unusedFunction]

^
external/unity/test/tests/test_unity_doubles.c:630:0: style: The function 'testDoublesNotLessOrEqualInf' is never used. [unusedFunction]

^
external/unity/test/tests/test_unity_doubles.c:599:0: style: The function 'testDoublesNotLessOrEqualNanActual' is never used. [unusedFunction]

^
external/unity/test/tests/test_unity_doubles.c:610:0: style: The function 'testDoublesNotLessOrEqualNanThreshold' is never used. [unusedFunction]

^
external/unity/test/tests/test_unity_doubles.c:641:0: style: The function 'testDoublesNotLessOrEqualNegInf' is never used. [unusedFunction]

^
external/unity/test/tests/test_unity_doubles.c:476:0: style: The function 'testDoublesNotLessThan' is never used. [unusedFunction]

^
external/unity/test/tests/test_unity_doubles.c:542:0: style: The function 'testDoublesNotLessThanBothInf' is never used. [unusedFunction]

^
external/unity/test/tests/test_unity_doubles.c:553:0: style: The function 'testDoublesNotLessThanBothNegInf' is never used. [unusedFunction]

^
external/unity/test/tests/test_unity_doubles.c:520:0: style: The function 'testDoublesNotLessThanInf' is never used. [unusedFunction]

^
external/unity/test/tests/test_unity_doubles.c:487:0: style: The function 'testDoublesNotLessThanNanActual' is never used. [unusedFunction]

^
external/unity/test/tests/test_unity_doubles.c:509:0: style: The function 'testDoublesNotLessThanNanBoth' is never used. [unusedFunction]

^
external/unity/test/tests/test_unity_doubles.c:498:0: style: The function 'testDoublesNotLessThanNanThreshold' is never used. [unusedFunction]

^
external/unity/test/tests/test_unity_doubles.c:531:0: style: The function 'testDoublesNotLessThanNegInf' is never used. [unusedFunction]

^
external/unity/test/tests/test_unity_doubles.c:52:0: style: The function 'testDoublesNotWithinDelta' is never used. [unusedFunction]

^
external/unity/test/tests/test_unity_doubles.c:36:0: style: The function 'testDoublesWithinDelta' is never used. [unusedFunction]

^
external/unity/test/tests/test_unity_integers.c:543:0: style: The function 'testEqualBits' is never used. [unusedFunction]

^
external/unity/test/tests/test_unity_arrays.c:1979:0: style: The function 'testEqualCHARArrays' is never used. [unusedFunction]

^
external/unity/test/tests/test_unity_arrays.c:2003:0: style: The function 'testEqualCHAREachEqual' is never used. [unusedFunction]

^
external/unity/test/tests/test_unity_integers.c:245:0: style: The function 'testEqualChars' is never used. [unusedFunction]

^
external/unity/test/tests/test_unity_integers.c:264:0: style: The function 'testEqualCharsWhenThereAreDifferencesOutside8Bits' is never used. [unusedFunction]

^
external/unity/test/tests/test_unity_doubles.c:858:0: style: The function 'testEqualDoubleArrays' is never used. [unusedFunction]

^
external/unity/test/tests/test_unity_doubles.c:1001:0: style: The function 'testEqualDoubleArraysInf' is never used. [unusedFunction]

^
external/unity/test/tests/test_unity_doubles.c:989:0: style: The function 'testEqualDoubleArraysNaN' is never used. [unusedFunction]

^
external/unity/test/tests/test_unity_doubles.c:1068:0: style: The function 'testEqualDoubleEachEqual' is never used. [unusedFunction]

^
external/unity/test/tests/test_unity_doubles.c:1188:0: style: The function 'testEqualDoubleEachEqualInf' is never used. [unusedFunction]

^
external/unity/test/tests/test_unity_doubles.c:1177:0: style: The function 'testEqualDoubleEachEqualNaN' is never used. [unusedFunction]

^
external/unity/test/tests/test_unity_floats.c:856:0: style: The function 'testEqualFloatArrays' is never used. [unusedFunction]

^
external/unity/test/tests/test_unity_floats.c:999:0: style: The function 'testEqualFloatArraysInf' is never used. [unusedFunction]

^
external/unity/test/tests/test_unity_floats.c:987:0: style: The function 'testEqualFloatArraysNaN' is never used. [unusedFunction]

^
external/unity/test/tests/test_unity_floats.c:1066:0: style: The function 'testEqualFloatEachEqual' is never used. [unusedFunction]

^
external/unity/test/tests/test_unity_floats.c:1186:0: style: The function 'testEqualFloatEachEqualInf' is never used. [unusedFunction]

^
external/unity/test/tests/test_unity_floats.c:1175:0: style: The function 'testEqualFloatEachEqualNaN' is never used. [unusedFunction]

^
external/unity/test/tests/test_unity_arrays.c:2426:0: style: The function 'testEqualHEX16Arrays' is never used. [unusedFunction]

^
external/unity/test/tests/test_unity_arrays.c:2719:0: style: The function 'testEqualHEX16EachEqual' is never used. [unusedFunction]

^
external/unity/test/tests/test_unity_arrays.c:2382:0: style: The function 'testEqualHEX32Arrays' is never used. [unusedFunction]

^
external/unity/test/tests/test_unity_arrays.c:2678:0: style: The function 'testEqualHEX32EachEqual' is never used. [unusedFunction]

^
external/unity/test/tests/test_unity_arrays.c:2801:0: style: The function 'testEqualHEX64Arrays' is never used. [unusedFunction]

^
external/unity/test/tests/test_unity_arrays.c:2470:0: style: The function 'testEqualHEX8Arrays' is never used. [unusedFunction]

^
external/unity/test/tests/test_unity_arrays.c:2760:0: style: The function 'testEqualHEX8EachEqual' is never used. [unusedFunction]

^
external/unity/test/tests/test_unity_arrays.c:2338:0: style: The function 'testEqualHEXArrays' is never used. [unusedFunction]

^
external/unity/test/tests/test_unity_arrays.c:2637:0: style: The function 'testEqualHEXEachEqual' is never used. [unusedFunction]

^
external/unity/test/tests/test_unity_integers.c:499:0: style: The function 'testEqualHex16s' is never used. [unusedFunction]

^
external/unity/test/tests/test_unity_integers.c:518:0: style: The function 'testEqualHex16sWhenThereAreDifferencesOutside16Bits' is never used. [unusedFunction]

^
external/unity/test/tests/test_unity_integers.c:524:0: style: The function 'testEqualHex32s' is never used. [unusedFunction]

^
external/unity/test/tests/test_unity_integers_64.c:510:0: style: The function 'testEqualHex64s' is never used. [unusedFunction]

^
external/unity/test/tests/test_unity_integers.c:455:0: style: The function 'testEqualHex8s' is never used. [unusedFunction]

^
external/unity/test/tests/test_unity_integers.c:480:0: style: The function 'testEqualHex8sNegatives' is never used. [unusedFunction]

^
external/unity/test/tests/test_unity_integers.c:474:0: style: The function 'testEqualHex8sWhenThereAreDifferencesOutside8Bits' is never used. [unusedFunction]

^
external/unity/test/tests/test_unity_arrays.c:2111:0: style: The function 'testEqualInt16Arrays' is never used. [unusedFunction]

^
external/unity/test/tests/test_unity_arrays.c:2135:0: style: The function 'testEqualInt16EachEqual' is never used. [unusedFunction]

^
external/unity/test/tests/test_unity_integers.c:271:0: style: The function 'testEqualInt16s' is never used. [unusedFunction]

^
external/unity/test/tests/test_unity_integers.c:290:0: style: The function 'testEqualInt16sNegatives' is never used. [unusedFunction]

^
external/unity/test/tests/test_unity_integers.c:309:0: style: The function 'testEqualInt16sWhenThereAreDifferencesOutside16Bits' is never used. [unusedFunction]

^
external/unity/test/tests/test_unity_arrays.c:2158:0: style: The function 'testEqualInt32Arrays' is never used. [unusedFunction]

^
external/unity/test/tests/test_unity_arrays.c:2182:0: style: The function 'testEqualInt32EachEqual' is never used. [unusedFunction]

^
external/unity/test/tests/test_unity_integers.c:315:0: style: The function 'testEqualInt32s' is never used. [unusedFunction]

^
external/unity/test/tests/test_unity_integers.c:334:0: style: The function 'testEqualInt32sNegatives' is never used. [unusedFunction]

^
external/unity/test/tests/test_unity_arrays.c:2837:0: style: The function 'testEqualInt64Arrays' is never used. [unusedFunction]

^
external/unity/test/tests/test_unity_integers_64.c:556:0: style: The function 'testEqualInt64s' is never used. [unusedFunction]

^
external/unity/test/tests/test_unity_arrays.c:1932:0: style: The function 'testEqualInt8Arrays' is never used. [unusedFunction]

^
external/unity/test/tests/test_unity_arrays.c:1956:0: style: The function 'testEqualInt8EachEqual' is never used. [unusedFunction]

^
external/unity/test/tests/test_unity_integers.c:220:0: style: The function 'testEqualInt8s' is never used. [unusedFunction]

^
external/unity/test/tests/test_unity_integers.c:239:0: style: The function 'testEqualInt8sWhenThereAreDifferencesOutside8Bits' is never used. [unusedFunction]

^
external/unity/test/tests/test_unity_arrays.c:1647:0: style: The function 'testEqualIntArrays' is never used. [unusedFunction]

^
external/unity/test/tests/test_unity_arrays.c:1722:0: style: The function 'testEqualIntEachEqual' is never used. [unusedFunction]

^
external/unity/test/tests/test_unity_integers.c:200:0: style: The function 'testEqualInts' is never used. [unusedFunction]

^
external/unity/test/tests/test_unity_memory.c:36:0: style: The function 'testEqualMemory' is never used. [unusedFunction]

^
external/unity/test/tests/test_unity_integers.c:678:0: style: The function 'testEqualPointers' is never used. [unusedFunction]

^
external/unity/test/tests/test_unity_arrays.c:1781:0: style: The function 'testEqualPtrArrays' is never used. [unusedFunction]

^
external/unity/test/tests/test_unity_arrays.c:1861:0: style: The function 'testEqualPtrEachEqual' is never used. [unusedFunction]

^
external/unity/test/tests/test_unity_integers.c:599:0: style: The function 'testEqualShorts' is never used. [unusedFunction]

^
external/unity/test/tests/test_unity_strings.c:246:0: style: The function 'testEqualStringArrayIfBothNulls' is never used. [unusedFunction]

^
external/unity/test/tests/test_unity_strings.c:175:0: style: The function 'testEqualStringArrays' is never used. [unusedFunction]

^
external/unity/test/tests/test_unity_strings.c:264:0: style: The function 'testEqualStringEachEqual' is never used. [unusedFunction]

^
external/unity/test/tests/test_unity_strings.c:36:0: style: The function 'testEqualStrings' is never used. [unusedFunction]

^
external/unity/test/tests/test_unity_strings.c:47:0: style: The function 'testEqualStringsLen' is never used. [unusedFunction]

^
external/unity/test/tests/test_unity_strings.c:57:0: style: The function 'testEqualStringsWithCarriageReturnsAndLineFeeds' is never used. [unusedFunction]

^
external/unity/test/tests/test_unity_integers.c:659:0: style: The function 'testEqualUChars' is never used. [unusedFunction]

^
external/unity/test/tests/test_unity_arrays.c:2250:0: style: The function 'testEqualUINT16Arrays' is never used. [unusedFunction]

^
external/unity/test/tests/test_unity_arrays.c:2555:0: style: The function 'testEqualUINT16EachEqual' is never used. [unusedFunction]

^
external/unity/test/tests/test_unity_arrays.c:2294:0: style: The function 'testEqualUINT32Arrays' is never used. [unusedFunction]

^
external/unity/test/tests/test_unity_arrays.c:2596:0: style: The function 'testEqualUINT32EachEqual' is never used. [unusedFunction]

^
external/unity/test/tests/test_unity_arrays.c:2205:0: style: The function 'testEqualUINT8Arrays' is never used. [unusedFunction]

^
external/unity/test/tests/test_unity_arrays.c:2514:0: style: The function 'testEqualUINT8EachEqual' is never used. [unusedFunction]

^
external/unity/test/tests/test_unity_arrays.c:2026:0: style: The function 'testEqualUIntArrays' is never used. [unusedFunction]

^
external/unity/test/tests/test_unity_arrays.c:2070:0: style: The function 'testEqualUIntEachEqual' is never used. [unusedFunction]

^
external/unity/test/tests/test_unity_integers.c:639:0: style: The function 'testEqualUInts' is never used. [unusedFunction]

^
external/unity/test/tests/test_unity_integers.c:619:0: style: The function 'testEqualUShorts' is never used. [unusedFunction]

^
external/unity/test/tests/test_unity_integers.c:400:0: style: The function 'testEqualUint16s' is never used. [unusedFunction]

^
external/unity/test/tests/test_unity_integers.c:419:0: style: The function 'testEqualUint16sWhenThereAreDifferencesOutside16Bits' is never used. [unusedFunction]

^
external/unity/test/tests/test_unity_integers.c:425:0: style: The function 'testEqualUint32s' is never used. [unusedFunction]

^
external/unity/test/tests/test_unity_arrays.c:2819:0: style: The function 'testEqualUint64Arrays' is never used. [unusedFunction]

^
external/unity/test/tests/test_unity_integers_64.c:533:0: style: The function 'testEqualUint64s' is never used. [unusedFunction]

^
external/unity/test/tests/test_unity_integers.c:375:0: style: The function 'testEqualUint8s' is never used. [unusedFunction]

^
external/unity/test/tests/test_unity_integers.c:394:0: style: The function 'testEqualUint8sWhenThereAreDifferencesOutside8Bits' is never used. [unusedFunction]

^
external/unity/test/tests/test_unity_integers.c:354:0: style: The function 'testEqualUints' is never used. [unusedFunction]

^
external/unity/test/tests/test_unity_core.c:189:0: style: The function 'testFail' is never used. [unusedFunction]

^
external/unity/test/tests/test_unity_core.c:290:0: style: The function 'testFailureCountIncrementsAndIsReturnedAtEnd' is never used. [unusedFunction]

^
external/unity/test/tests/test_unity_core.c:129:0: style: The function 'testFalse' is never used. [unusedFunction]

^
external/unity/test/tests/test_unity_floats.c:1025:0: style: The function 'testFloatArraysWithin' is never used. [unusedFunction]

^
external/unity/test/tests/test_unity_floats.c:1050:0: style: The function 'testFloatArraysWithinUnusualDelta' is never used. [unusedFunction]

^
external/unity/test/tests/test_unity_floats.c:779:0: style: The function 'testFloatInfIsNotNan' is never used. [unusedFunction]

^
external/unity/test/tests/test_unity_floats.c:801:0: style: The function 'testFloatIsDeterminate1' is never used. [unusedFunction]

^
external/unity/test/tests/test_unity_floats.c:812:0: style: The function 'testFloatIsDeterminate2' is never used. [unusedFunction]

^
external/unity/test/tests/test_unity_floats.c:739:0: style: The function 'testFloatIsNan1' is never used. [unusedFunction]

^
external/unity/test/tests/test_unity_floats.c:748:0: style: The function 'testFloatIsNan2' is never used. [unusedFunction]

^
external/unity/test/tests/test_unity_floats.c:688:0: style: The function 'testFloatIsNegInf1' is never used. [unusedFunction]

^
external/unity/test/tests/test_unity_floats.c:697:0: style: The function 'testFloatIsNegInf2' is never used. [unusedFunction]

^
external/unity/test/tests/test_unity_floats.c:823:0: style: The function 'testFloatIsNotDeterminate1' is never used. [unusedFunction]

^
external/unity/test/tests/test_unity_floats.c:834:0: style: The function 'testFloatIsNotDeterminate2' is never used. [unusedFunction]

^
external/unity/test/tests/test_unity_floats.c:759:0: style: The function 'testFloatIsNotNan1' is never used. [unusedFunction]

^
external/unity/test/tests/test_unity_floats.c:770:0: style: The function 'testFloatIsNotNan2' is never used. [unusedFunction]

^
external/unity/test/tests/test_unity_floats.c:728:0: style: The function 'testFloatIsNotNegInf' is never used. [unusedFunction]

^
external/unity/test/tests/test_unity_floats.c:708:0: style: The function 'testFloatIsNotPosInf1' is never used. [unusedFunction]

^
external/unity/test/tests/test_unity_floats.c:719:0: style: The function 'testFloatIsNotPosInf2' is never used. [unusedFunction]

^
external/unity/test/tests/test_unity_floats.c:668:0: style: The function 'testFloatIsPosInf1' is never used. [unusedFunction]

^
external/unity/test/tests/test_unity_floats.c:677:0: style: The function 'testFloatIsPosInf2' is never used. [unusedFunction]

^
external/unity/test/tests/test_unity_floats.c:790:0: style: The function 'testFloatNanIsNotInf' is never used. [unusedFunction]

^
external/unity/test/tests/test_unity_floats.c:1210:0: style: The function 'testFloatPrinting' is never used. [unusedFunction]

^
external/unity/test/tests/test_unity_floats.c:1278:0: style: The function 'testFloatPrintingInfinityAndNaN' is never used. [unusedFunction]

^
external/unity/test/tests/test_unity_floats.c:1370:0: style: The function 'testFloatPrintingRandomSamples' is never used. [unusedFunction]

^
external/unity/test/tests/test_unity_floats.c:1259:0: style: The function 'testFloatPrintingRoundTiesToEven' is never used. [unusedFunction]

^
external/unity/test/tests/test_unity_floats.c:845:0: style: The function 'testFloatTraitFailsOnInvalidTrait' is never used. [unusedFunction]

^
external/unity/test/tests/test_unity_floats.c:65:0: style: The function 'testFloatsEqual' is never used. [unusedFunction]

^
external/unity/test/tests/test_unity_floats.c:211:0: style: The function 'testFloatsEqualBothInf' is never used. [unusedFunction]

^
external/unity/test/tests/test_unity_floats.c:146:0: style: The function 'testFloatsEqualBothNaN' is never used. [unusedFunction]

^
external/unity/test/tests/test_unity_floats.c:347:0: style: The function 'testFloatsGreaterOrEqual' is never used. [unusedFunction]

^
external/unity/test/tests/test_unity_floats.c:435:0: style: The function 'testFloatsGreaterOrEqualBothInf' is never used. [unusedFunction]

^
external/unity/test/tests/test_unity_floats.c:444:0: style: The function 'testFloatsGreaterOrEqualBothNegInf' is never used. [unusedFunction]

^
external/unity/test/tests/test_unity_floats.c:360:0: style: The function 'testFloatsGreaterOrEqualInf' is never used. [unusedFunction]

^
external/unity/test/tests/test_unity_floats.c:404:0: style: The function 'testFloatsGreaterOrEqualNanBoth' is never used. [unusedFunction]

^
external/unity/test/tests/test_unity_floats.c:237:0: style: The function 'testFloatsGreaterThan' is never used. [unusedFunction]

^
external/unity/test/tests/test_unity_floats.c:248:0: style: The function 'testFloatsGreaterThanInf' is never used. [unusedFunction]

^
external/unity/test/tests/test_unity_floats.c:562:0: style: The function 'testFloatsLessOrEqual' is never used. [unusedFunction]

^
external/unity/test/tests/test_unity_floats.c:650:0: style: The function 'testFloatsLessOrEqualBothInf' is never used. [unusedFunction]

^
external/unity/test/tests/test_unity_floats.c:659:0: style: The function 'testFloatsLessOrEqualBothNegInf' is never used. [unusedFunction]

^
external/unity/test/tests/test_unity_floats.c:575:0: style: The function 'testFloatsLessOrEqualInf' is never used. [unusedFunction]

^
external/unity/test/tests/test_unity_floats.c:619:0: style: The function 'testFloatsLessOrEqualNanBoth' is never used. [unusedFunction]

^
external/unity/test/tests/test_unity_floats.c:453:0: style: The function 'testFloatsLessThan' is never used. [unusedFunction]

^
external/unity/test/tests/test_unity_floats.c:464:0: style: The function 'testFloatsLessThanInf' is never used. [unusedFunction]

^
external/unity/test/tests/test_unity_floats.c:81:0: style: The function 'testFloatsNotEqual' is never used. [unusedFunction]

^
external/unity/test/tests/test_unity_floats.c:185:0: style: The function 'testFloatsNotEqualActualInf' is never used. [unusedFunction]

^
external/unity/test/tests/test_unity_floats.c:120:0: style: The function 'testFloatsNotEqualActualNaN' is never used. [unusedFunction]

^
external/unity/test/tests/test_unity_floats.c:198:0: style: The function 'testFloatsNotEqualExpectedInf' is never used. [unusedFunction]

^
external/unity/test/tests/test_unity_floats.c:133:0: style: The function 'testFloatsNotEqualExpectedNaN' is never used. [unusedFunction]

^
external/unity/test/tests/test_unity_floats.c:159:0: style: The function 'testFloatsNotEqualInfNaN' is never used. [unusedFunction]

^
external/unity/test/tests/test_unity_floats.c:172:0: style: The function 'testFloatsNotEqualNaNInf' is never used. [unusedFunction]

^
external/unity/test/tests/test_unity_floats.c:94:0: style: The function 'testFloatsNotEqualNegative1' is never used. [unusedFunction]

^
external/unity/test/tests/test_unity_floats.c:107:0: style: The function 'testFloatsNotEqualNegative2' is never used. [unusedFunction]

^
external/unity/test/tests/test_unity_floats.c:224:0: style: The function 'testFloatsNotEqualPlusMinusInf' is never used. [unusedFunction]

^
external/unity/test/tests/test_unity_floats.c:371:0: style: The function 'testFloatsNotGreaterOrEqual' is never used. [unusedFunction]

^
external/unity/test/tests/test_unity_floats.c:413:0: style: The function 'testFloatsNotGreaterOrEqualInfActual' is never used. [unusedFunction]

^
external/unity/test/tests/test_unity_floats.c:382:0: style: The function 'testFloatsNotGreaterOrEqualNanActual' is never used. [unusedFunction]

^
external/unity/test/tests/test_unity_floats.c:393:0: style: The function 'testFloatsNotGreaterOrEqualNanThreshold' is never used. [unusedFunction]

^
external/unity/test/tests/test_unity_floats.c:424:0: style: The function 'testFloatsNotGreaterOrEqualNegInf' is never used. [unusedFunction]

^
external/unity/test/tests/test_unity_floats.c:259:0: style: The function 'testFloatsNotGreaterThan' is never used. [unusedFunction]

^
external/unity/test/tests/test_unity_floats.c:325:0: style: The function 'testFloatsNotGreaterThanBothInf' is never used. [unusedFunction]

^
external/unity/test/tests/test_unity_floats.c:336:0: style: The function 'testFloatsNotGreaterThanBothNegInf' is never used. [unusedFunction]

^
external/unity/test/tests/test_unity_floats.c:303:0: style: The function 'testFloatsNotGreaterThanInfActual' is never used. [unusedFunction]

^
external/unity/test/tests/test_unity_floats.c:270:0: style: The function 'testFloatsNotGreaterThanNanActual' is never used. [unusedFunction]

^
external/unity/test/tests/test_unity_floats.c:292:0: style: The function 'testFloatsNotGreaterThanNanBoth' is never used. [unusedFunction]

^
external/unity/test/tests/test_unity_floats.c:281:0: style: The function 'testFloatsNotGreaterThanNanThreshold' is never used. [unusedFunction]

^
external/unity/test/tests/test_unity_floats.c:314:0: style: The function 'testFloatsNotGreaterThanNegInf' is never used. [unusedFunction]

^
external/unity/test/tests/test_unity_floats.c:586:0: style: The function 'testFloatsNotLessOrEqual' is never used. [unusedFunction]

^
external/unity/test/tests/test_unity_floats.c:628:0: style: The function 'testFloatsNotLessOrEqualInf' is never used. [unusedFunction]

^
external/unity/test/tests/test_unity_floats.c:597:0: style: The function 'testFloatsNotLessOrEqualNanActual' is never used. [unusedFunction]

^
external/unity/test/tests/test_unity_floats.c:608:0: style: The function 'testFloatsNotLessOrEqualNanThreshold' is never used. [unusedFunction]

^
external/unity/test/tests/test_unity_floats.c:639:0: style: The function 'testFloatsNotLessOrEqualNegInf' is never used. [unusedFunction]

^
external/unity/test/tests/test_unity_floats.c:475:0: style: The function 'testFloatsNotLessThan' is never used. [unusedFunction]

^
external/unity/test/tests/test_unity_floats.c:541:0: style: The function 'testFloatsNotLessThanBothInf' is never used. [unusedFunction]

^
external/unity/test/tests/test_unity_floats.c:552:0: style: The function 'testFloatsNotLessThanBothNegInf' is never used. [unusedFunction]

^
external/unity/test/tests/test_unity_floats.c:519:0: style: The function 'testFloatsNotLessThanInf' is never used. [unusedFunction]

^
external/unity/test/tests/test_unity_floats.c:486:0: style: The function 'testFloatsNotLessThanNanActual' is never used. [unusedFunction]

^
external/unity/test/tests/test_unity_floats.c:508:0: style: The function 'testFloatsNotLessThanNanBoth' is never used. [unusedFunction]

^
external/unity/test/tests/test_unity_floats.c:497:0: style: The function 'testFloatsNotLessThanNanThreshold' is never used. [unusedFunction]

^
external/unity/test/tests/test_unity_floats.c:530:0: style: The function 'testFloatsNotLessThanNegInf' is never used. [unusedFunction]

^
external/unity/test/tests/test_unity_floats.c:52:0: style: The function 'testFloatsNotWithinDelta' is never used. [unusedFunction]

^
external/unity/test/tests/test_unity_floats.c:36:0: style: The function 'testFloatsWithinDelta' is never used. [unusedFunction]

^
external/unity/test/tests/test_unity_integers.c:1766:0: style: The function 'testGreaterOrEqual' is never used. [unusedFunction]

^
external/unity/test/tests/test_unity_integers.c:1853:0: style: The function 'testGreaterOrEqualCHAR' is never used. [unusedFunction]

^
external/unity/test/tests/test_unity_integers.c:2085:0: style: The function 'testGreaterOrEqualHEX16' is never used. [unusedFunction]

^
external/unity/test/tests/test_unity_integers.c:2114:0: style: The function 'testGreaterOrEqualHEX32' is never used. [unusedFunction]

^
external/unity/test/tests/test_unity_integers.c:2056:0: style: The function 'testGreaterOrEqualHEX8' is never used. [unusedFunction]

^
external/unity/test/tests/test_unity_integers.c:1795:0: style: The function 'testGreaterOrEqualINT' is never used. [unusedFunction]

^
external/unity/test/tests/test_unity_integers.c:1882:0: style: The function 'testGreaterOrEqualINT16' is never used. [unusedFunction]

^
external/unity/test/tests/test_unity_integers.c:1911:0: style: The function 'testGreaterOrEqualINT32' is never used. [unusedFunction]

^
external/unity/test/tests/test_unity_integers.c:1824:0: style: The function 'testGreaterOrEqualINT8' is never used. [unusedFunction]

^
external/unity/test/tests/test_unity_integers.c:1940:0: style: The function 'testGreaterOrEqualUINT' is never used. [unusedFunction]

^
external/unity/test/tests/test_unity_integers.c:1998:0: style: The function 'testGreaterOrEqualUINT16' is never used. [unusedFunction]

^
external/unity/test/tests/test_unity_integers.c:2027:0: style: The function 'testGreaterOrEqualUINT32' is never used. [unusedFunction]

^
external/unity/test/tests/test_unity_integers.c:1969:0: style: The function 'testGreaterOrEqualUINT8' is never used. [unusedFunction]

^
external/unity/test/tests/test_unity_integers.c:1467:0: style: The function 'testGreaterThan' is never used. [unusedFunction]

^
external/unity/test/tests/test_unity_integers.c:1536:0: style: The function 'testGreaterThanCHAR' is never used. [unusedFunction]

^
external/unity/test/tests/test_unity_integers.c:1720:0: style: The function 'testGreaterThanHEX16' is never used. [unusedFunction]

^
external/unity/test/tests/test_unity_integers.c:1743:0: style: The function 'testGreaterThanHEX32' is never used. [unusedFunction]

^
external/unity/test/tests/test_unity_integers.c:1697:0: style: The function 'testGreaterThanHEX8' is never used. [unusedFunction]

^
external/unity/test/tests/test_unity_integers.c:1490:0: style: The function 'testGreaterThanINT' is never used. [unusedFunction]

^
external/unity/test/tests/test_unity_integers.c:1559:0: style: The function 'testGreaterThanINT16' is never used. [unusedFunction]

^
external/unity/test/tests/test_unity_integers.c:1582:0: style: The function 'testGreaterThanINT32' is never used. [unusedFunction]

^
external/unity/test/tests/test_unity_integers.c:1513:0: style: The function 'testGreaterThanINT8' is never used. [unusedFunction]

^
external/unity/test/tests/test_unity_integers.c:1605:0: style: The function 'testGreaterThanUINT' is never used. [unusedFunction]

^
external/unity/test/tests/test_unity_integers.c:1651:0: style: The function 'testGreaterThanUINT16' is never used. [unusedFunction]

^
external/unity/test/tests/test_unity_integers.c:1674:0: style: The function 'testGreaterThanUINT32' is never used. [unusedFunction]

^
external/unity/test/tests/test_unity_integers.c:1628:0: style: The function 'testGreaterThanUINT8' is never used. [unusedFunction]

^
external/unity/test/tests/test_unity_arrays.c:1439:0: style: The function 'testHEX16ArrayNotWithinDelta' is never used. [unusedFunction]

^
external/unity/test/tests/test_unity_arrays.c:1449:0: style: The function 'testHEX16ArrayNotWithinDeltaAndMessage' is never used. [unusedFunction]

^
external/unity/test/tests/test_unity_arrays.c:1411:0: style: The function 'testHEX16ArrayWithinDelta' is never used. [unusedFunction]

^
external/unity/test/tests/test_unity_arrays.c:1497:0: style: The function 'testHEX16ArrayWithinDeltaActualNull' is never used. [unusedFunction]

^
external/unity/test/tests/test_unity_arrays.c:1506:0: style: The function 'testHEX16ArrayWithinDeltaActualNullAndMessage' is never used. [unusedFunction]

^
external/unity/test/tests/test_unity_arrays.c:1429:0: style: The function 'testHEX16ArrayWithinDeltaAndMessage' is never used. [unusedFunction]

^
external/unity/test/tests/test_unity_arrays.c:1479:0: style: The function 'testHEX16ArrayWithinDeltaExpectedNull' is never used. [unusedFunction]

^
external/unity/test/tests/test_unity_arrays.c:1488:0: style: The function 'testHEX16ArrayWithinDeltaExpectedNullAndMessage' is never used. [unusedFunction]

^
external/unity/test/tests/test_unity_arrays.c:1459:0: style: The function 'testHEX16ArrayWithinDeltaPointless' is never used. [unusedFunction]

^
external/unity/test/tests/test_unity_arrays.c:1469:0: style: The function 'testHEX16ArrayWithinDeltaPointlessAndMessage' is never used. [unusedFunction]

^
external/unity/test/tests/test_unity_arrays.c:1515:0: style: The function 'testHEX16ArrayWithinDeltaSamePointer' is never used. [unusedFunction]

^
external/unity/test/tests/test_unity_arrays.c:1522:0: style: The function 'testHEX16ArrayWithinDeltaSamePointerAndMessage' is never used. [unusedFunction]

^
external/unity/test/tests/test_unity_arrays.c:1421:0: style: The function 'testHEX16ArrayWithinDeltaShouldNotHaveSignIssues' is never used. [unusedFunction]

^
external/unity/test/tests/test_unity_integers.c:872:0: style: The function 'testHEX16sNotWithinDelta' is never used. [unusedFunction]

^
external/unity/test/tests/test_unity_integers.c:879:0: style: The function 'testHEX16sNotWithinDeltaAndCustomMessage' is never used. [unusedFunction]

^
external/unity/test/tests/test_unity_integers.c:843:0: style: The function 'testHEX16sWithinDelta' is never used. [unusedFunction]

^
external/unity/test/tests/test_unity_integers.c:855:0: style: The function 'testHEX16sWithinDeltaAndCustomMessage' is never used. [unusedFunction]

^
external/unity/test/tests/test_unity_integers.c:850:0: style: The function 'testHEX16sWithinDeltaShouldIgnoreSign' is never used. [unusedFunction]

^
external/unity/test/tests/test_unity_integers.c:862:0: style: The function 'testHEX16sWithinDeltaWhenThereAreDifferenceOutsideOf16Bits' is never used. [unusedFunction]

^
external/unity/test/tests/test_unity_integers.c:867:0: style: The function 'testHEX16sWithinDeltaWhenThereAreDifferenceOutsideOf16BitsAndCustomMessage' is never used. [unusedFunction]

^
external/unity/test/tests/test_unity_arrays.c:1320:0: style: The function 'testHEX32ArrayNotWithinDelta' is never used. [unusedFunction]

^
external/unity/test/tests/test_unity_arrays.c:1330:0: style: The function 'testHEX32ArrayNotWithinDeltaAndMessage' is never used. [unusedFunction]

^
external/unity/test/tests/test_unity_arrays.c:1292:0: style: The function 'testHEX32ArrayWithinDelta' is never used. [unusedFunction]

^
external/unity/test/tests/test_unity_arrays.c:1378:0: style: The function 'testHEX32ArrayWithinDeltaActualNull' is never used. [unusedFunction]

^
external/unity/test/tests/test_unity_arrays.c:1387:0: style: The function 'testHEX32ArrayWithinDeltaActualNullAndMessage' is never used. [unusedFunction]

^
external/unity/test/tests/test_unity_arrays.c:1310:0: style: The function 'testHEX32ArrayWithinDeltaAndMessage' is never used. [unusedFunction]

^
external/unity/test/tests/test_unity_arrays.c:1360:0: style: The function 'testHEX32ArrayWithinDeltaExpectedNull' is never used. [unusedFunction]

^
external/unity/test/tests/test_unity_arrays.c:1369:0: style: The function 'testHEX32ArrayWithinDeltaExpectedNullAndMessage' is never used. [unusedFunction]

^
external/unity/test/tests/test_unity_arrays.c:1340:0: style: The function 'testHEX32ArrayWithinDeltaPointless' is never used. [unusedFunction]

^
external/unity/test/tests/test_unity_arrays.c:1350:0: style: The function 'testHEX32ArrayWithinDeltaPointlessAndMessage' is never used. [unusedFunction]

^
external/unity/test/tests/test_unity_arrays.c:1396:0: style: The function 'testHEX32ArrayWithinDeltaSamePointer' is never used. [unusedFunction]

^
external/unity/test/tests/test_unity_arrays.c:1403:0: style: The function 'testHEX32ArrayWithinDeltaSamePointerAndMessage' is never used. [unusedFunction]

^
external/unity/test/tests/test_unity_arrays.c:1302:0: style: The function 'testHEX32ArrayWithinDeltaShouldNotHaveSignIssues' is never used. [unusedFunction]

^
external/unity/test/tests/test_unity_integers.c:815:0: style: The function 'testHEX32sNotWithinDelta' is never used. [unusedFunction]

^
external/unity/test/tests/test_unity_integers.c:822:0: style: The function 'testHEX32sNotWithinDeltaAndCustomMessage' is never used. [unusedFunction]

^
external/unity/test/tests/test_unity_integers.c:829:0: style: The function 'testHEX32sNotWithinDeltaEvenThoughASignedIntWouldPass' is never used. [unusedFunction]

^
external/unity/test/tests/test_unity_integers.c:836:0: style: The function 'testHEX32sNotWithinDeltaEvenThoughASignedIntWouldPassAndCustomMessage' is never used. [unusedFunction]

^
external/unity/test/tests/test_unity_integers.c:796:0: style: The function 'testHEX32sWithinDelta' is never used. [unusedFunction]

^
external/unity/test/tests/test_unity_integers.c:808:0: style: The function 'testHEX32sWithinDeltaAndCustomMessage' is never used. [unusedFunction]

^
external/unity/test/tests/test_unity_integers.c:803:0: style: The function 'testHEX32sWithinDeltaShouldIgnoreSign' is never used. [unusedFunction]

^
external/unity/test/tests/test_unity_arrays.c:1162:0: style: The function 'testHEX64ArrayNotWithinDelta' is never used. [unusedFunction]

^
external/unity/test/tests/test_unity_arrays.c:1176:0: style: The function 'testHEX64ArrayNotWithinDeltaAndMessage' is never used. [unusedFunction]

^
external/unity/test/tests/test_unity_arrays.c:1122:0: style: The function 'testHEX64ArrayWithinDelta' is never used. [unusedFunction]

^
external/unity/test/tests/test_unity_arrays.c:1244:0: style: The function 'testHEX64ArrayWithinDeltaActualNull' is never used. [unusedFunction]

^
external/unity/test/tests/test_unity_arrays.c:1257:0: style: The function 'testHEX64ArrayWithinDeltaActualNullAndMessage' is never used. [unusedFunction]

^
external/unity/test/tests/test_unity_arrays.c:1148:0: style: The function 'testHEX64ArrayWithinDeltaAndMessage' is never used. [unusedFunction]

^
external/unity/test/tests/test_unity_arrays.c:1218:0: style: The function 'testHEX64ArrayWithinDeltaExpectedNull' is never used. [unusedFunction]

^
external/unity/test/tests/test_unity_arrays.c:1231:0: style: The function 'testHEX64ArrayWithinDeltaExpectedNullAndMessage' is never used. [unusedFunction]

^
external/unity/test/tests/test_unity_arrays.c:1190:0: style: The function 'testHEX64ArrayWithinDeltaPointless' is never used. [unusedFunction]

^
external/unity/test/tests/test_unity_arrays.c:1204:0: style: The function 'testHEX64ArrayWithinDeltaPointlessAndMessage' is never used. [unusedFunction]

^
external/unity/test/tests/test_unity_arrays.c:1270:0: style: The function 'testHEX64ArrayWithinDeltaSamePointer' is never used. [unusedFunction]

^
external/unity/test/tests/test_unity_arrays.c:1281:0: style: The function 'testHEX64ArrayWithinDeltaSamePointerAndMessage' is never used. [unusedFunction]

^
external/unity/test/tests/test_unity_arrays.c:1136:0: style: The function 'testHEX64ArrayWithinDeltaShouldNotHaveSignIssues' is never used. [unusedFunction]

^
external/unity/test/tests/test_unity_integers_64.c:664:0: style: The function 'testHEX64sNotWithinDelta' is never used. [unusedFunction]

^
external/unity/test/tests/test_unity_integers_64.c:675:0: style: The function 'testHEX64sNotWithinDeltaEvenThoughASignedIntWouldPass' is never used. [unusedFunction]

^
external/unity/test/tests/test_unity_integers_64.c:644:0: style: The function 'testHEX64sWithinDelta' is never used. [unusedFunction]

^
external/unity/test/tests/test_unity_arrays.c:1549:0: style: The function 'testHEX8ArrayNotWithinDelta' is never used. [unusedFunction]

^
external/unity/test/tests/test_unity_arrays.c:1567:0: style: The function 'testHEX8ArrayNotWithinDeltaAndMessage' is never used. [unusedFunction]

^
external/unity/test/tests/test_unity_arrays.c:1529:0: style: The function 'testHEX8ArrayWithinDelta' is never used. [unusedFunction]

^
external/unity/test/tests/test_unity_arrays.c:1615:0: style: The function 'testHEX8ArrayWithinDeltaActualNull' is never used. [unusedFunction]

^
external/unity/test/tests/test_unity_arrays.c:1624:0: style: The function 'testHEX8ArrayWithinDeltaActualNullAndMessage' is never used. [unusedFunction]

^
external/unity/test/tests/test_unity_arrays.c:1539:0: style: The function 'testHEX8ArrayWithinDeltaAndMessage' is never used. [unusedFunction]

^
external/unity/test/tests/test_unity_arrays.c:1597:0: style: The function 'testHEX8ArrayWithinDeltaExpectedNull' is never used. [unusedFunction]

^
external/unity/test/tests/test_unity_arrays.c:1606:0: style: The function 'testHEX8ArrayWithinDeltaExpectedNullAndMessage' is never used. [unusedFunction]

^
external/unity/test/tests/test_unity_arrays.c:1577:0: style: The function 'testHEX8ArrayWithinDeltaPointless' is never used. [unusedFunction]

^
external/unity/test/tests/test_unity_arrays.c:1587:0: style: The function 'testHEX8ArrayWithinDeltaPointlessAndMessage' is never used. [unusedFunction]

^
external/unity/test/tests/test_unity_arrays.c:1633:0: style: The function 'testHEX8ArrayWithinDeltaSamePointer' is never used. [unusedFunction]

^
external/unity/test/tests/test_unity_arrays.c:1640:0: style: The function 'testHEX8ArrayWithinDeltaSamePointerAndMessage' is never used. [unusedFunction]

^
external/unity/test/tests/test_unity_arrays.c:1559:0: style: The function 'testHEX8ArrayWithinDeltaShouldNotHaveSignIssues' is never used. [unusedFunction]

^
external/unity/test/tests/test_unity_integers.c:915:0: style: The function 'testHEX8sNotWithinDelta' is never used. [unusedFunction]

^
external/unity/test/tests/test_unity_integers.c:922:0: style: The function 'testHEX8sNotWithinDeltaAndCustomMessage' is never used. [unusedFunction]

^
external/unity/test/tests/test_unity_integers.c:886:0: style: The function 'testHEX8sWithinDelta' is never used. [unusedFunction]

^
external/unity/test/tests/test_unity_integers.c:898:0: style: The function 'testHEX8sWithinDeltaAndCustomMessage' is never used. [unusedFunction]

^
external/unity/test/tests/test_unity_integers.c:893:0: style: The function 'testHEX8sWithinDeltaShouldIgnoreSign' is never used. [unusedFunction]

^
external/unity/test/tests/test_unity_integers.c:905:0: style: The function 'testHEX8sWithinDeltaWhenThereAreDifferenceOutsideOf8Bits' is never used. [unusedFunction]

^
external/unity/test/tests/test_unity_integers.c:910:0: style: The function 'testHEX8sWithinDeltaWhenThereAreDifferenceOutsideOf8BitsAndCustomMessage' is never used. [unusedFunction]

^
external/unity/test/tests/test_unity_integers.c:2821:0: style: The function 'testHexPrintsUpToMaxNumberOfNibbles' is never used. [unusedFunction]

^
external/unity/test/tests/test_unity_integers.c:1103:0: style: The function 'testINT16sNotWithinDelta' is never used. [unusedFunction]

^
external/unity/test/tests/test_unity_integers.c:1110:0: style: The function 'testINT16sNotWithinDeltaAndCustomMessage' is never used. [unusedFunction]

^
external/unity/test/tests/test_unity_integers.c:1081:0: style: The function 'testINT16sWithinDelta' is never used. [unusedFunction]

^
external/unity/test/tests/test_unity_integers.c:1088:0: style: The function 'testINT16sWithinDeltaAndCustomMessage' is never used. [unusedFunction]

^
external/unity/test/tests/test_unity_integers.c:1093:0: style: The function 'testINT16sWithinDeltaWhenThereAreDifferenceOutsideOf16Bits' is never used. [unusedFunction]

^
external/unity/test/tests/test_unity_integers.c:1098:0: style: The function 'testINT16sWithinDeltaWhenThereAreDifferenceOutsideOf16BitsAndCustomMessage' is never used. [unusedFunction]

^
external/unity/test/tests/test_unity_integers.c:1061:0: style: The function 'testINT32sNotWithinDelta' is never used. [unusedFunction]

^
external/unity/test/tests/test_unity_integers.c:1074:0: style: The function 'testINT32sNotWithinDeltaAndCustomMessage' is never used. [unusedFunction]

^
external/unity/test/tests/test_unity_integers.c:1068:0: style: The function 'testINT32sNotWithinDeltaAndDifferenceOverflows' is never used. [unusedFunction]

^
external/unity/test/tests/test_unity_integers.c:1049:0: style: The function 'testINT32sWithinDelta' is never used. [unusedFunction]

^
external/unity/test/tests/test_unity_integers.c:1056:0: style: The function 'testINT32sWithinDeltaAndCustomMessage' is never used. [unusedFunction]

^
external/unity/test/tests/test_unity_integers_64.c:730:0: style: The function 'testINT64sNotWithinDelta' is never used. [unusedFunction]

^
external/unity/test/tests/test_unity_integers_64.c:741:0: style: The function 'testINT64sNotWithinDeltaAndDifferenceOverflows' is never used. [unusedFunction]

^
external/unity/test/tests/test_unity_integers_64.c:719:0: style: The function 'testINT64sWithinDelta' is never used. [unusedFunction]

^
external/unity/test/tests/test_unity_integers.c:1139:0: style: The function 'testINT8sNotWithinDelta' is never used. [unusedFunction]

^
external/unity/test/tests/test_unity_integers.c:1146:0: style: The function 'testINT8sNotWithinDeltaAndCustomMessage' is never used. [unusedFunction]

^
external/unity/test/tests/test_unity_integers.c:1117:0: style: The function 'testINT8sWithinDelta' is never used. [unusedFunction]

^
external/unity/test/tests/test_unity_integers.c:1124:0: style: The function 'testINT8sWithinDeltaAndCustomMessage' is never used. [unusedFunction]

^
external/unity/test/tests/test_unity_integers.c:1129:0: style: The function 'testINT8sWithinDeltaWhenThereAreDifferenceOutsideOf8Bits' is never used. [unusedFunction]

^
external/unity/test/tests/test_unity_integers.c:1134:0: style: The function 'testINT8sWithinDeltaWhenThereAreDifferenceOutsideOf8BitsAndCustomMessage' is never used. [unusedFunction]

^
external/unity/test/tests/test_unity_core.c:250:0: style: The function 'testIgnore' is never used. [unusedFunction]

^
external/unity/test/tests/test_unity_core.c:258:0: style: The function 'testIgnoreMessage' is never used. [unusedFunction]

^
external/unity/test/tests/test_unity_core.c:284:0: style: The function 'testIgnoredAndThenFailInTearDown' is never used. [unusedFunction]

^
external/unity/test/tests/test_unity_arrays.c:324:0: style: The function 'testInt16ArrayNotWithinDelta' is never used. [unusedFunction]

^
external/unity/test/tests/test_unity_arrays.c:334:0: style: The function 'testInt16ArrayNotWithinDeltaAndMessage' is never used. [unusedFunction]

^
external/unity/test/tests/test_unity_arrays.c:304:0: style: The function 'testInt16ArrayWithinDelta' is never used. [unusedFunction]

^
external/unity/test/tests/test_unity_arrays.c:382:0: style: The function 'testInt16ArrayWithinDeltaActualNull' is never used. [unusedFunction]

^
external/unity/test/tests/test_unity_arrays.c:391:0: style: The function 'testInt16ArrayWithinDeltaActualNullAndMessage' is never used. [unusedFunction]

^
external/unity/test/tests/test_unity_arrays.c:314:0: style: The function 'testInt16ArrayWithinDeltaAndMessage' is never used. [unusedFunction]

^
external/unity/test/tests/test_unity_arrays.c:364:0: style: The function 'testInt16ArrayWithinDeltaExpectedNull' is never used. [unusedFunction]

^
external/unity/test/tests/test_unity_arrays.c:373:0: style: The function 'testInt16ArrayWithinDeltaExpectedNullAndMessage' is never used. [unusedFunction]

^
external/unity/test/tests/test_unity_arrays.c:344:0: style: The function 'testInt16ArrayWithinDeltaPointless' is never used. [unusedFunction]

^
external/unity/test/tests/test_unity_arrays.c:354:0: style: The function 'testInt16ArrayWithinDeltaPointlessAndMessage' is never used. [unusedFunction]

^
external/unity/test/tests/test_unity_arrays.c:400:0: style: The function 'testInt16ArrayWithinDeltaSamePointer' is never used. [unusedFunction]

^
external/unity/test/tests/test_unity_arrays.c:407:0: style: The function 'testInt16ArrayWithinDeltaSamePointerAndMessage' is never used. [unusedFunction]

^
external/unity/test/tests/test_unity_arrays.c:78:0: style: The function 'testInt64ArrayNotWithinDeltaAndMessage' is never used. [unusedFunction]

^
external/unity/test/tests/test_unity_arrays.c:36:0: style: The function 'testInt64ArrayWithinDelta' is never used. [unusedFunction]

^
external/unity/test/tests/test_unity_arrays.c:146:0: style: The function 'testInt64ArrayWithinDeltaActualNull' is never used. [unusedFunction]

^
external/unity/test/tests/test_unity_arrays.c:159:0: style: The function 'testInt64ArrayWithinDeltaActualNullAndMessage' is never used. [unusedFunction]

^
external/unity/test/tests/test_unity_arrays.c:50:0: style: The function 'testInt64ArrayWithinDeltaAndMessage' is never used. [unusedFunction]

^
external/unity/test/tests/test_unity_arrays.c:120:0: style: The function 'testInt64ArrayWithinDeltaExpectedNull' is never used. [unusedFunction]

^
external/unity/test/tests/test_unity_arrays.c:133:0: style: The function 'testInt64ArrayWithinDeltaExpectedNullAndMessage' is never used. [unusedFunction]

^
external/unity/test/tests/test_unity_arrays.c:92:0: style: The function 'testInt64ArrayWithinDeltaPointless' is never used. [unusedFunction]

^
external/unity/test/tests/test_unity_arrays.c:106:0: style: The function 'testInt64ArrayWithinDeltaPointlessAndMessage' is never used. [unusedFunction]

^
external/unity/test/tests/test_unity_arrays.c:172:0: style: The function 'testInt64ArrayWithinDeltaSamePointer' is never used. [unusedFunction]

^
external/unity/test/tests/test_unity_arrays.c:183:0: style: The function 'testInt64ArrayWithinDeltaSamePointerAndMessage' is never used. [unusedFunction]

^
external/unity/test/tests/test_unity_arrays.c:434:0: style: The function 'testInt8ArrayNotWithinDelta' is never used. [unusedFunction]

^
external/unity/test/tests/test_unity_arrays.c:444:0: style: The function 'testInt8ArrayNotWithinDeltaAndMessage' is never used. [unusedFunction]

^
external/unity/test/tests/test_unity_arrays.c:414:0: style: The function 'testInt8ArrayWithinDelta' is never used. [unusedFunction]

^
external/unity/test/tests/test_unity_arrays.c:492:0: style: The function 'testInt8ArrayWithinDeltaActualNull' is never used. [unusedFunction]

^
external/unity/test/tests/test_unity_arrays.c:501:0: style: The function 'testInt8ArrayWithinDeltaActualNullAndMessage' is never used. [unusedFunction]

^
external/unity/test/tests/test_unity_arrays.c:424:0: style: The function 'testInt8ArrayWithinDeltaAndMessage' is never used. [unusedFunction]

^
external/unity/test/tests/test_unity_arrays.c:474:0: style: The function 'testInt8ArrayWithinDeltaExpectedNull' is never used. [unusedFunction]

^
external/unity/test/tests/test_unity_arrays.c:483:0: style: The function 'testInt8ArrayWithinDeltaExpectedNullAndMessage' is never used. [unusedFunction]

^
external/unity/test/tests/test_unity_arrays.c:454:0: style: The function 'testInt8ArrayWithinDeltaPointless' is never used. [unusedFunction]

^
external/unity/test/tests/test_unity_arrays.c:464:0: style: The function 'testInt8ArrayWithinDeltaPointlessAndMessage' is never used. [unusedFunction]

^
external/unity/test/tests/test_unity_arrays.c:510:0: style: The function 'testInt8ArrayWithinDeltaSamePointer' is never used. [unusedFunction]

^
external/unity/test/tests/test_unity_arrays.c:517:0: style: The function 'testInt8ArrayWithinDeltaSamePointerAndMessage' is never used. [unusedFunction]

^
external/unity/test/tests/test_unity_arrays.c:214:0: style: The function 'testIntArrayNotWithinDelta' is never used. [unusedFunction]

^
external/unity/test/tests/test_unity_arrays.c:224:0: style: The function 'testIntArrayNotWithinDeltaAndMessage' is never used. [unusedFunction]

^
external/unity/test/tests/test_unity_arrays.c:194:0: style: The function 'testIntArrayWithinDelta' is never used. [unusedFunction]

^
external/unity/test/tests/test_unity_arrays.c:272:0: style: The function 'testIntArrayWithinDeltaActualNull' is never used. [unusedFunction]

^
external/unity/test/tests/test_unity_arrays.c:281:0: style: The function 'testIntArrayWithinDeltaActualNullAndMessage' is never used. [unusedFunction]

^
external/unity/test/tests/test_unity_arrays.c:204:0: style: The function 'testIntArrayWithinDeltaAndMessage' is never used. [unusedFunction]

^
external/unity/test/tests/test_unity_arrays.c:254:0: style: The function 'testIntArrayWithinDeltaExpectedNull' is never used. [unusedFunction]

^
external/unity/test/tests/test_unity_arrays.c:263:0: style: The function 'testIntArrayWithinDeltaExpectedNullAndMessage' is never used. [unusedFunction]

^
external/unity/test/tests/test_unity_arrays.c:234:0: style: The function 'testIntArrayWithinDeltaPointless' is never used. [unusedFunction]

^
external/unity/test/tests/test_unity_arrays.c:244:0: style: The function 'testIntArrayWithinDeltaPointlessAndMessage' is never used. [unusedFunction]

^
external/unity/test/tests/test_unity_arrays.c:290:0: style: The function 'testIntArrayWithinDeltaSamePointer' is never used. [unusedFunction]

^
external/unity/test/tests/test_unity_arrays.c:297:0: style: The function 'testIntArrayWithinDeltaSamePointerAndMessage' is never used. [unusedFunction]

^
external/unity/test/tests/test_unity_integers.c:726:0: style: The function 'testIntsNotWithinDelta' is never used. [unusedFunction]

^
external/unity/test/tests/test_unity_integers.c:733:0: style: The function 'testIntsNotWithinDeltaAndCustomMessage' is never used. [unusedFunction]

^
external/unity/test/tests/test_unity_integers.c:702:0: style: The function 'testIntsWithinDelta' is never used. [unusedFunction]

^
external/unity/test/tests/test_unity_integers.c:714:0: style: The function 'testIntsWithinDeltaAndCustomMessage' is never used. [unusedFunction]

^
external/unity/test/tests/test_unity_core.c:223:0: style: The function 'testIsEmpty' is never used. [unusedFunction]

^
external/unity/test/tests/test_unity_core.c:232:0: style: The function 'testIsEmptyShouldFailIfNot' is never used. [unusedFunction]

^
external/unity/test/tests/test_unity_core.c:196:0: style: The function 'testIsNull' is never used. [unusedFunction]

^
external/unity/test/tests/test_unity_core.c:205:0: style: The function 'testIsNullShouldFailIfNot' is never used. [unusedFunction]

^
external/unity/test/tests/test_unity_integers.c:2444:0: style: The function 'testLessOrEqual' is never used. [unusedFunction]

^
external/unity/test/tests/test_unity_integers.c:2531:0: style: The function 'testLessOrEqualCHAR' is never used. [unusedFunction]

^
external/unity/test/tests/test_unity_integers.c:2763:0: style: The function 'testLessOrEqualHEX16' is never used. [unusedFunction]

^
external/unity/test/tests/test_unity_integers.c:2792:0: style: The function 'testLessOrEqualHEX32' is never used. [unusedFunction]

^
external/unity/test/tests/test_unity_integers.c:2734:0: style: The function 'testLessOrEqualHEX8' is never used. [unusedFunction]

^
external/unity/test/tests/test_unity_integers.c:2473:0: style: The function 'testLessOrEqualINT' is never used. [unusedFunction]

^
external/unity/test/tests/test_unity_integers.c:2560:0: style: The function 'testLessOrEqualINT16' is never used. [unusedFunction]

^
external/unity/test/tests/test_unity_integers.c:2589:0: style: The function 'testLessOrEqualINT32' is never used. [unusedFunction]

^
external/unity/test/tests/test_unity_integers.c:2502:0: style: The function 'testLessOrEqualINT8' is never used. [unusedFunction]

^
external/unity/test/tests/test_unity_integers.c:2618:0: style: The function 'testLessOrEqualUINT' is never used. [unusedFunction]

^
external/unity/test/tests/test_unity_integers.c:2676:0: style: The function 'testLessOrEqualUINT16' is never used. [unusedFunction]

^
external/unity/test/tests/test_unity_integers.c:2705:0: style: The function 'testLessOrEqualUINT32' is never used. [unusedFunction]

^
external/unity/test/tests/test_unity_integers.c:2647:0: style: The function 'testLessOrEqualUINT8' is never used. [unusedFunction]

^
external/unity/test/tests/test_unity_integers.c:2145:0: style: The function 'testLessThan' is never used. [unusedFunction]

^
external/unity/test/tests/test_unity_integers.c:2214:0: style: The function 'testLessThanCHAR' is never used. [unusedFunction]

^
external/unity/test/tests/test_unity_integers.c:2398:0: style: The function 'testLessThanHEX16' is never used. [unusedFunction]

^
external/unity/test/tests/test_unity_integers.c:2421:0: style: The function 'testLessThanHEX32' is never used. [unusedFunction]

^
external/unity/test/tests/test_unity_integers.c:2375:0: style: The function 'testLessThanHEX8' is never used. [unusedFunction]

^
external/unity/test/tests/test_unity_integers.c:2168:0: style: The function 'testLessThanINT' is never used. [unusedFunction]

^
external/unity/test/tests/test_unity_integers.c:2237:0: style: The function 'testLessThanINT16' is never used. [unusedFunction]

^
external/unity/test/tests/test_unity_integers.c:2260:0: style: The function 'testLessThanINT32' is never used. [unusedFunction]

^
external/unity/test/tests/test_unity_integers.c:2191:0: style: The function 'testLessThanINT8' is never used. [unusedFunction]

^
external/unity/test/tests/test_unity_integers.c:2283:0: style: The function 'testLessThanUINT' is never used. [unusedFunction]

^
external/unity/test/tests/test_unity_integers.c:2329:0: style: The function 'testLessThanUINT16' is never used. [unusedFunction]

^
external/unity/test/tests/test_unity_integers.c:2352:0: style: The function 'testLessThanUINT32' is never used. [unusedFunction]

^
external/unity/test/tests/test_unity_integers.c:2306:0: style: The function 'testLessThanUINT8' is never used. [unusedFunction]

^
external/unity/test/tests/test_unity_core.c:113:0: style: The function 'testMessageShouldDisplayMessageWithoutEndingAndGoOnToFail' is never used. [unusedFunction]

^
external/unity/test/tests/test_unity_core.c:106:0: style: The function 'testMessageShouldDisplayMessageWithoutEndingAndGoOnToPass' is never used. [unusedFunction]

^
external/unity/test/tests/test_unity_core.c:241:0: style: The function 'testNotEmptyShouldFailIfEmpty' is never used. [unusedFunction]

^
external/unity/test/tests/test_unity_integers.c:444:0: style: The function 'testNotEqual' is never used. [unusedFunction]

^
external/unity/test/tests/test_unity_integers.c:559:0: style: The function 'testNotEqualBitHigh' is never used. [unusedFunction]

^
external/unity/test/tests/test_unity_integers.c:568:0: style: The function 'testNotEqualBitLow' is never used. [unusedFunction]

^
external/unity/test/tests/test_unity_integers.c:73:0: style: The function 'testNotEqualBits' is never used. [unusedFunction]

^
external/unity/test/tests/test_unity_integers.c:577:0: style: The function 'testNotEqualBitsHigh' is never used. [unusedFunction]

^
external/unity/test/tests/test_unity_integers.c:588:0: style: The function 'testNotEqualBitsLow' is never used. [unusedFunction]

^
external/unity/test/tests/test_unity_integers.c:1235:0: style: The function 'testNotEqualCHAR' is never used. [unusedFunction]

^
external/unity/test/tests/test_unity_arrays.c:1993:0: style: The function 'testNotEqualCHARArrays' is never used. [unusedFunction]

^
external/unity/test/tests/test_unity_arrays.c:2017:0: style: The function 'testNotEqualCHAREachEqual' is never used. [unusedFunction]

^
external/unity/test/tests/test_unity_integers.c:50:0: style: The function 'testNotEqualChars' is never used. [unusedFunction]

^
external/unity/test/tests/test_unity_doubles.c:905:0: style: The function 'testNotEqualDoubleArrays1' is never used. [unusedFunction]

^
external/unity/test/tests/test_unity_doubles.c:919:0: style: The function 'testNotEqualDoubleArrays2' is never used. [unusedFunction]

^
external/unity/test/tests/test_unity_doubles.c:933:0: style: The function 'testNotEqualDoubleArrays3' is never used. [unusedFunction]

^
external/unity/test/tests/test_unity_doubles.c:891:0: style: The function 'testNotEqualDoubleArraysActualNull' is never used. [unusedFunction]

^
external/unity/test/tests/test_unity_doubles.c:877:0: style: The function 'testNotEqualDoubleArraysExpectedNull' is never used. [unusedFunction]

^
external/unity/test/tests/test_unity_doubles.c:1013:0: style: The function 'testNotEqualDoubleArraysLengthZero' is never used. [unusedFunction]

^
external/unity/test/tests/test_unity_doubles.c:947:0: style: The function 'testNotEqualDoubleArraysNegative1' is never used. [unusedFunction]

^
external/unity/test/tests/test_unity_doubles.c:961:0: style: The function 'testNotEqualDoubleArraysNegative2' is never used. [unusedFunction]

^
external/unity/test/tests/test_unity_doubles.c:975:0: style: The function 'testNotEqualDoubleArraysNegative3' is never used. [unusedFunction]

^
external/unity/test/tests/test_unity_doubles.c:1099:0: style: The function 'testNotEqualDoubleEachEqual1' is never used. [unusedFunction]

^
external/unity/test/tests/test_unity_doubles.c:1112:0: style: The function 'testNotEqualDoubleEachEqual2' is never used. [unusedFunction]

^
external/unity/test/tests/test_unity_doubles.c:1125:0: style: The function 'testNotEqualDoubleEachEqual3' is never used. [unusedFunction]

^
external/unity/test/tests/test_unity_doubles.c:1086:0: style: The function 'testNotEqualDoubleEachEqualActualNull' is never used. [unusedFunction]

^
external/unity/test/tests/test_unity_doubles.c:1199:0: style: The function 'testNotEqualDoubleEachEqualLengthZero' is never used. [unusedFunction]

^
external/unity/test/tests/test_unity_doubles.c:1138:0: style: The function 'testNotEqualDoubleEachEqualNegative1' is never used. [unusedFunction]

^
external/unity/test/tests/test_unity_doubles.c:1151:0: style: The function 'testNotEqualDoubleEachEqualNegative2' is never used. [unusedFunction]

^
external/unity/test/tests/test_unity_doubles.c:1164:0: style: The function 'testNotEqualDoubleEachEqualNegative3' is never used. [unusedFunction]

^
external/unity/test/tests/test_unity_arrays.c:1772:0: style: The function 'testNotEqualEachEqualLengthZero' is never used. [unusedFunction]

^
external/unity/test/tests/test_unity_floats.c:903:0: style: The function 'testNotEqualFloatArrays1' is never used. [unusedFunction]

^
external/unity/test/tests/test_unity_floats.c:917:0: style: The function 'testNotEqualFloatArrays2' is never used. [unusedFunction]

^
external/unity/test/tests/test_unity_floats.c:931:0: style: The function 'testNotEqualFloatArrays3' is never used. [unusedFunction]

^
external/unity/test/tests/test_unity_floats.c:889:0: style: The function 'testNotEqualFloatArraysActualNull' is never used. [unusedFunction]

^
external/unity/test/tests/test_unity_floats.c:875:0: style: The function 'testNotEqualFloatArraysExpectedNull' is never used. [unusedFunction]

^
external/unity/test/tests/test_unity_floats.c:1011:0: style: The function 'testNotEqualFloatArraysLengthZero' is never used. [unusedFunction]

^
external/unity/test/tests/test_unity_floats.c:945:0: style: The function 'testNotEqualFloatArraysNegative1' is never used. [unusedFunction]

^
external/unity/test/tests/test_unity_floats.c:959:0: style: The function 'testNotEqualFloatArraysNegative2' is never used. [unusedFunction]

^
external/unity/test/tests/test_unity_floats.c:973:0: style: The function 'testNotEqualFloatArraysNegative3' is never used. [unusedFunction]

^
external/unity/test/tests/test_unity_floats.c:1097:0: style: The function 'testNotEqualFloatEachEqual1' is never used. [unusedFunction]

^
external/unity/test/tests/test_unity_floats.c:1110:0: style: The function 'testNotEqualFloatEachEqual2' is never used. [unusedFunction]

^
external/unity/test/tests/test_unity_floats.c:1123:0: style: The function 'testNotEqualFloatEachEqual3' is never used. [unusedFunction]

^
external/unity/test/tests/test_unity_floats.c:1084:0: style: The function 'testNotEqualFloatEachEqualActualNull' is never used. [unusedFunction]

^
external/unity/test/tests/test_unity_floats.c:1197:0: style: The function 'testNotEqualFloatEachEqualLengthZero' is never used. [unusedFunction]

^
external/unity/test/tests/test_unity_floats.c:1136:0: style: The function 'testNotEqualFloatEachEqualNegative1' is never used. [unusedFunction]

^
external/unity/test/tests/test_unity_floats.c:1149:0: style: The function 'testNotEqualFloatEachEqualNegative2' is never used. [unusedFunction]

^
external/unity/test/tests/test_unity_floats.c:1162:0: style: The function 'testNotEqualFloatEachEqualNegative3' is never used. [unusedFunction]

^
external/unity/test/tests/test_unity_integers.c:1419:0: style: The function 'testNotEqualHEX16' is never used. [unusedFunction]

^
external/unity/test/tests/test_unity_arrays.c:2440:0: style: The function 'testNotEqualHEX16Arrays1' is never used. [unusedFunction]

^
external/unity/test/tests/test_unity_arrays.c:2450:0: style: The function 'testNotEqualHEX16Arrays2' is never used. [unusedFunction]

^
external/unity/test/tests/test_unity_arrays.c:2460:0: style: The function 'testNotEqualHEX16Arrays3' is never used. [unusedFunction]

^
external/unity/test/tests/test_unity_arrays.c:2733:0: style: The function 'testNotEqualHEX16EachEqual1' is never used. [unusedFunction]

^
external/unity/test/tests/test_unity_arrays.c:2742:0: style: The function 'testNotEqualHEX16EachEqual2' is never used. [unusedFunction]

^
external/unity/test/tests/test_unity_arrays.c:2751:0: style: The function 'testNotEqualHEX16EachEqual3' is never used. [unusedFunction]

^
external/unity/test/tests/test_unity_integers.c:1442:0: style: The function 'testNotEqualHEX32' is never used. [unusedFunction]

^
external/unity/test/tests/test_unity_arrays.c:2396:0: style: The function 'testNotEqualHEX32Arrays1' is never used. [unusedFunction]

^
external/unity/test/tests/test_unity_arrays.c:2406:0: style: The function 'testNotEqualHEX32Arrays2' is never used. [unusedFunction]

^
external/unity/test/tests/test_unity_arrays.c:2416:0: style: The function 'testNotEqualHEX32Arrays3' is never used. [unusedFunction]

^
external/unity/test/tests/test_unity_arrays.c:2692:0: style: The function 'testNotEqualHEX32EachEqual1' is never used. [unusedFunction]

^
external/unity/test/tests/test_unity_arrays.c:2701:0: style: The function 'testNotEqualHEX32EachEqual2' is never used. [unusedFunction]

^
external/unity/test/tests/test_unity_arrays.c:2710:0: style: The function 'testNotEqualHEX32EachEqual3' is never used. [unusedFunction]

^
external/unity/test/tests/test_unity_arrays.c:2856:0: style: The function 'testNotEqualHEX64Arrays1' is never used. [unusedFunction]

^
external/unity/test/tests/test_unity_arrays.c:2870:0: style: The function 'testNotEqualHEX64Arrays2' is never used. [unusedFunction]

^
external/unity/test/tests/test_unity_integers.c:1396:0: style: The function 'testNotEqualHEX8' is never used. [unusedFunction]

^
external/unity/test/tests/test_unity_arrays.c:2484:0: style: The function 'testNotEqualHEX8Arrays1' is never used. [unusedFunction]

^
external/unity/test/tests/test_unity_arrays.c:2494:0: style: The function 'testNotEqualHEX8Arrays2' is never used. [unusedFunction]

^
external/unity/test/tests/test_unity_arrays.c:2504:0: style: The function 'testNotEqualHEX8Arrays3' is never used. [unusedFunction]

^
external/unity/test/tests/test_unity_arrays.c:2774:0: style: The function 'testNotEqualHEX8EachEqual1' is never used. [unusedFunction]

^
external/unity/test/tests/test_unity_arrays.c:2783:0: style: The function 'testNotEqualHEX8EachEqual2' is never used. [unusedFunction]

^
external/unity/test/tests/test_unity_arrays.c:2792:0: style: The function 'testNotEqualHEX8EachEqual3' is never used. [unusedFunction]

^
external/unity/test/tests/test_unity_arrays.c:2352:0: style: The function 'testNotEqualHEXArrays1' is never used. [unusedFunction]

^
external/unity/test/tests/test_unity_arrays.c:2362:0: style: The function 'testNotEqualHEXArrays2' is never used. [unusedFunction]

^
external/unity/test/tests/test_unity_arrays.c:2372:0: style: The function 'testNotEqualHEXArrays3' is never used. [unusedFunction]

^
external/unity/test/tests/test_unity_arrays.c:2651:0: style: The function 'testNotEqualHEXEachEqual1' is never used. [unusedFunction]

^
external/unity/test/tests/test_unity_arrays.c:2660:0: style: The function 'testNotEqualHEXEachEqual2' is never used. [unusedFunction]

^
external/unity/test/tests/test_unity_arrays.c:2669:0: style: The function 'testNotEqualHEXEachEqual3' is never used. [unusedFunction]

^
external/unity/test/tests/test_unity_integers.c:152:0: style: The function 'testNotEqualHex16s' is never used. [unusedFunction]

^
external/unity/test/tests/test_unity_integers.c:164:0: style: The function 'testNotEqualHex16sIfSigned' is never used. [unusedFunction]

^
external/unity/test/tests/test_unity_integers.c:176:0: style: The function 'testNotEqualHex32s' is never used. [unusedFunction]

^
external/unity/test/tests/test_unity_integers.c:188:0: style: The function 'testNotEqualHex32sIfSigned' is never used. [unusedFunction]

^
external/unity/test/tests/test_unity_integers_64.c:580:0: style: The function 'testNotEqualHex64s' is never used. [unusedFunction]

^
external/unity/test/tests/test_unity_integers_64.c:628:0: style: The function 'testNotEqualHex64sIfSigned' is never used. [unusedFunction]

^
external/unity/test/tests/test_unity_integers.c:128:0: style: The function 'testNotEqualHex8s' is never used. [unusedFunction]

^
external/unity/test/tests/test_unity_integers.c:140:0: style: The function 'testNotEqualHex8sIfSigned' is never used. [unusedFunction]

^
external/unity/test/tests/test_unity_integers.c:1189:0: style: The function 'testNotEqualINT' is never used. [unusedFunction]

^
external/unity/test/tests/test_unity_integers.c:1258:0: style: The function 'testNotEqualINT16' is never used. [unusedFunction]

^
external/unity/test/tests/test_unity_integers.c:1281:0: style: The function 'testNotEqualINT32' is never used. [unusedFunction]

^
external/unity/test/tests/test_unity_integers.c:1212:0: style: The function 'testNotEqualINT8' is never used. [unusedFunction]

^
external/unity/test/tests/test_unity_arrays.c:2125:0: style: The function 'testNotEqualInt16Arrays' is never used. [unusedFunction]

^
external/unity/test/tests/test_unity_arrays.c:2149:0: style: The function 'testNotEqualInt16EachEqual' is never used. [unusedFunction]

^
external/unity/test/tests/test_unity_integers.c:57:0: style: The function 'testNotEqualInt16s' is never used. [unusedFunction]

^
external/unity/test/tests/test_unity_arrays.c:2172:0: style: The function 'testNotEqualInt32Arrays' is never used. [unusedFunction]

^
external/unity/test/tests/test_unity_arrays.c:2196:0: style: The function 'testNotEqualInt32EachEqual' is never used. [unusedFunction]

^
external/unity/test/tests/test_unity_integers.c:64:0: style: The function 'testNotEqualInt32s' is never used. [unusedFunction]

^
external/unity/test/tests/test_unity_arrays.c:2898:0: style: The function 'testNotEqualInt64Arrays' is never used. [unusedFunction]

^
external/unity/test/tests/test_unity_integers_64.c:612:0: style: The function 'testNotEqualInt64s' is never used. [unusedFunction]

^
external/unity/test/tests/test_unity_arrays.c:1946:0: style: The function 'testNotEqualInt8Arrays' is never used. [unusedFunction]

^
external/unity/test/tests/test_unity_arrays.c:1970:0: style: The function 'testNotEqualInt8EachEqual' is never used. [unusedFunction]

^
external/unity/test/tests/test_unity_integers.c:43:0: style: The function 'testNotEqualInt8s' is never used. [unusedFunction]

^
external/unity/test/tests/test_unity_arrays.c:1682:0: style: The function 'testNotEqualIntArrays1' is never used. [unusedFunction]

^
external/unity/test/tests/test_unity_arrays.c:1692:0: style: The function 'testNotEqualIntArrays2' is never used. [unusedFunction]

^
external/unity/test/tests/test_unity_arrays.c:1702:0: style: The function 'testNotEqualIntArrays3' is never used. [unusedFunction]

^
external/unity/test/tests/test_unity_arrays.c:1712:0: style: The function 'testNotEqualIntArraysLengthZero' is never used. [unusedFunction]

^
external/unity/test/tests/test_unity_arrays.c:1672:0: style: The function 'testNotEqualIntArraysNullActual' is never used. [unusedFunction]

^
external/unity/test/tests/test_unity_arrays.c:1662:0: style: The function 'testNotEqualIntArraysNullExpected' is never used. [unusedFunction]

^
external/unity/test/tests/test_unity_arrays.c:1745:0: style: The function 'testNotEqualIntEachEqual1' is never used. [unusedFunction]

^
external/unity/test/tests/test_unity_arrays.c:1754:0: style: The function 'testNotEqualIntEachEqual2' is never used. [unusedFunction]

^
external/unity/test/tests/test_unity_arrays.c:1763:0: style: The function 'testNotEqualIntEachEqual3' is never used. [unusedFunction]

^
external/unity/test/tests/test_unity_arrays.c:1736:0: style: The function 'testNotEqualIntEachEqualNullActual' is never used. [unusedFunction]

^
external/unity/test/tests/test_unity_integers.c:36:0: style: The function 'testNotEqualInts' is never used. [unusedFunction]

^
external/unity/test/tests/test_unity_memory.c:48:0: style: The function 'testNotEqualMemory1' is never used. [unusedFunction]

^
external/unity/test/tests/test_unity_memory.c:55:0: style: The function 'testNotEqualMemory2' is never used. [unusedFunction]

^
external/unity/test/tests/test_unity_memory.c:62:0: style: The function 'testNotEqualMemory3' is never used. [unusedFunction]

^
external/unity/test/tests/test_unity_memory.c:69:0: style: The function 'testNotEqualMemory4' is never used. [unusedFunction]

^
external/unity/test/tests/test_unity_memory.c:76:0: style: The function 'testNotEqualMemoryLengthZero' is never used. [unusedFunction]

^
external/unity/test/tests/test_unity_integers.c:695:0: style: The function 'testNotEqualPointers' is never used. [unusedFunction]

^
external/unity/test/tests/test_unity_arrays.c:1822:0: style: The function 'testNotEqualPtrArrays1' is never used. [unusedFunction]

^
external/unity/test/tests/test_unity_arrays.c:1835:0: style: The function 'testNotEqualPtrArrays2' is never used. [unusedFunction]

^
external/unity/test/tests/test_unity_arrays.c:1848:0: style: The function 'testNotEqualPtrArrays3' is never used. [unusedFunction]

^
external/unity/test/tests/test_unity_arrays.c:1810:0: style: The function 'testNotEqualPtrArraysNullActual' is never used. [unusedFunction]

^
external/unity/test/tests/test_unity_arrays.c:1798:0: style: The function 'testNotEqualPtrArraysNullExpected' is never used. [unusedFunction]

^
external/unity/test/tests/test_unity_arrays.c:1899:0: style: The function 'testNotEqualPtrEachEqual1' is never used. [unusedFunction]

^
external/unity/test/tests/test_unity_arrays.c:1910:0: style: The function 'testNotEqualPtrEachEqual2' is never used. [unusedFunction]

^
external/unity/test/tests/test_unity_arrays.c:1921:0: style: The function 'testNotEqualPtrEachEqual3' is never used. [unusedFunction]

^
external/unity/test/tests/test_unity_arrays.c:1889:0: style: The function 'testNotEqualPtrEachEqualNullActual' is never used. [unusedFunction]

^
external/unity/test/tests/test_unity_arrays.c:1878:0: style: The function 'testNotEqualPtrEachEqualNullExpected' is never used. [unusedFunction]

^
external/unity/test/tests/test_unity_strings.c:68:0: style: The function 'testNotEqualString1' is never used. [unusedFunction]

^
external/unity/test/tests/test_unity_strings.c:82:0: style: The function 'testNotEqualString2' is never used. [unusedFunction]

^
external/unity/test/tests/test_unity_strings.c:96:0: style: The function 'testNotEqualString3' is never used. [unusedFunction]

^
external/unity/test/tests/test_unity_strings.c:110:0: style: The function 'testNotEqualString4' is never used. [unusedFunction]

^
external/unity/test/tests/test_unity_strings.c:124:0: style: The function 'testNotEqualString5' is never used. [unusedFunction]

^
external/unity/test/tests/test_unity_strings.c:186:0: style: The function 'testNotEqualStringArray1' is never used. [unusedFunction]

^
external/unity/test/tests/test_unity_strings.c:196:0: style: The function 'testNotEqualStringArray2' is never used. [unusedFunction]

^
external/unity/test/tests/test_unity_strings.c:206:0: style: The function 'testNotEqualStringArray3' is never used. [unusedFunction]

^
external/unity/test/tests/test_unity_strings.c:216:0: style: The function 'testNotEqualStringArray4' is never used. [unusedFunction]

^
external/unity/test/tests/test_unity_strings.c:226:0: style: The function 'testNotEqualStringArray5' is never used. [unusedFunction]

^
external/unity/test/tests/test_unity_strings.c:236:0: style: The function 'testNotEqualStringArray6' is never used. [unusedFunction]

^
external/unity/test/tests/test_unity_strings.c:254:0: style: The function 'testNotEqualStringArrayLengthZero' is never used. [unusedFunction]

^
external/unity/test/tests/test_unity_strings.c:276:0: style: The function 'testNotEqualStringEachEqual1' is never used. [unusedFunction]

^
external/unity/test/tests/test_unity_strings.c:285:0: style: The function 'testNotEqualStringEachEqual2' is never used. [unusedFunction]

^
external/unity/test/tests/test_unity_strings.c:294:0: style: The function 'testNotEqualStringEachEqual3' is never used. [unusedFunction]

^
external/unity/test/tests/test_unity_strings.c:303:0: style: The function 'testNotEqualStringEachEqual4' is never used. [unusedFunction]

^
external/unity/test/tests/test_unity_strings.c:312:0: style: The function 'testNotEqualStringEachEqual5' is never used. [unusedFunction]

^
external/unity/test/tests/test_unity_strings.c:75:0: style: The function 'testNotEqualStringLen1' is never used. [unusedFunction]

^
external/unity/test/tests/test_unity_strings.c:89:0: style: The function 'testNotEqualStringLen2' is never used. [unusedFunction]

^
external/unity/test/tests/test_unity_strings.c:103:0: style: The function 'testNotEqualStringLen3' is never used. [unusedFunction]

^
external/unity/test/tests/test_unity_strings.c:117:0: style: The function 'testNotEqualStringLen4' is never used. [unusedFunction]

^
external/unity/test/tests/test_unity_strings.c:154:0: style: The function 'testNotEqualStringLen_ActualStringIsNull' is never used. [unusedFunction]

^
external/unity/test/tests/test_unity_strings.c:140:0: style: The function 'testNotEqualStringLen_ExpectedStringIsNull' is never used. [unusedFunction]

^
external/unity/test/tests/test_unity_strings.c:168:0: style: The function 'testNotEqualString_ActualStringIsLonger' is never used. [unusedFunction]

^
external/unity/test/tests/test_unity_strings.c:147:0: style: The function 'testNotEqualString_ActualStringIsNull' is never used. [unusedFunction]

^
external/unity/test/tests/test_unity_strings.c:161:0: style: The function 'testNotEqualString_ExpectedStringIsLonger' is never used. [unusedFunction]

^
external/unity/test/tests/test_unity_strings.c:133:0: style: The function 'testNotEqualString_ExpectedStringIsNull' is never used. [unusedFunction]

^
external/unity/test/tests/test_unity_integers.c:1304:0: style: The function 'testNotEqualUINT' is never used. [unusedFunction]

^
external/unity/test/tests/test_unity_integers.c:1350:0: style: The function 'testNotEqualUINT16' is never used. [unusedFunction]

^
external/unity/test/tests/test_unity_arrays.c:2264:0: style: The function 'testNotEqualUINT16Arrays1' is never used. [unusedFunction]

^
external/unity/test/tests/test_unity_arrays.c:2274:0: style: The function 'testNotEqualUINT16Arrays2' is never used. [unusedFunction]

^
external/unity/test/tests/test_unity_arrays.c:2284:0: style: The function 'testNotEqualUINT16Arrays3' is never used. [unusedFunction]

^
external/unity/test/tests/test_unity_arrays.c:2569:0: style: The function 'testNotEqualUINT16EachEqual1' is never used. [unusedFunction]

^
external/unity/test/tests/test_unity_arrays.c:2578:0: style: The function 'testNotEqualUINT16EachEqual2' is never used. [unusedFunction]

^
external/unity/test/tests/test_unity_arrays.c:2587:0: style: The function 'testNotEqualUINT16EachEqual3' is never used. [unusedFunction]

^
external/unity/test/tests/test_unity_integers.c:1373:0: style: The function 'testNotEqualUINT32' is never used. [unusedFunction]

^
external/unity/test/tests/test_unity_arrays.c:2308:0: style: The function 'testNotEqualUINT32Arrays1' is never used. [unusedFunction]

^
external/unity/test/tests/test_unity_arrays.c:2318:0: style: The function 'testNotEqualUINT32Arrays2' is never used. [unusedFunction]

^
external/unity/test/tests/test_unity_arrays.c:2328:0: style: The function 'testNotEqualUINT32Arrays3' is never used. [unusedFunction]

^
external/unity/test/tests/test_unity_arrays.c:2610:0: style: The function 'testNotEqualUINT32EachEqual1' is never used. [unusedFunction]

^
external/unity/test/tests/test_unity_arrays.c:2619:0: style: The function 'testNotEqualUINT32EachEqual2' is never used. [unusedFunction]

^
external/unity/test/tests/test_unity_arrays.c:2628:0: style: The function 'testNotEqualUINT32EachEqual3' is never used. [unusedFunction]

^
external/unity/test/tests/test_unity_integers.c:1327:0: style: The function 'testNotEqualUINT8' is never used. [unusedFunction]

^
external/unity/test/tests/test_unity_arrays.c:2219:0: style: The function 'testNotEqualUINT8Arrays1' is never used. [unusedFunction]

^
external/unity/test/tests/test_unity_arrays.c:2229:0: style: The function 'testNotEqualUINT8Arrays2' is never used. [unusedFunction]

^
external/unity/test/tests/test_unity_arrays.c:2239:0: style: The function 'testNotEqualUINT8Arrays3' is never used. [unusedFunction]

^
external/unity/test/tests/test_unity_arrays.c:2528:0: style: The function 'testNotEqualUINT8EachEqual1' is never used. [unusedFunction]

^
external/unity/test/tests/test_unity_arrays.c:2537:0: style: The function 'testNotEqualUINT8EachEqual2' is never used. [unusedFunction]

^
external/unity/test/tests/test_unity_arrays.c:2546:0: style: The function 'testNotEqualUINT8EachEqual3' is never used. [unusedFunction]

^
external/unity/test/tests/test_unity_integers.c:104:0: style: The function 'testNotEqualUInt16s' is never used. [unusedFunction]

^
external/unity/test/tests/test_unity_integers.c:116:0: style: The function 'testNotEqualUInt32s' is never used. [unusedFunction]

^
external/unity/test/tests/test_unity_integers.c:92:0: style: The function 'testNotEqualUInt8s' is never used. [unusedFunction]

^
external/unity/test/tests/test_unity_arrays.c:2040:0: style: The function 'testNotEqualUIntArrays1' is never used. [unusedFunction]

^
external/unity/test/tests/test_unity_arrays.c:2050:0: style: The function 'testNotEqualUIntArrays2' is never used. [unusedFunction]

^
external/unity/test/tests/test_unity_arrays.c:2060:0: style: The function 'testNotEqualUIntArrays3' is never used. [unusedFunction]

^
external/unity/test/tests/test_unity_arrays.c:2084:0: style: The function 'testNotEqualUIntEachEqual1' is never used. [unusedFunction]

^
external/unity/test/tests/test_unity_arrays.c:2093:0: style: The function 'testNotEqualUIntEachEqual2' is never used. [unusedFunction]

^
external/unity/test/tests/test_unity_arrays.c:2102:0: style: The function 'testNotEqualUIntEachEqual3' is never used. [unusedFunction]

^
external/unity/test/tests/test_unity_integers.c:80:0: style: The function 'testNotEqualUInts' is never used. [unusedFunction]

^
external/unity/test/tests/test_unity_arrays.c:2884:0: style: The function 'testNotEqualUint64Arrays' is never used. [unusedFunction]

^
external/unity/test/tests/test_unity_integers_64.c:596:0: style: The function 'testNotEqualUint64s' is never used. [unusedFunction]

^
external/unity/test/tests/test_unity_core.c:168:0: style: The function 'testNotFalse' is never used. [unusedFunction]

^
external/unity/test/tests/test_unity_integers.c:1788:0: style: The function 'testNotGreaterOrEqual' is never used. [unusedFunction]

^
external/unity/test/tests/test_unity_integers.c:1875:0: style: The function 'testNotGreaterOrEqualCHAR' is never used. [unusedFunction]

^
external/unity/test/tests/test_unity_integers.c:2107:0: style: The function 'testNotGreaterOrEqualHEX16' is never used. [unusedFunction]

^
external/unity/test/tests/test_unity_integers.c:2136:0: style: The function 'testNotGreaterOrEqualHEX32' is never used. [unusedFunction]

^
external/unity/test/tests/test_unity_integers.c:2078:0: style: The function 'testNotGreaterOrEqualHEX8' is never used. [unusedFunction]

^
external/unity/test/tests/test_unity_integers.c:1817:0: style: The function 'testNotGreaterOrEqualINT' is never used. [unusedFunction]

^
external/unity/test/tests/test_unity_integers.c:1904:0: style: The function 'testNotGreaterOrEqualINT16' is never used. [unusedFunction]

^
external/unity/test/tests/test_unity_integers.c:1933:0: style: The function 'testNotGreaterOrEqualINT32' is never used. [unusedFunction]

^
external/unity/test/tests/test_unity_integers.c:1846:0: style: The function 'testNotGreaterOrEqualINT8' is never used. [unusedFunction]

^
external/unity/test/tests/test_unity_integers.c:1962:0: style: The function 'testNotGreaterOrEqualUINT' is never used. [unusedFunction]

^
external/unity/test/tests/test_unity_integers.c:2020:0: style: The function 'testNotGreaterOrEqualUINT16' is never used. [unusedFunction]

^
external/unity/test/tests/test_unity_integers.c:2049:0: style: The function 'testNotGreaterOrEqualUINT32' is never used. [unusedFunction]

^
external/unity/test/tests/test_unity_integers.c:1991:0: style: The function 'testNotGreaterOrEqualUINT8' is never used. [unusedFunction]

^
external/unity/test/tests/test_unity_integers.c:1483:0: style: The function 'testNotGreaterThan' is never used. [unusedFunction]

^
external/unity/test/tests/test_unity_integers.c:1552:0: style: The function 'testNotGreaterThanCHAR' is never used. [unusedFunction]

^
external/unity/test/tests/test_unity_integers.c:1736:0: style: The function 'testNotGreaterThanHEX16' is never used. [unusedFunction]

^
external/unity/test/tests/test_unity_integers.c:1759:0: style: The function 'testNotGreaterThanHEX32' is never used. [unusedFunction]

^
external/unity/test/tests/test_unity_integers.c:1713:0: style: The function 'testNotGreaterThanHEX8' is never used. [unusedFunction]

^
external/unity/test/tests/test_unity_integers.c:1506:0: style: The function 'testNotGreaterThanINT' is never used. [unusedFunction]

^
external/unity/test/tests/test_unity_integers.c:1575:0: style: The function 'testNotGreaterThanINT16' is never used. [unusedFunction]

^
external/unity/test/tests/test_unity_integers.c:1598:0: style: The function 'testNotGreaterThanINT32' is never used. [unusedFunction]

^
external/unity/test/tests/test_unity_integers.c:1529:0: style: The function 'testNotGreaterThanINT8' is never used. [unusedFunction]

^
external/unity/test/tests/test_unity_integers.c:1621:0: style: The function 'testNotGreaterThanUINT' is never used. [unusedFunction]

^
external/unity/test/tests/test_unity_integers.c:1667:0: style: The function 'testNotGreaterThanUINT16' is never used. [unusedFunction]

^
external/unity/test/tests/test_unity_integers.c:1690:0: style: The function 'testNotGreaterThanUINT32' is never used. [unusedFunction]

^
external/unity/test/tests/test_unity_integers.c:1644:0: style: The function 'testNotGreaterThanUINT8' is never used. [unusedFunction]

^
external/unity/test/tests/test_unity_integers.c:2466:0: style: The function 'testNotLessOrEqual' is never used. [unusedFunction]

^
external/unity/test/tests/test_unity_integers.c:2553:0: style: The function 'testNotLessOrEqualCHAR' is never used. [unusedFunction]

^
external/unity/test/tests/test_unity_integers.c:2785:0: style: The function 'testNotLessOrEqualHEX16' is never used. [unusedFunction]

^
external/unity/test/tests/test_unity_integers.c:2814:0: style: The function 'testNotLessOrEqualHEX32' is never used. [unusedFunction]

^
external/unity/test/tests/test_unity_integers.c:2756:0: style: The function 'testNotLessOrEqualHEX8' is never used. [unusedFunction]

^
external/unity/test/tests/test_unity_integers.c:2495:0: style: The function 'testNotLessOrEqualINT' is never used. [unusedFunction]

^
external/unity/test/tests/test_unity_integers.c:2582:0: style: The function 'testNotLessOrEqualINT16' is never used. [unusedFunction]

^
external/unity/test/tests/test_unity_integers.c:2611:0: style: The function 'testNotLessOrEqualINT32' is never used. [unusedFunction]

^
external/unity/test/tests/test_unity_integers.c:2524:0: style: The function 'testNotLessOrEqualINT8' is never used. [unusedFunction]

^
external/unity/test/tests/test_unity_integers.c:2640:0: style: The function 'testNotLessOrEqualUINT' is never used. [unusedFunction]

^
external/unity/test/tests/test_unity_integers.c:2698:0: style: The function 'testNotLessOrEqualUINT16' is never used. [unusedFunction]

^
external/unity/test/tests/test_unity_integers.c:2727:0: style: The function 'testNotLessOrEqualUINT32' is never used. [unusedFunction]

^
external/unity/test/tests/test_unity_integers.c:2669:0: style: The function 'testNotLessOrEqualUINT8' is never used. [unusedFunction]

^
external/unity/test/tests/test_unity_integers.c:2161:0: style: The function 'testNotLessThan' is never used. [unusedFunction]

^
external/unity/test/tests/test_unity_integers.c:2230:0: style: The function 'testNotLessThanCHAR' is never used. [unusedFunction]

^
external/unity/test/tests/test_unity_integers.c:2414:0: style: The function 'testNotLessThanHEX16' is never used. [unusedFunction]

^
external/unity/test/tests/test_unity_integers.c:2437:0: style: The function 'testNotLessThanHEX32' is never used. [unusedFunction]

^
external/unity/test/tests/test_unity_integers.c:2391:0: style: The function 'testNotLessThanHEX8' is never used. [unusedFunction]

^
external/unity/test/tests/test_unity_integers.c:2184:0: style: The function 'testNotLessThanINT' is never used. [unusedFunction]

^
external/unity/test/tests/test_unity_integers.c:2253:0: style: The function 'testNotLessThanINT16' is never used. [unusedFunction]

^
external/unity/test/tests/test_unity_integers.c:2276:0: style: The function 'testNotLessThanINT32' is never used. [unusedFunction]

^
external/unity/test/tests/test_unity_integers.c:2207:0: style: The function 'testNotLessThanINT8' is never used. [unusedFunction]

^
external/unity/test/tests/test_unity_integers.c:2299:0: style: The function 'testNotLessThanUINT' is never used. [unusedFunction]

^
external/unity/test/tests/test_unity_integers.c:2345:0: style: The function 'testNotLessThanUINT16' is never used. [unusedFunction]

^
external/unity/test/tests/test_unity_integers.c:2368:0: style: The function 'testNotLessThanUINT32' is never used. [unusedFunction]

^
external/unity/test/tests/test_unity_integers.c:2322:0: style: The function 'testNotLessThanUINT8' is never used. [unusedFunction]

^
external/unity/test/tests/test_unity_core.c:182:0: style: The function 'testNotNotEqual' is never used. [unusedFunction]

^
external/unity/test/tests/test_unity_integers.c:1251:0: style: The function 'testNotNotEqualCHAR' is never used. [unusedFunction]

^
external/unity/test/tests/test_unity_integers.c:1435:0: style: The function 'testNotNotEqualHEX16' is never used. [unusedFunction]

^
external/unity/test/tests/test_unity_integers.c:1458:0: style: The function 'testNotNotEqualHEX32' is never used. [unusedFunction]

^
external/unity/test/tests/test_unity_integers.c:1412:0: style: The function 'testNotNotEqualHEX8' is never used. [unusedFunction]

^
external/unity/test/tests/test_unity_integers.c:1205:0: style: The function 'testNotNotEqualINT' is never used. [unusedFunction]

^
external/unity/test/tests/test_unity_integers.c:1274:0: style: The function 'testNotNotEqualINT16' is never used. [unusedFunction]

^
external/unity/test/tests/test_unity_integers.c:1297:0: style: The function 'testNotNotEqualINT32' is never used. [unusedFunction]

^
external/unity/test/tests/test_unity_integers.c:1228:0: style: The function 'testNotNotEqualINT8' is never used. [unusedFunction]

^
external/unity/test/tests/test_unity_integers.c:1320:0: style: The function 'testNotNotEqualUINT' is never used. [unusedFunction]

^
external/unity/test/tests/test_unity_integers.c:1366:0: style: The function 'testNotNotEqualUINT16' is never used. [unusedFunction]

^
external/unity/test/tests/test_unity_integers.c:1389:0: style: The function 'testNotNotEqualUINT32' is never used. [unusedFunction]

^
external/unity/test/tests/test_unity_integers.c:1343:0: style: The function 'testNotNotEqualUINT8' is never used. [unusedFunction]

^
external/unity/test/tests/test_unity_core.c:214:0: style: The function 'testNotNullShouldFailIfNULL' is never used. [unusedFunction]

^
external/unity/test/tests/test_unity_core.c:161:0: style: The function 'testNotTrue' is never used. [unusedFunction]

^
external/unity/test/tests/test_unity_core.c:175:0: style: The function 'testNotUnless' is never used. [unusedFunction]

^
external/unity/test/tests/test_unity_core.c:154:0: style: The function 'testNotVanilla' is never used. [unusedFunction]

^
external/unity/test/tests/test_unity_core.c:94:0: style: The function 'testPassShouldEndImmediatelyWithPass' is never used. [unusedFunction]

^
external/unity/test/tests/test_unity_core.c:100:0: style: The function 'testPassShouldEndImmediatelyWithPassAndMessage' is never used. [unusedFunction]

^
external/unity/test/tests/test_unity_core.c:149:0: style: The function 'testPreviousPass' is never used. [unusedFunction]

^
external/unity/test/tests/test_unity_integers.c:2837:0: style: The function 'testPrintNumbers32' is never used. [unusedFunction]

^
external/unity/test/tests/test_unity_integers_64.c:752:0: style: The function 'testPrintNumbersInt64' is never used. [unusedFunction]

^
external/unity/test/tests/test_unity_integers_64.c:768:0: style: The function 'testPrintNumbersUInt64' is never used. [unusedFunction]

^
external/unity/test/tests/test_unity_integers.c:2851:0: style: The function 'testPrintNumbersUnsigned32' is never used. [unusedFunction]

^
external/unity/test/tests/test_unity_core.c:266:0: style: The function 'testProtection' is never used. [unusedFunction]

^
external/unity/test/tests/test_unity_core.c:136:0: style: The function 'testSingleStatement' is never used. [unusedFunction]

^
external/unity/test/tests/test_unity_core.c:320:0: style: The function 'testThatDetailsCanBeHandleOneDetail' is never used. [unusedFunction]

^
external/unity/test/tests/test_unity_core.c:359:0: style: The function 'testThatDetailsCanBeHandleSingleDetailClearingTwoDetails' is never used. [unusedFunction]

^
external/unity/test/tests/test_unity_core.c:346:0: style: The function 'testThatDetailsCanBeHandleTwoDetails' is never used. [unusedFunction]

^
external/unity/test/tests/test_unity_core.c:333:0: style: The function 'testThatDetailsCanHandleTestFail' is never used. [unusedFunction]

^
external/unity/test/tests/test_unity_core.c:122:0: style: The function 'testTrue' is never used. [unusedFunction]

^
external/unity/test/tests/test_unity_integers.c:997:0: style: The function 'testUINT16sNotWithinDelta' is never used. [unusedFunction]

^
external/unity/test/tests/test_unity_integers.c:1004:0: style: The function 'testUINT16sNotWithinDeltaAndCustomMessage' is never used. [unusedFunction]

^
external/unity/test/tests/test_unity_integers.c:973:0: style: The function 'testUINT16sWithinDelta' is never used. [unusedFunction]

^
external/unity/test/tests/test_unity_integers.c:980:0: style: The function 'testUINT16sWithinDeltaAndCustomMessage' is never used. [unusedFunction]

^
external/unity/test/tests/test_unity_integers.c:987:0: style: The function 'testUINT16sWithinDeltaWhenThereAreDifferenceOutsideOf16Bits' is never used. [unusedFunction]

^
external/unity/test/tests/test_unity_integers.c:992:0: style: The function 'testUINT16sWithinDeltaWhenThereAreDifferenceOutsideOf16BitsAndCustomMessage' is never used. [unusedFunction]

^
external/unity/test/tests/test_unity_integers.c:945:0: style: The function 'testUINT32sNotWithinDelta' is never used. [unusedFunction]

^
external/unity/test/tests/test_unity_integers.c:952:0: style: The function 'testUINT32sNotWithinDeltaAndCustomMessage' is never used. [unusedFunction]

^
external/unity/test/tests/test_unity_integers.c:959:0: style: The function 'testUINT32sNotWithinDeltaEvenThoughASignedIntWouldPass' is never used. [unusedFunction]

^
external/unity/test/tests/test_unity_integers.c:966:0: style: The function 'testUINT32sNotWithinDeltaEvenThoughASignedIntWouldPassAndCustomMessage' is never used. [unusedFunction]

^
external/unity/test/tests/test_unity_integers.c:931:0: style: The function 'testUINT32sWithinDelta' is never used. [unusedFunction]

^
external/unity/test/tests/test_unity_integers.c:938:0: style: The function 'testUINT32sWithinDeltaAndCustomMessage' is never used. [unusedFunction]

^
external/unity/test/tests/test_unity_integers_64.c:697:0: style: The function 'testUINT64sNotWithinDelta' is never used. [unusedFunction]

^
external/unity/test/tests/test_unity_integers_64.c:708:0: style: The function 'testUINT64sNotWithinDeltaEvenThoughASignedIntWouldPass' is never used. [unusedFunction]

^
external/unity/test/tests/test_unity_integers_64.c:686:0: style: The function 'testUINT64sWithinDelta' is never used. [unusedFunction]

^
external/unity/test/tests/test_unity_integers.c:1035:0: style: The function 'testUINT8sNotWithinDelta' is never used. [unusedFunction]

^
external/unity/test/tests/test_unity_integers.c:1042:0: style: The function 'testUINT8sNotWithinDeltaAndCustomMessage' is never used. [unusedFunction]

^
external/unity/test/tests/test_unity_integers.c:1011:0: style: The function 'testUINT8sWithinDelta' is never used. [unusedFunction]

^
external/unity/test/tests/test_unity_integers.c:1018:0: style: The function 'testUINT8sWithinDeltaAndCustomMessage' is never used. [unusedFunction]

^
external/unity/test/tests/test_unity_integers.c:1025:0: style: The function 'testUINT8sWithinDeltaWhenThereAreDifferenceOutsideOf8Bits' is never used. [unusedFunction]

^
external/unity/test/tests/test_unity_integers.c:1030:0: style: The function 'testUINT8sWithinDeltaWhenThereAreDifferenceOutsideOf8BitsAndCustomMessage' is never used. [unusedFunction]

^
external/unity/test/tests/test_unity_arrays.c:922:0: style: The function 'testUInt16ArrayNotWithinDelta' is never used. [unusedFunction]

^
external/unity/test/tests/test_unity_arrays.c:932:0: style: The function 'testUInt16ArrayNotWithinDeltaAndMessage' is never used. [unusedFunction]

^
external/unity/test/tests/test_unity_arrays.c:902:0: style: The function 'testUInt16ArrayWithinDelta' is never used. [unusedFunction]

^
external/unity/test/tests/test_unity_arrays.c:980:0: style: The function 'testUInt16ArrayWithinDeltaActualNull' is never used. [unusedFunction]

^
external/unity/test/tests/test_unity_arrays.c:989:0: style: The function 'testUInt16ArrayWithinDeltaActualNullAndMessage' is never used. [unusedFunction]

^
external/unity/test/tests/test_unity_arrays.c:912:0: style: The function 'testUInt16ArrayWithinDeltaAndMessage' is never used. [unusedFunction]

^
external/unity/test/tests/test_unity_arrays.c:962:0: style: The function 'testUInt16ArrayWithinDeltaExpectedNull' is never used. [unusedFunction]

^
external/unity/test/tests/test_unity_arrays.c:971:0: style: The function 'testUInt16ArrayWithinDeltaExpectedNullAndMessage' is never used. [unusedFunction]

^
external/unity/test/tests/test_unity_arrays.c:942:0: style: The function 'testUInt16ArrayWithinDeltaPointless' is never used. [unusedFunction]

^
external/unity/test/tests/test_unity_arrays.c:952:0: style: The function 'testUInt16ArrayWithinDeltaPointlessAndMessage' is never used. [unusedFunction]

^
external/unity/test/tests/test_unity_arrays.c:998:0: style: The function 'testUInt16ArrayWithinDeltaSamePointer' is never used. [unusedFunction]

^
external/unity/test/tests/test_unity_arrays.c:1005:0: style: The function 'testUInt16ArrayWithinDeltaSamePointerAndMessage' is never used. [unusedFunction]

^
external/unity/test/tests/test_unity_arrays.c:662:0: style: The function 'testUInt64ArrayNotWithinDelta' is never used. [unusedFunction]

^
external/unity/test/tests/test_unity_arrays.c:676:0: style: The function 'testUInt64ArrayNotWithinDeltaAndMessage' is never used. [unusedFunction]

^
external/unity/test/tests/test_unity_arrays.c:634:0: style: The function 'testUInt64ArrayWithinDelta' is never used. [unusedFunction]

^
external/unity/test/tests/test_unity_arrays.c:744:0: style: The function 'testUInt64ArrayWithinDeltaActualNull' is never used. [unusedFunction]

^
external/unity/test/tests/test_unity_arrays.c:757:0: style: The function 'testUInt64ArrayWithinDeltaActualNullAndMessage' is never used. [unusedFunction]

^
external/unity/test/tests/test_unity_arrays.c:648:0: style: The function 'testUInt64ArrayWithinDeltaAndMessage' is never used. [unusedFunction]

^
external/unity/test/tests/test_unity_arrays.c:718:0: style: The function 'testUInt64ArrayWithinDeltaExpectedNull' is never used. [unusedFunction]

^
external/unity/test/tests/test_unity_arrays.c:731:0: style: The function 'testUInt64ArrayWithinDeltaExpectedNullAndMessage' is never used. [unusedFunction]

^
external/unity/test/tests/test_unity_arrays.c:690:0: style: The function 'testUInt64ArrayWithinDeltaPointless' is never used. [unusedFunction]

^
external/unity/test/tests/test_unity_arrays.c:704:0: style: The function 'testUInt64ArrayWithinDeltaPointlessAndMessage' is never used. [unusedFunction]

^
external/unity/test/tests/test_unity_arrays.c:770:0: style: The function 'testUInt64ArrayWithinDeltaSamePointer' is never used. [unusedFunction]

^
external/unity/test/tests/test_unity_arrays.c:781:0: style: The function 'testUInt64ArrayWithinDeltaSamePointerAndMessage' is never used. [unusedFunction]

^
external/unity/test/tests/test_unity_arrays.c:1032:0: style: The function 'testUInt8ArrayNotWithinDelta' is never used. [unusedFunction]

^
external/unity/test/tests/test_unity_arrays.c:1042:0: style: The function 'testUInt8ArrayNotWithinDeltaAndMessage' is never used. [unusedFunction]

^
external/unity/test/tests/test_unity_arrays.c:1012:0: style: The function 'testUInt8ArrayWithinDelta' is never used. [unusedFunction]

^
external/unity/test/tests/test_unity_arrays.c:1090:0: style: The function 'testUInt8ArrayWithinDeltaActualNull' is never used. [unusedFunction]

^
external/unity/test/tests/test_unity_arrays.c:1099:0: style: The function 'testUInt8ArrayWithinDeltaActualNullAndMessage' is never used. [unusedFunction]

^
external/unity/test/tests/test_unity_arrays.c:1022:0: style: The function 'testUInt8ArrayWithinDeltaAndMessage' is never used. [unusedFunction]

^
external/unity/test/tests/test_unity_arrays.c:1072:0: style: The function 'testUInt8ArrayWithinDeltaExpectedNull' is never used. [unusedFunction]

^
external/unity/test/tests/test_unity_arrays.c:1081:0: style: The function 'testUInt8ArrayWithinDeltaExpectedNullAndMessage' is never used. [unusedFunction]

^
external/unity/test/tests/test_unity_arrays.c:1052:0: style: The function 'testUInt8ArrayWithinDeltaPointless' is never used. [unusedFunction]

^
external/unity/test/tests/test_unity_arrays.c:1062:0: style: The function 'testUInt8ArrayWithinDeltaPointlessAndMessage' is never used. [unusedFunction]

^
external/unity/test/tests/test_unity_arrays.c:1108:0: style: The function 'testUInt8ArrayWithinDeltaSamePointer' is never used. [unusedFunction]

^
external/unity/test/tests/test_unity_arrays.c:1115:0: style: The function 'testUInt8ArrayWithinDeltaSamePointerAndMessage' is never used. [unusedFunction]

^
external/unity/test/tests/test_unity_arrays.c:812:0: style: The function 'testUIntArrayNotWithinDelta' is never used. [unusedFunction]

^
external/unity/test/tests/test_unity_arrays.c:822:0: style: The function 'testUIntArrayNotWithinDeltaAndMessage' is never used. [unusedFunction]

^
external/unity/test/tests/test_unity_arrays.c:792:0: style: The function 'testUIntArrayWithinDelta' is never used. [unusedFunction]

^
external/unity/test/tests/test_unity_arrays.c:870:0: style: The function 'testUIntArrayWithinDeltaActualNull' is never used. [unusedFunction]

^
external/unity/test/tests/test_unity_arrays.c:879:0: style: The function 'testUIntArrayWithinDeltaActualNullAndMessage' is never used. [unusedFunction]

^
external/unity/test/tests/test_unity_arrays.c:802:0: style: The function 'testUIntArrayWithinDeltaAndMessage' is never used. [unusedFunction]

^
external/unity/test/tests/test_unity_arrays.c:852:0: style: The function 'testUIntArrayWithinDeltaExpectedNull' is never used. [unusedFunction]

^
external/unity/test/tests/test_unity_arrays.c:861:0: style: The function 'testUIntArrayWithinDeltaExpectedNullAndMessage' is never used. [unusedFunction]

^
external/unity/test/tests/test_unity_arrays.c:832:0: style: The function 'testUIntArrayWithinDeltaPointless' is never used. [unusedFunction]

^
external/unity/test/tests/test_unity_arrays.c:842:0: style: The function 'testUIntArrayWithinDeltaPointlessAndMessage' is never used. [unusedFunction]

^
external/unity/test/tests/test_unity_arrays.c:888:0: style: The function 'testUIntArrayWithinDeltaSamePointer' is never used. [unusedFunction]

^
external/unity/test/tests/test_unity_arrays.c:895:0: style: The function 'testUIntArrayWithinDeltaSamePointerAndMessage' is never used. [unusedFunction]

^
external/unity/test/tests/test_unity_integers.c:754:0: style: The function 'testUIntsNotWithinDelta' is never used. [unusedFunction]

^
external/unity/test/tests/test_unity_integers.c:761:0: style: The function 'testUIntsNotWithinDeltaAndCustomMessage' is never used. [unusedFunction]

^
external/unity/test/tests/test_unity_integers.c:782:0: style: The function 'testUIntsNotWithinDeltaEvenThoughASignedIntWouldPassBigFirst' is never used. [unusedFunction]

^
external/unity/test/tests/test_unity_integers.c:789:0: style: The function 'testUIntsNotWithinDeltaEvenThoughASignedIntWouldPassBigFirstAndCustomMessage' is never used. [unusedFunction]

^
external/unity/test/tests/test_unity_integers.c:768:0: style: The function 'testUIntsNotWithinDeltaEvenThoughASignedIntWouldPassSmallFirst' is never used. [unusedFunction]

^
external/unity/test/tests/test_unity_integers.c:775:0: style: The function 'testUIntsNotWithinDeltaEvenThoughASignedIntWouldPassSmallFirstAndCustomMessage' is never used. [unusedFunction]

^
external/unity/test/tests/test_unity_integers.c:740:0: style: The function 'testUIntsWithinDelta' is never used. [unusedFunction]

^
external/unity/test/tests/test_unity_integers.c:747:0: style: The function 'testUIntsWithinDeltaAndCustomMessage' is never used. [unusedFunction]

^
external/unity/test/tests/test_unity_core.c:36:0: style: The function 'testUnitySizeInitializationReminder' is never used. [unusedFunction]

^
external/unity/test/tests/test_unity_arrays.c:2926:0: style: The function 'testVerifyIntFailingPointerComparisonOnZeroLengthArray' is never used. [unusedFunction]

^
external/unity/test/tests/test_unity_arrays.c:2912:0: style: The function 'testVerifyIntPassingPointerComparisonOnZeroLengthArray' is never used. [unusedFunction]

^
external/unity/test/testdata/testRunnerGeneratorSmall.c:48:0: style: The function 'test_ThisTestAlwaysFails' is never used. [unusedFunction]

^
external/unity/test/testdata/testRunnerGeneratorSmall.c:53:0: style: The function 'test_ThisTestAlwaysIgnored' is never used. [unusedFunction]

^
external/unity/test/testdata/testRunnerGeneratorSmall.c:43:0: style: The function 'test_ThisTestAlwaysPasses' is never used. [unusedFunction]

^
external/unity/test/tests/test_unity_parameterizedDemo.c:14:0: style: The function 'test_demoParamFunction' is never used. [unusedFunction]

^
external/unity/extras/memory/src/unity_memory.c:155:0: style: The function 'unity_calloc' is never used. [unusedFunction]

^
external/unity/extras/memory/src/unity_memory.c:138:0: style: The function 'unity_free' is never used. [unusedFunction]

^
external/unity/extras/memory/src/unity_memory.c:163:0: style: The function 'unity_realloc' is never used. [unusedFunction]

^
external/dirent/examples/cat.c:77:0: style: The function 'wmain' is never used. [unusedFunction]

^
nofile:0:0: information: Cppcheck cannot find all the include files (use --check-config for details) [missingInclude]

